[Licensing::Module] Trying to connect to existing licensing client channel...
Built from '6000.4/staging' branch; Version is '6000.4.0f1 (8cf496087c8f) revision 9237654'; Using compiler version '194234433'; Build Type 'Release'
OS: 'Windows 11  (10.0.26100) ProfessionalWorkstation' Language: 'ru' Physical Memory: 32543 MB
BatchMode: 1, IsHumanControllingUs: 0, StartBugReporterOnCrash: 0, Is64bit: 1
System  architecture: x64
Process architecture: x64
[Licensing::IpcConnector] Successfully connected to: "LicenseClient-User" at "2026-03-25T09:15:15.0709312Z"
Date: 2026-03-25T09:15:15Z

COMMAND LINE ARGUMENTS:
C:\Program Files\Unity\Hub\Editor\6000.4.0f1\Editor\Unity.exe
-adb2
-batchMode
-noUpm
-name
AssetImportWorker0
-projectPath
C:/Repos/Zenjex/src/Samples/DevConsole
-logFile
Logs/AssetImportWorker0.log
-srvPort
50237
-licensingIpc
LicenseClient-User
-force-d3d12
-job-worker-count
9
-background-job-worker-count
8
-gc-helper-count
1
-name
AssetImport
Successfully changed project path to: C:/Repos/Zenjex/src/Samples/DevConsole
C:/Repos/Zenjex/src/Samples/DevConsole
[UnityMemory] Configuration Parameters - Can be set up in boot.config
    "memorysetup-temp-allocator-size-gi-baking-worker=262144"
    "memorysetup-temp-allocator-size-gi-baking-worker=262144"
    "memorysetup-temp-allocator-size-gi-baking-worker=262144"
    "memorysetup-temp-allocator-size-gi-baking-worker=262144"
    "memorysetup-temp-allocator-size-gi-baking-worker=262144"
    "memorysetup-temp-allocator-size-nav-mesh-worker=65536"
    "memorysetup-temp-allocator-size-audio-worker=65536"
    "memorysetup-temp-allocator-size-cloud-worker=32768"
    "memorysetup-temp-allocator-size-gfx=262144"
    "memorysetup-temp-allocator-size-preload-manager=33554432"
    "memorysetup-temp-allocator-size-job-worker=262144"
    "memorysetup-temp-allocator-size-background-worker=32768"
    "memorysetup-allocator-temp-initial-block-size-main=262144"
    "memorysetup-allocator-temp-initial-block-size-worker=262144"
    "memorysetup-bucket-allocator-granularity=16"
    "memorysetup-bucket-allocator-bucket-count=8"
    "memorysetup-bucket-allocator-block-size=33554432"
    "memorysetup-bucket-allocator-block-count=8"
    "memorysetup-main-allocator-block-size=16777216"
    "memorysetup-thread-allocator-block-size=16777216"
    "memorysetup-gfx-main-allocator-block-size=16777216"
    "memorysetup-gfx-thread-allocator-block-size=16777216"
    "memorysetup-cache-allocator-block-size=4194304"
    "memorysetup-typetree-allocator-block-size=2097152"
    "memorysetup-profiler-bucket-allocator-granularity=16"
    "memorysetup-profiler-bucket-allocator-bucket-count=8"
    "memorysetup-profiler-bucket-allocator-block-size=33554432"
    "memorysetup-profiler-bucket-allocator-block-count=8"
    "memorysetup-profiler-allocator-block-size=16777216"
    "memorysetup-profiler-editor-allocator-block-size=1048576"
    "memorysetup-temp-allocator-size-main=16777216"
    "memorysetup-job-temp-allocator-block-size=2097152"
    "memorysetup-job-temp-allocator-block-size-background=1048576"
    "memorysetup-job-temp-allocator-reduction-small-platforms=262144"
Player connection [34496]  Target information:

Player connection [34496]  * "[IP] 10.20.52.152 [Port] 0 [Flags] 2 [Guid] 1320618360 [EditorId] 1320618360 [Version] 1048832 [Id] WindowsEditor(7,DESKTOP-JDUDAHE) [Debug] 1 [PackageName] WindowsEditor [ProjectName] Editor" 

Player connection [34496] Host joined multi-casting on [225.0.0.222:54997]...
Player connection [34496] Host joined alternative multi-casting on [225.0.0.222:34997]...
JobSystem: Creating JobQueue using job-worker-count value 9
Input System module state changed to: Initialized.
[Physics::Module] Initialized fallback backend.
[Physics::Module] Id: 0xdecafbad
Library Redirect Path: Library/
[Physics::Module] Selected backend.
[Physics::Module] Name: PhysX
[Physics::Module] Id: 0xf2b8ea05
[Physics::Module] SDK Version: 4.1.2
[Physics::Module] Integration Version: 1.0.0
[Physics::Module] Threading Mode: Multi-Threaded
Refreshing native plugins compatible for Editor in 4.03 ms, found 3 plugins.
Initialize engine version: 6000.4.0f1 (8cf496087c8f)
[Subsystems] Discovering subsystems at path C:/Program Files/Unity/Hub/Editor/6000.4.0f1/Editor/Data/Resources/UnitySubsystems
[Subsystems] Discovering subsystems at path C:/Repos/Zenjex/src/Samples/DevConsole/Assets
Forcing GfxDevice: Direct3D 12
GfxDevice: creating device client; kGfxThreadingModeNonThreaded
[Licensing::Client] Error: HandshakeResponse reported an error:
	ResponseCode: 505
	ResponseStatus: Unsupported protocol version '1.18.1'.
[Licensing::Module] Error: Failed to handshake to channel: "LicenseClient-User"
[Licensing::IpcConnector] LicenseClient-User channel disconnected successfully.
[Licensing::IpcConnector] Successfully connected to: "LicenseClient-User-6000.4.0" at "2026-03-25T09:15:16.2676255Z"
d3d12: failed to query info queue interface (0x80004002).
Direct3D:
    Version:         Direct3D 12 [level 12.2]
    Renderer:        NVIDIA GeForce RTX 4070 Laptop GPU (ID=0x2820)
    Vendor:          NVIDIA
    VRAM:            7948 MB
    App VRAM Budget: 7180 MB
    Driver:          32.0.15.9579
Initialize mono
Mono path[0] = 'C:/Program Files/Unity/Hub/Editor/6000.4.0f1/Editor/Data/Managed'
Mono path[1] = 'C:/Program Files/Unity/Hub/Editor/6000.4.0f1/Editor/Data/MonoBleedingEdge/lib/mono/unityjit-win32'
Mono config path = 'C:/Program Files/Unity/Hub/Editor/6000.4.0f1/Editor/Data/MonoBleedingEdge/etc'
Using monoOptions --debugger-agent=transport=dt_socket,embedding=1,server=y,suspend=n,address=127.0.0.1:56356
CodeReloadManager initialized
Begin MonoManager ReloadAssembly
Registering precompiled unity dll's ...
Register platform support module: C:/Program Files/Unity/Hub/Editor/6000.4.0f1/Editor/Data/PlaybackEngines/WebGLSupport/UnityEditor.WebGL.Extensions.dll
Register platform support module: C:/Program Files/Unity/Hub/Editor/6000.4.0f1/Editor/Data/PlaybackEngines/MacStandaloneSupport/UnityEditor.OSXStandalone.Extensions.dll
[Licensing::Module] Licensing is not yet initialized.
[Licensing::Client] Handshaking with LicensingClient:
  Version:                 1.18.1+9fbee8e
  Session Id:              e5d25d9d02b64e44ac9df9875c2990c6
  Correlation Id:          9beb5b2690b0c1f40048fb6e32771c16
  External correlation Id: 5352555985511865697
  Machine Id:              BVjh6/fJmMGeb49K+i6kyCZyA9E=
[Licensing::Module] Successfully connected to LicensingClient on channel: "LicenseClient-User-6000.4.0" (connect: 0.00s, validation: 0.00s, handshake: 1.26s)
[Licensing::IpcConnector] Successfully connected to: "LicenseClient-User-6000.4.0-notifications" at "2026-03-25T09:15:17.5287981Z"
[Licensing::Module] Licensing Background thread has ended after 2.46s
[Licensing::Module] Licensing is initialized (took 0.22s).
[Licensing::Client] Successfully resolved entitlement details
[Licensing::Module] License group:
  Id: 10171442449779-UnityPersXXXX
  Product: Unity Personal
  Type: Assigned
  Expiration: Unlimited
Register platform support module: C:/Program Files/Unity/Hub/Editor/6000.4.0f1/Editor/Data/PlaybackEngines/VisionOSPlayer/UnityEditor.VisionOS.Extensions.dll
Register platform support module: C:/Program Files/Unity/Hub/Editor/6000.4.0f1/Editor/Data/PlaybackEngines/WindowsStandaloneSupport/UnityEditor.WindowsStandalone.Extensions.dll
[Licensing::Client] Successfully resolved entitlement details
Register platform support module: C:/Program Files/Unity/Hub/Editor/6000.4.0f1/Editor/Data/PlaybackEngines/MetroSupport/UnityEditor.UWP.Extensions.dll
[Licensing::Client] Successfully resolved entitlement details
Register platform support module: C:/Program Files/Unity/Hub/Editor/6000.4.0f1/Editor/Data/PlaybackEngines/AndroidPlayer/UnityEditor.Android.Extensions.dll
Register platform support module: C:/Program Files/Unity/Hub/Editor/6000.4.0f1/Editor/Data/PlaybackEngines/iOSSupport/UnityEditor.iOS.Extensions.dll
Register platform support module: C:/Program Files/Unity/Hub/Editor/6000.4.0f1/Editor/Data/PlaybackEngines/AppleTVSupport/UnityEditor.AppleTV.Extensions.dll
Register platform support module: C:/Program Files/Unity/Hub/Editor/6000.4.0f1/Editor/Data/PlaybackEngines/LinuxStandaloneSupport/UnityEditor.LinuxStandalone.Extensions.dll
Registered in 0.236906 seconds.
Native extension for LinuxStandalone target not found
[usbmuxd] Start listen thread
[usbmuxd] Listen thread started
Native extension for AppleTV target not found
[usbmuxd] Start listen thread
[usbmuxd] Listen thread started
Native extension for iOS target not found
Native extension for Android target not found
Android Extension - Scanning For ADB Devices 283 ms
Native extension for UWP target not found
Native extension for WindowsStandalone target not found
Failed to load: C:/Program Files/Unity/Hub/Editor/6000.4.0f1/Editor/Data/PlaybackEngines/VisionOSPlayer\x64\UnityEditor.VisionOS.Native.dll
Native extension for VisionOS target not found
Native extension for OSXStandalone target not found
Native extension for WebGL target not found
Package Manager log level set to [2]
[Package Manager] Failed to launch server process. Reason: Unity was launched with the -noUpm command-line argument
[Package Manager] Unable to send message (not connected to server process).
[Package Manager] Cannot connect to Unity Package Manager local server
[Package Manager] Failed to launch server process. Reason: Unity was launched with the -noUpm command-line argument
[Package Manager] Unable to send message (not connected to server process).
[Package Manager] Cannot connect to Unity Package Manager local server
ScheduleIndexationOnStartup MainProcess:False IndexOnStartup:True
Mono: successfully reloaded assembly
- Finished resetting the current domain, in  0.776 seconds
Domain Reload Profiling: 1566ms
	BeginReloadAssembly (129ms)
	RebuildCommonClasses (48ms)
	RebuildNativeTypeToScriptingClass (18ms)
	initialDomainReloadingComplete (324ms)
	LoadAllAssembliesAndSetupDomain (271ms)
		LoadAssemblies (129ms)
		AnalyzeDomain (253ms)
			TypeCache.Refresh (251ms)
				TypeCache.ScanAssembly (233ms)
	FinalizeReload (776ms)
		SetupLoadedEditorAssemblies (0ms)
			InitializePlatformSupportModulesInManaged (428ms)
			BeforeProcessingInitializeOnLoad (100ms)
			ProcessInitializeOnLoadAttributes (108ms)
			ProcessInitializeOnLoadMethodAttributes (63ms)
========================================================================
Worker process is ready to serve import requests
Import Worker Mode flag is 0x00
Begin MonoManager ReloadAssembly
[Licensing::Client] Successfully resolved entitlement details
Assembly Assembly-CSharp-Editor.dll at Library/ScriptAssemblies/Assembly-CSharp-Editor.dll not valid. Loading of assembly skipped.
Assembly Assembly-CSharp-firstpass.dll at Library/ScriptAssemblies/Assembly-CSharp-firstpass.dll not valid. Loading of assembly skipped.
Assembly Assembly-CSharp.dll at Library/ScriptAssemblies/Assembly-CSharp.dll not valid. Loading of assembly skipped.
Assembly DocCodeExamples.dll at Library/ScriptAssemblies/DocCodeExamples.dll not valid. Loading of assembly skipped.
Assembly TestNewCustomAssembly.dll at Library/ScriptAssemblies/TestNewCustomAssembly.dll not valid. Loading of assembly skipped.
Assembly Unity.Collections.BurstCompatibilityGen.dll at Library/ScriptAssemblies/Unity.Collections.BurstCompatibilityGen.dll not valid. Loading of assembly skipped.
Assembly Unity.Collections.DocCodeSamples.dll at Library/ScriptAssemblies/Unity.Collections.DocCodeSamples.dll not valid. Loading of assembly skipped.
Assembly Unity.Collections.PerformanceTests.dll at Library/ScriptAssemblies/Unity.Collections.PerformanceTests.dll not valid. Loading of assembly skipped.
Assembly Unity.Collections.Tests.dll at Library/ScriptAssemblies/Unity.Collections.Tests.dll not valid. Loading of assembly skipped.
Assembly Unity.Collections.Tests.Playmode.dll at Library/ScriptAssemblies/Unity.Collections.Tests.Playmode.dll not valid. Loading of assembly skipped.
Assembly Unity.InputSystem.IntegrationTests.dll at Library/ScriptAssemblies/Unity.InputSystem.IntegrationTests.dll not valid. Loading of assembly skipped.
Assembly Unity.Mathematics.Tests.dll at Library/ScriptAssemblies/Unity.Mathematics.Tests.dll not valid. Loading of assembly skipped.
Assembly Unity.Multiplayer.Center.Editor.Tests.dll at Library/ScriptAssemblies/Unity.Multiplayer.Center.Editor.Tests.dll not valid. Loading of assembly skipped.
Assembly Unity.Multiplayer.Center.Tests.dll at Library/ScriptAssemblies/Unity.Multiplayer.Center.Tests.dll not valid. Loading of assembly skipped.
Assembly Unity.Nuget.Mono-Cecil.dll at Library/ScriptAssemblies/Unity.Nuget.Mono-Cecil.dll not valid. Loading of assembly skipped.
Assembly Unity.PathTracing.Editor.Tests.dll at Library/ScriptAssemblies/Unity.PathTracing.Editor.Tests.dll not valid. Loading of assembly skipped.
Assembly Unity.PathTracing.Runtime.Tests.dll at Library/ScriptAssemblies/Unity.PathTracing.Runtime.Tests.dll not valid. Loading of assembly skipped.
Assembly Unity.RenderPipelines.Core.Editor.Tests.dll at Library/ScriptAssemblies/Unity.RenderPipelines.Core.Editor.Tests.dll not valid. Loading of assembly skipped.
Assembly Unity.RenderPipelines.Core.Runtime.Tests.dll at Library/ScriptAssemblies/Unity.RenderPipelines.Core.Runtime.Tests.dll not valid. Loading of assembly skipped.
Assembly Unity.RenderPipelines.Universal.Config.Editor.Tests.dll at Library/ScriptAssemblies/Unity.RenderPipelines.Universal.Config.Editor.Tests.dll not valid. Loading of assembly skipped.
Assembly Unity.RenderPipelines.Universal.Editor.Tests.dll at Library/ScriptAssemblies/Unity.RenderPipelines.Universal.Editor.Tests.dll not valid. Loading of assembly skipped.
Assembly Unity.RenderPipelines.Universal.Runtime.Tests.dll at Library/ScriptAssemblies/Unity.RenderPipelines.Universal.Runtime.Tests.dll not valid. Loading of assembly skipped.
Assembly Unity.Searcher.EditorTests.dll at Library/ScriptAssemblies/Unity.Searcher.EditorTests.dll not valid. Loading of assembly skipped.
Assembly Unity.ShaderGraph.Editor.Tests.dll at Library/ScriptAssemblies/Unity.ShaderGraph.Editor.Tests.dll not valid. Loading of assembly skipped.
Assembly Unity.TextMeshPro.Editor.Tests.dll at Library/ScriptAssemblies/Unity.TextMeshPro.Editor.Tests.dll not valid. Loading of assembly skipped.
Assembly Unity.TextMeshPro.Tests.dll at Library/ScriptAssemblies/Unity.TextMeshPro.Tests.dll not valid. Loading of assembly skipped.
Assembly Unity.UnifiedRayTracing.Editor.Tests.dll at Library/ScriptAssemblies/Unity.UnifiedRayTracing.Editor.Tests.dll not valid. Loading of assembly skipped.
Assembly UnityEditor.UI.Common.Tests.dll at Library/ScriptAssemblies/UnityEditor.UI.Common.Tests.dll not valid. Loading of assembly skipped.
Assembly UnityEditor.UI.EditorTests.dll at Library/ScriptAssemblies/UnityEditor.UI.EditorTests.dll not valid. Loading of assembly skipped.
Assembly UnityEngine.UI.Tests.dll at Library/ScriptAssemblies/UnityEngine.UI.Tests.dll not valid. Loading of assembly skipped.
Refreshing native plugins compatible for Editor in 4.32 ms, found 3 plugins.
Native extension for LinuxStandalone target not found
Native extension for AppleTV target not found
Native extension for iOS target not found
Native extension for Android target not found
Native extension for UWP target not found
Native extension for WindowsStandalone target not found
Failed to load: C:/Program Files/Unity/Hub/Editor/6000.4.0f1/Editor/Data/PlaybackEngines/VisionOSPlayer\x64\UnityEditor.VisionOS.Native.dll
Native extension for VisionOS target not found
Native extension for OSXStandalone target not found
Native extension for WebGL target not found
[Package Manager] Failed to launch server process. Reason: Unity was launched with the -noUpm command-line argument
[Package Manager] Unable to send message (not connected to server process).
[Package Manager] Cannot connect to Unity Package Manager local server
[Package Manager] Failed to launch server process. Reason: Unity was launched with the -noUpm command-line argument
[Package Manager] Unable to send message (not connected to server process).
[Package Manager] Cannot connect to Unity Package Manager local server
ScheduleIndexationOnStartup MainProcess:False IndexOnStartup:True
Mono: successfully reloaded assembly
- Finished resetting the current domain, in  1.025 seconds
Domain Reload Profiling: 2104ms
	BeginReloadAssembly (168ms)
		DisableScriptedObjects (6ms)
		CreateAndSetChildDomain (39ms)
	RebuildCommonClasses (41ms)
	RebuildNativeTypeToScriptingClass (13ms)
	initialDomainReloadingComplete (77ms)
	LoadAllAssembliesAndSetupDomain (780ms)
		LoadAssemblies (483ms)
		AnalyzeDomain (367ms)
			TypeCache.Refresh (260ms)
				TypeCache.ScanAssembly (239ms)
			BuildScriptInfoCaches (93ms)
			ResolveRequiredComponents (13ms)
	FinalizeReload (1025ms)
		SetupLoadedEditorAssemblies (0ms)
			InitializePlatformSupportModulesInManaged (27ms)
			BeforeProcessingInitializeOnLoad (222ms)
			ProcessInitializeOnLoadAttributes (427ms)
			ProcessInitializeOnLoadMethodAttributes (86ms)
			AfterProcessingInitializeOnLoad (12ms)
		AwakeInstancesAfterBackupRestoration (7ms)
Launched and connected shader compiler UnityShaderCompiler.exe after 0.02 seconds
Unloading 24 Unused Serialized files (Serialized files now loaded: 0)
Unloading 6452 unused Assets / (5.5 MB). Loaded Objects now: 7302.
Memory consumption went from 156.7 MB to 151.2 MB.
Total: 9.340600 ms (FindLiveObjects: 0.749700 ms CreateObjectMapping: 0.322100 ms MarkObjects: 5.929600 ms  DeleteObjects: 2.335000 ms)

========================================================================
Received Import Request.
  Time since last request: 183996.972617 seconds.
  path: Assets/TextMesh Pro/Shaders/TMP_SDF.shader
  importAddress: Guid(68e6db2ebdc24f95958faec2be5558d6) Importer(2089858483,b0f066a214c2f5e87bad3c948f4d605d)
Start importing Assets/TextMesh Pro/Shaders/TMP_SDF.shader using Guid(68e6db2ebdc24f95958faec2be5558d6) Importer(2089858483,b0f066a214c2f5e87bad3c948f4d605d) (ScriptedImporter) -> (Import Result ID: '8bbef0e472effb9f6268f7192b7908c1') in 0.1004262 seconds [static and dynamic dependencies]. Details - ImportResultOutputID=52bdc39179be197289776c0b0a20fd09 DependenciesID=d9db5375602675c926a97c787abe8792 StaticDependenciesID=02f2f145754d21c99257be40712f4a63 
Number of updated asset objects reloaded before import = 0Number of asset objects unloaded after import = 1

========================================================================
Received Import Request.
  Time since last request: 0.000031 seconds.
  path: Assets/TextMesh Pro/Shaders/TMP_SDF-Surface.shader
  importAddress: Guid(f7ada0af4f174f0694ca6a487b8f543d) Importer(2089858483,b0f066a214c2f5e87bad3c948f4d605d)
Start importing Assets/TextMesh Pro/Shaders/TMP_SDF-Surface.shader using Guid(f7ada0af4f174f0694ca6a487b8f543d) Importer(2089858483,b0f066a214c2f5e87bad3c948f4d605d) (ScriptedImporter) -> (Import Result ID: '844ca40735047bb1d38656e73b900bb2') in 0.0162402 seconds [static and dynamic dependencies]. Details - ImportResultOutputID=fba67a343acb74bdabe66828e560f159 DependenciesID=fdacfda39366ab1b6fa3f40c20a9a1c8 StaticDependenciesID=4be9fe2bc8c8a5e12a808b7d050f93d3 
Number of updated asset objects reloaded before import = 0Number of asset objects unloaded after import = 1

========================================================================
Received Import Request.
  Time since last request: 0.000023 seconds.
  path: Assets/Zenjex/Reflex/Caching/TypeAttributeInfo.cs
  importAddress: Guid(443bec10d6764322a54039405451919e) Importer(2089858483,b0f066a214c2f5e87bad3c948f4d605d)
Start importing Assets/Zenjex/Reflex/Caching/TypeAttributeInfo.cs using Guid(443bec10d6764322a54039405451919e) Importer(2089858483,b0f066a214c2f5e87bad3c948f4d605d) (ScriptedImporter) -> (Import Result ID: '9395fef1d5c1d28acb69fd6f04c271ea') in 0.0224297 seconds [static and dynamic dependencies]. Details - ImportResultOutputID=61b5025fba6a9aa7ce92959845e35212 DependenciesID=5e5153de408170a448f9cc84973d6963 StaticDependenciesID=4dc0025285a4a1261ff8e86ac616d39e 
Number of updated asset objects reloaded before import = 0Number of asset objects unloaded after import = 0

========================================================================
Received Import Request.
  Time since last request: 0.000023 seconds.
  path: Assets/DevConsole/Scenes/SampleScene.unity
  importAddress: Guid(99c9720ab356a0642a771bea13969a05) Importer(2089858483,b0f066a214c2f5e87bad3c948f4d605d)
Start importing Assets/DevConsole/Scenes/SampleScene.unity using Guid(99c9720ab356a0642a771bea13969a05) Importer(2089858483,b0f066a214c2f5e87bad3c948f4d605d) (ScriptedImporter) -> (Import Result ID: '419bd39f96a571769d11ec558aeb426c') in 0.0234554 seconds [static and dynamic dependencies]. Details - ImportResultOutputID=c69daedd9f8cea7517f8c98d56a791c6 DependenciesID=63bc0c832de05cdbd8f7ae8a47bd82d5 StaticDependenciesID=287b61fbe9d5159586f409791c8195c9 
Number of updated asset objects reloaded before import = 0Number of asset objects unloaded after import = 1

========================================================================
Received Import Request.
  Time since last request: 0.000037 seconds.
  path: Assets/Zenjex/Extensions/Core/ProjectRootInstaller.cs
  importAddress: Guid(e0c315799aeb70c4ea1bc18e9a77317e) Importer(2089858483,b0f066a214c2f5e87bad3c948f4d605d)
Start importing Assets/Zenjex/Extensions/Core/ProjectRootInstaller.cs using Guid(e0c315799aeb70c4ea1bc18e9a77317e) Importer(2089858483,b0f066a214c2f5e87bad3c948f4d605d) (ScriptedImporter) -> (Import Result ID: 'c87d838502318ff7108ce916be623857') in 0.0186387 seconds [static and dynamic dependencies]. Details - ImportResultOutputID=f33fed7c6c0db88c8c4a4835a08013fe DependenciesID=054f3c8a238400388df4c4f172dcfce0 StaticDependenciesID=fd34bc2306bbee438484457a57a5fde0 
Number of updated asset objects reloaded before import = 0Number of asset objects unloaded after import = 0

========================================================================
Received Import Request.
  Time since last request: 0.000016 seconds.
  path: Assets/TextMesh Pro/Shaders/TMP_Bitmap-Custom-Atlas.shader
  importAddress: Guid(48bb5f55d8670e349b6e614913f9d910) Importer(2089858483,b0f066a214c2f5e87bad3c948f4d605d)
Start importing Assets/TextMesh Pro/Shaders/TMP_Bitmap-Custom-Atlas.shader using Guid(48bb5f55d8670e349b6e614913f9d910) Importer(2089858483,b0f066a214c2f5e87bad3c948f4d605d) (ScriptedImporter) -> (Import Result ID: '001f1cc3edacfa257b93fc6ca5f0aa6d') in 0.0197328 seconds [static and dynamic dependencies]. Details - ImportResultOutputID=ce8e5cadd19a99d968bd8305d2101581 DependenciesID=ea59754a9a55508de2a44606447bd077 StaticDependenciesID=97e2617c6e2d061a39156ef7584ef903 
Number of updated asset objects reloaded before import = 0Number of asset objects unloaded after import = 1

========================================================================
Received Import Request.
  Time since last request: 0.000016 seconds.
  path: Assets/Zenjex/Extensions/SceneContext/SceneInstaller.cs
  importAddress: Guid(6e18d6047a1045e19b0f3cad7682bce8) Importer(2089858483,b0f066a214c2f5e87bad3c948f4d605d)
Start importing Assets/Zenjex/Extensions/SceneContext/SceneInstaller.cs using Guid(6e18d6047a1045e19b0f3cad7682bce8) Importer(2089858483,b0f066a214c2f5e87bad3c948f4d605d) (ScriptedImporter) -> (Import Result ID: 'cffa6666d3fcf273b1fbf0ea9929ce96') in 0.0155376 seconds [static and dynamic dependencies]. Details - ImportResultOutputID=a14bd031e0e860480a44ac3bd2acd121 DependenciesID=76e51222b4697201a31150eba2e1cdac StaticDependenciesID=6f7a187990b007f9540bbd8b00c01914 
Number of updated asset objects reloaded before import = 0Number of asset objects unloaded after import = 0

========================================================================
Received Import Request.
  Time since last request: 0.000018 seconds.
  path: Assets/Zenjex/Reflex/Caching/InjectableMethodInfo.cs
  importAddress: Guid(ca8cc4f297624d4c944b42a991e0969c) Importer(2089858483,b0f066a214c2f5e87bad3c948f4d605d)
Start importing Assets/Zenjex/Reflex/Caching/InjectableMethodInfo.cs using Guid(ca8cc4f297624d4c944b42a991e0969c) Importer(2089858483,b0f066a214c2f5e87bad3c948f4d605d) (ScriptedImporter) -> (Import Result ID: '1ee4c94f3f31e3f3f4f7a40df11888f0') in 0.01495 seconds [static and dynamic dependencies]. Details - ImportResultOutputID=8b9a375a4a32303a67b883cdc78a5091 DependenciesID=be6bbb457ed2d526ca422ae52dada2e0 StaticDependenciesID=1dd6f90feda3a7681c7545de51efc645 
Number of updated asset objects reloaded before import = 0Number of asset objects unloaded after import = 0

========================================================================
Received Import Request.
  Time since last request: 0.000025 seconds.
  path: Assets/Settings/Mobile_RPAsset.asset
  importAddress: Guid(5e6cbd92db86f4b18aec3ed561671858) Importer(2089858483,b0f066a214c2f5e87bad3c948f4d605d)
Start importing Assets/Settings/Mobile_RPAsset.asset using Guid(5e6cbd92db86f4b18aec3ed561671858) Importer(2089858483,b0f066a214c2f5e87bad3c948f4d605d) (ScriptedImporter) -> (Import Result ID: '18166ef309dfb9a8f16babcda4487ac5') in 0.1010439 seconds [static and dynamic dependencies]. Details - ImportResultOutputID=6ca627da5bd76743cfc87fa832a8892e DependenciesID=32dc805b2d34ecc1892cab8a4bf3a39b StaticDependenciesID=bc4a32a7951a716226846dd7a25156a3 
Number of updated asset objects reloaded before import = 0Number of asset objects unloaded after import = 2

========================================================================
Received Import Request.
  Time since last request: 0.000034 seconds.
  path: Assets/Zenjex/Reflex/Injectors/SceneInjector.cs
  importAddress: Guid(6b82836a9d72428eb5372fd443560770) Importer(2089858483,b0f066a214c2f5e87bad3c948f4d605d)
Start importing Assets/Zenjex/Reflex/Injectors/SceneInjector.cs using Guid(6b82836a9d72428eb5372fd443560770) Importer(2089858483,b0f066a214c2f5e87bad3c948f4d605d) (ScriptedImporter) -> (Import Result ID: 'd8fff060ed4389795eabe1b38f6e96cd') in 0.0150962 seconds [static and dynamic dependencies]. Details - ImportResultOutputID=5dc2f4e799ab9e64543ac584964e1f5b DependenciesID=1b64d614e1111f042cfb07113ffbb834 StaticDependenciesID=136e2f4cc76bc94749777938b0fee6ba 
Number of updated asset objects reloaded before import = 0Number of asset objects unloaded after import = 0

========================================================================
Received Import Request.
  Time since last request: 0.000017 seconds.
  path: Assets/Zenjex/Reflex/Editor/ReflexMenuItems.cs
  importAddress: Guid(605eccc28ed34ac68a391e672d08df42) Importer(2089858483,b0f066a214c2f5e87bad3c948f4d605d)
Start importing Assets/Zenjex/Reflex/Editor/ReflexMenuItems.cs using Guid(605eccc28ed34ac68a391e672d08df42) Importer(2089858483,b0f066a214c2f5e87bad3c948f4d605d) (ScriptedImporter) -> (Import Result ID: '75aea3951e93a79511db43f22952edd5') in 0.0154146 seconds [static and dynamic dependencies]. Details - ImportResultOutputID=a86fe29b298edab84844f7965951020b DependenciesID=11a4a827faf11d9190153301890d9d9e StaticDependenciesID=2e60a0324ddde6b274466f35bd5ae98c 
Number of updated asset objects reloaded before import = 0Number of asset objects unloaded after import = 0

========================================================================
Received Import Request.
  Time since last request: 0.000018 seconds.
  path: Assets/Zenjex/Reflex/Extensions/TypeExtensions.cs
  importAddress: Guid(186512fa28dc4e3f891fcb878baac9bf) Importer(2089858483,b0f066a214c2f5e87bad3c948f4d605d)
Start importing Assets/Zenjex/Reflex/Extensions/TypeExtensions.cs using Guid(186512fa28dc4e3f891fcb878baac9bf) Importer(2089858483,b0f066a214c2f5e87bad3c948f4d605d) (ScriptedImporter) -> (Import Result ID: '790c92c847f3090cc25768e0a6130dc9') in 0.0168067 seconds [static and dynamic dependencies]. Details - ImportResultOutputID=b0db9735860ab9e54aaef70a9c03a584 DependenciesID=a028d8a78a3bc1fd1ab10bc064d3c3d9 StaticDependenciesID=3507ef0d0392a258b3aba02973b6a6b0 
Number of updated asset objects reloaded before import = 0Number of asset objects unloaded after import = 0

========================================================================
Received Import Request.
  Time since last request: 0.000018 seconds.
  path: Assets/Zenjex/Reflex/Diagnosis/Diagnosis.cs
  importAddress: Guid(0724b485e0a14a4fbdbcf802acb848b4) Importer(2089858483,b0f066a214c2f5e87bad3c948f4d605d)
Start importing Assets/Zenjex/Reflex/Diagnosis/Diagnosis.cs using Guid(0724b485e0a14a4fbdbcf802acb848b4) Importer(2089858483,b0f066a214c2f5e87bad3c948f4d605d) (ScriptedImporter) -> (Import Result ID: '2e70413de9beca2a4208c16a31bde24a') in 0.0162627 seconds [static and dynamic dependencies]. Details - ImportResultOutputID=ada9df3e31b45213f23f2d574d7e336e DependenciesID=afb0a7bf3279bc0e512dbf994bf894b2 StaticDependenciesID=b37ce430abeedc71fdffa52a60f70d4e 
Number of updated asset objects reloaded before import = 0Number of asset objects unloaded after import = 0

========================================================================
Received Import Request.
  Time since last request: 0.000017 seconds.
  path: Assets/Zenjex/Reflex/Exceptions/MethodInjectorException.cs
  importAddress: Guid(0940e51439744201a7cee3986ff5e56d) Importer(2089858483,b0f066a214c2f5e87bad3c948f4d605d)
Start importing Assets/Zenjex/Reflex/Exceptions/MethodInjectorException.cs using Guid(0940e51439744201a7cee3986ff5e56d) Importer(2089858483,b0f066a214c2f5e87bad3c948f4d605d) (ScriptedImporter) -> (Import Result ID: 'dd712946a86ff6b59051a467be36e345') in 0.0164245 seconds [static and dynamic dependencies]. Details - ImportResultOutputID=f044563137b23bce2b401b90b4e5b125 DependenciesID=ffe5fe4be5d87349aee5f050406c4e18 StaticDependenciesID=f48ee538798e057fdc9cd6e98ef7d3fc 
Number of updated asset objects reloaded before import = 0Number of asset objects unloaded after import = 0

========================================================================
Received Import Request.
  Time since last request: 0.000019 seconds.
  path: Assets/Zenjex/Reflex/Extensions/ListExtensions.cs
  importAddress: Guid(c78142125f50485cbb8c2a74e49defcd) Importer(2089858483,b0f066a214c2f5e87bad3c948f4d605d)
Start importing Assets/Zenjex/Reflex/Extensions/ListExtensions.cs using Guid(c78142125f50485cbb8c2a74e49defcd) Importer(2089858483,b0f066a214c2f5e87bad3c948f4d605d) (ScriptedImporter) -> (Import Result ID: 'dd870688eecc35f61d6cbe2b421f65ac') in 0.0173968 seconds [static and dynamic dependencies]. Details - ImportResultOutputID=d758f2819710fa5ad0a2cbe27a1ecc24 DependenciesID=c055265e97e2267f354aaebef6e60782 StaticDependenciesID=29fcb702a9c9d6776378f49762b81e17 
Number of updated asset objects reloaded before import = 0Number of asset objects unloaded after import = 0

========================================================================
Received Import Request.
  Time since last request: 0.000030 seconds.
  path: Assets/Zenjex/Extensions/Core/RootContext.cs
  importAddress: Guid(a3632938147fe3240a6083c18a1fa183) Importer(2089858483,b0f066a214c2f5e87bad3c948f4d605d)
Start importing Assets/Zenjex/Extensions/Core/RootContext.cs using Guid(a3632938147fe3240a6083c18a1fa183) Importer(2089858483,b0f066a214c2f5e87bad3c948f4d605d) (ScriptedImporter) -> (Import Result ID: 'b7742f73a8f57801030a54cb9c96dbd8') in 0.0144791 seconds [static and dynamic dependencies]. Details - ImportResultOutputID=4c1beadd7c98815cdae0e943373409f9 DependenciesID=688e84c8816e0ff85eebe98c8db6497a StaticDependenciesID=70a7d61e2d0057ddda775bb4063c1dd1 
Number of updated asset objects reloaded before import = 0Number of asset objects unloaded after import = 0

========================================================================
Received Import Request.
  Time since last request: 0.000021 seconds.
  path: Assets/Settings/PC_Renderer.asset
  importAddress: Guid(f288ae1f4751b564a96ac7587541f7a2) Importer(2089858483,b0f066a214c2f5e87bad3c948f4d605d)
Start importing Assets/Settings/PC_Renderer.asset using Guid(f288ae1f4751b564a96ac7587541f7a2) Importer(2089858483,b0f066a214c2f5e87bad3c948f4d605d) (ScriptedImporter) -> (Import Result ID: '90e4b140f63cdae575a80cca6b252cc0') in 0.0498269 seconds [static and dynamic dependencies]. Details - ImportResultOutputID=8ee279839685a2cf3360610e6543e458 DependenciesID=2befec61041d72b8a5b8c0d20991c443 StaticDependenciesID=2c3f6972d0f296b116fd4923e143a841 
Number of updated asset objects reloaded before import = 0Number of asset objects unloaded after import = 1

========================================================================
Received Import Request.
  Time since last request: 0.000018 seconds.
  path: Assets/Zenjex/Extensions/Core/ReflexZenjectExtensions.cs
  importAddress: Guid(cab4755a83d279249bb67666fa22bb15) Importer(2089858483,b0f066a214c2f5e87bad3c948f4d605d)
Start importing Assets/Zenjex/Extensions/Core/ReflexZenjectExtensions.cs using Guid(cab4755a83d279249bb67666fa22bb15) Importer(2089858483,b0f066a214c2f5e87bad3c948f4d605d) (ScriptedImporter) -> (Import Result ID: '933bc8da96dd3bbf2f78ab24c750535c') in 0.016804 seconds [static and dynamic dependencies]. Details - ImportResultOutputID=41bc1887071874d815862b5df7d40833 DependenciesID=28147483dcbc47b91fdceb12d4e1b837 StaticDependenciesID=d5f7d2c223a8ea47d1ea400e721eb14d 
Number of updated asset objects reloaded before import = 0Number of asset objects unloaded after import = 0

========================================================================
Received Import Request.
  Time since last request: 0.000019 seconds.
  path: Assets/Zenjex/Reflex/Resolvers/SingletonFactoryResolver.cs
  importAddress: Guid(897d5a72dbd44c3f87886aba13bcf838) Importer(2089858483,b0f066a214c2f5e87bad3c948f4d605d)
Start importing Assets/Zenjex/Reflex/Resolvers/SingletonFactoryResolver.cs using Guid(897d5a72dbd44c3f87886aba13bcf838) Importer(2089858483,b0f066a214c2f5e87bad3c948f4d605d) (ScriptedImporter) -> (Import Result ID: '8fd4e7a39a97a855748c9da1e557f0d0') in 0.015219 seconds [static and dynamic dependencies]. Details - ImportResultOutputID=0246639fe152ccc870037c1fe05a98e3 DependenciesID=13f928e8a6e22c9b901782814b378776 StaticDependenciesID=e3bfbf82d5905104128c6d1698b49222 
Number of updated asset objects reloaded before import = 0Number of asset objects unloaded after import = 0

========================================================================
Received Import Request.
  Time since last request: 0.000018 seconds.
  path: Assets/Plugins/SimpleInput/Scripts/AxisInputs/Touchpad.cs
  importAddress: Guid(d24ddbdc4c85dc043aba5a6335f816f7) Importer(2089858483,b0f066a214c2f5e87bad3c948f4d605d)
Start importing Assets/Plugins/SimpleInput/Scripts/AxisInputs/Touchpad.cs using Guid(d24ddbdc4c85dc043aba5a6335f816f7) Importer(2089858483,b0f066a214c2f5e87bad3c948f4d605d) (ScriptedImporter) -> (Import Result ID: '35c8c879e57ad96d65ff88afbc238e1c') in 0.0117771 seconds [static and dynamic dependencies]. Details - ImportResultOutputID=09176ed376cbe4ca9c912fa9644724ff DependenciesID=f2d05a60e9b98ff1f068cea53ec2faf9 StaticDependenciesID=e59ad57defecad814689209c05f88c3e 
Number of updated asset objects reloaded before import = 0Number of asset objects unloaded after import = 0

========================================================================
Received Import Request.
  Time since last request: 0.000029 seconds.
  path: Assets/Plugins/SimpleInput/Scripts/ButtonInputs/ButtonInputKeyboard.cs
  importAddress: Guid(56571356d33665b4d8bbc4977d8a54b5) Importer(2089858483,b0f066a214c2f5e87bad3c948f4d605d)
Start importing Assets/Plugins/SimpleInput/Scripts/ButtonInputs/ButtonInputKeyboard.cs using Guid(56571356d33665b4d8bbc4977d8a54b5) Importer(2089858483,b0f066a214c2f5e87bad3c948f4d605d) (ScriptedImporter) -> (Import Result ID: 'e5bb8bf2d9784c517c230d09a9f21628') in 0.0158622 seconds [static and dynamic dependencies]. Details - ImportResultOutputID=49131a7f554984e09acad50dc6debc14 DependenciesID=047ece4f56cd464e1bc6467289cad5a1 StaticDependenciesID=6c5c9db24b4b7ccc09c5195fc0ac3ff8 
Number of updated asset objects reloaded before import = 0Number of asset objects unloaded after import = 0

========================================================================
Received Import Request.
  Time since last request: 0.000016 seconds.
  path: Assets/Plugins/SimpleInput/Scripts/Core/SimpleInputMultiDragListener.cs
  importAddress: Guid(fd2b1b62768d1834a9c1821a5c04c594) Importer(2089858483,b0f066a214c2f5e87bad3c948f4d605d)
Start importing Assets/Plugins/SimpleInput/Scripts/Core/SimpleInputMultiDragListener.cs using Guid(fd2b1b62768d1834a9c1821a5c04c594) Importer(2089858483,b0f066a214c2f5e87bad3c948f4d605d) (ScriptedImporter) -> (Import Result ID: 'e10a32f36ba44762424c7c7f87085d61') in 0.0156431 seconds [static and dynamic dependencies]. Details - ImportResultOutputID=1fc2c435a021970625b327562431a45d DependenciesID=fdc8cd43c7446e7c6985ba2084a6e26b StaticDependenciesID=87e12e459b00cebd07fb79f0cf46490b 
Number of updated asset objects reloaded before import = 0Number of asset objects unloaded after import = 0

========================================================================
Received Import Request.
  Time since last request: 0.000017 seconds.
  path: Assets/Plugins/SimpleInput/Scripts/Core/SelectivePointerInput.cs
  importAddress: Guid(4c170c3cabf2fd14c9598702d366a1e8) Importer(2089858483,b0f066a214c2f5e87bad3c948f4d605d)
Start importing Assets/Plugins/SimpleInput/Scripts/Core/SelectivePointerInput.cs using Guid(4c170c3cabf2fd14c9598702d366a1e8) Importer(2089858483,b0f066a214c2f5e87bad3c948f4d605d) (ScriptedImporter) -> (Import Result ID: 'ea374bf2abb929e149e905ab1b43e883') in 0.0175686 seconds [static and dynamic dependencies]. Details - ImportResultOutputID=cb1d8c70f9b234f8633bf9b52fb11f3d DependenciesID=e3bf9b45bcbe128413effd253b44ba00 StaticDependenciesID=eca60c0b4a25a7c214427b2310e96954 
Number of updated asset objects reloaded before import = 0Number of asset objects unloaded after import = 0

========================================================================
Received Import Request.
  Time since last request: 0.000021 seconds.
  path: Assets/Zenjex/Reflex/Resolvers/SingletonTypeResolver.cs
  importAddress: Guid(6ba125106a414ded9177f2f41ee88db5) Importer(2089858483,b0f066a214c2f5e87bad3c948f4d605d)
Start importing Assets/Zenjex/Reflex/Resolvers/SingletonTypeResolver.cs using Guid(6ba125106a414ded9177f2f41ee88db5) Importer(2089858483,b0f066a214c2f5e87bad3c948f4d605d) (ScriptedImporter) -> (Import Result ID: 'c14cd8f7636ebad277f3c70ecde03ec0') in 0.0164201 seconds [static and dynamic dependencies]. Details - ImportResultOutputID=9ce1bf673e3b803da4716383ab5b33b7 DependenciesID=073cb60d0bfa21f9fbd322f73177f06d StaticDependenciesID=e3a1e713179a34c30dcbddb0f3770940 
Number of updated asset objects reloaded before import = 0Number of asset objects unloaded after import = 0

========================================================================
Received Import Request.
  Time since last request: 0.000021 seconds.
  path: Assets/Zenjex/Reflex/Reflectors/ActivatorFactoryManager.cs
  importAddress: Guid(cd8bad730eb940cf8c3d3d98ef058f20) Importer(2089858483,b0f066a214c2f5e87bad3c948f4d605d)
Start importing Assets/Zenjex/Reflex/Reflectors/ActivatorFactoryManager.cs using Guid(cd8bad730eb940cf8c3d3d98ef058f20) Importer(2089858483,b0f066a214c2f5e87bad3c948f4d605d) (ScriptedImporter) -> (Import Result ID: '55fe3d05d396407a66dfeb1f1d1ae29b') in 0.015796 seconds [static and dynamic dependencies]. Details - ImportResultOutputID=54016ed2acc8c247a40e25b6a4ccb575 DependenciesID=895d4c5020f2a9b0373eab43d69fa5db StaticDependenciesID=456b5dc67629799fdf450ab69f48747c 
Number of updated asset objects reloaded before import = 0Number of asset objects unloaded after import = 0

========================================================================
Received Import Request.
  Time since last request: 0.000030 seconds.
  path: Assets/Zenjex/Reflex/Core/ContainerBuilder.cs
  importAddress: Guid(3e24249fa82a49a791b4e93547622921) Importer(2089858483,b0f066a214c2f5e87bad3c948f4d605d)
Start importing Assets/Zenjex/Reflex/Core/ContainerBuilder.cs using Guid(3e24249fa82a49a791b4e93547622921) Importer(2089858483,b0f066a214c2f5e87bad3c948f4d605d) (ScriptedImporter) -> (Import Result ID: 'fb00e085702d93b18357af598651e1ba') in 0.0153926 seconds [static and dynamic dependencies]. Details - ImportResultOutputID=98310267ecd221b0daf38b960d070f64 DependenciesID=9493030af4cfd00d87fd6994a3b02da2 StaticDependenciesID=69478f7e94661de9f88dacda191030b5 
Number of updated asset objects reloaded before import = 0Number of asset objects unloaded after import = 0

========================================================================
Received Import Request.
  Time since last request: 0.000016 seconds.
  path: Assets/Zenjex/Reflex/Caching/MemberParamInfo.cs
  importAddress: Guid(90df7699b081b9b1986c36b3f700b02a) Importer(2089858483,b0f066a214c2f5e87bad3c948f4d605d)
Start importing Assets/Zenjex/Reflex/Caching/MemberParamInfo.cs using Guid(90df7699b081b9b1986c36b3f700b02a) Importer(2089858483,b0f066a214c2f5e87bad3c948f4d605d) (ScriptedImporter) -> (Import Result ID: '3b0a973cc734746634d3dd1c693a3a28') in 0.0164332 seconds [static and dynamic dependencies]. Details - ImportResultOutputID=cc0126340a742fe8557649b7f130e781 DependenciesID=4e32358c6aaee575fb0cf4e4ff1d546a StaticDependenciesID=90908ced2712d60d8cbac650d026dfca 
Number of updated asset objects reloaded before import = 0Number of asset objects unloaded after import = 0

========================================================================
Received Import Request.
  Time since last request: 0.000016 seconds.
  path: Assets/Zenjex/Reflex/Caching/TypeConstructionInfoCache.cs
  importAddress: Guid(dcc5c5361e8640a6a4a3055ffa725924) Importer(2089858483,b0f066a214c2f5e87bad3c948f4d605d)
Start importing Assets/Zenjex/Reflex/Caching/TypeConstructionInfoCache.cs using Guid(dcc5c5361e8640a6a4a3055ffa725924) Importer(2089858483,b0f066a214c2f5e87bad3c948f4d605d) (ScriptedImporter) -> (Import Result ID: 'f187695e0a72ea360ca78ff0e4bde3aa') in 0.0142875 seconds [static and dynamic dependencies]. Details - ImportResultOutputID=2f606d6892713caba309d261580be4f2 DependenciesID=3e936043a3040012f7f4303abae27429 StaticDependenciesID=48270e6948e9ece073fd1840b6fa9808 
Number of updated asset objects reloaded before import = 0Number of asset objects unloaded after import = 0

========================================================================
Received Import Request.
  Time since last request: 0.000017 seconds.
  path: Assets/Zenjex/Reflex/Editor/DebuggingWindow/ReflexEditorSettings.cs
  importAddress: Guid(4c3c1f40d1d6443890404fd459259b9e) Importer(2089858483,b0f066a214c2f5e87bad3c948f4d605d)
Start importing Assets/Zenjex/Reflex/Editor/DebuggingWindow/ReflexEditorSettings.cs using Guid(4c3c1f40d1d6443890404fd459259b9e) Importer(2089858483,b0f066a214c2f5e87bad3c948f4d605d) (ScriptedImporter) -> (Import Result ID: 'a5b8ad0b7643013be4307256ab1ba7f5') in 0.013292 seconds [static and dynamic dependencies]. Details - ImportResultOutputID=118a39f2b4e8914c95765162f9f87ba7 DependenciesID=4467d2b424d9bf3cd9481f2509170e13 StaticDependenciesID=1f0e8d34a6011d48b652ff758de1997a 
Number of updated asset objects reloaded before import = 0Number of asset objects unloaded after import = 0

========================================================================
Received Import Request.
  Time since last request: 0.000019 seconds.
  path: Assets/Zenjex/Reflex/Editor/DebuggingWindow/Styles.cs
  importAddress: Guid(f029a7a917c94e7a870fe5efbab381a5) Importer(2089858483,b0f066a214c2f5e87bad3c948f4d605d)
Start importing Assets/Zenjex/Reflex/Editor/DebuggingWindow/Styles.cs using Guid(f029a7a917c94e7a870fe5efbab381a5) Importer(2089858483,b0f066a214c2f5e87bad3c948f4d605d) (ScriptedImporter) -> (Import Result ID: '1b6cba721175689735771cbaed51aed3') in 0.0148239 seconds [static and dynamic dependencies]. Details - ImportResultOutputID=248d146b1f81c389e2d17beb0e5d20eb DependenciesID=155dbb4cd2ab3f221f538cc2b209fe44 StaticDependenciesID=e2730e48b4bb886a9484b5e483016db4 
Number of updated asset objects reloaded before import = 0Number of asset objects unloaded after import = 0

========================================================================
Received Import Request.
  Time since last request: 0.000022 seconds.
  path: Assets/DevConsole/Backend/Infrastructure/Services/DevConsole/ConsoleComponent.cs
  importAddress: Guid(4aa8cd2a5214d7844a3aa1fb8cbe4837) Importer(2089858483,b0f066a214c2f5e87bad3c948f4d605d)
Start importing Assets/DevConsole/Backend/Infrastructure/Services/DevConsole/ConsoleComponent.cs using Guid(4aa8cd2a5214d7844a3aa1fb8cbe4837) Importer(2089858483,b0f066a214c2f5e87bad3c948f4d605d) (ScriptedImporter) -> (Import Result ID: '37827fbcfbd94423053192afe38c54d9') in 0.0159955 seconds [static and dynamic dependencies]. Details - ImportResultOutputID=a2cc24a7ad340a7acd603397feeaaac9 DependenciesID=5944136276caa991053b1b42087f0636 StaticDependenciesID=2f40fc254aef2f23333309b7656ba4d2 
Number of updated asset objects reloaded before import = 0Number of asset objects unloaded after import = 0

========================================================================
Received Import Request.
  Time since last request: 0.000028 seconds.
  path: Assets/DevConsole/Backend/Data/Configs/Types/NoNoneAttribute.cs
  importAddress: Guid(992f0cfd4f5380542bb8de01504a57e9) Importer(2089858483,b0f066a214c2f5e87bad3c948f4d605d)
Start importing Assets/DevConsole/Backend/Data/Configs/Types/NoNoneAttribute.cs using Guid(992f0cfd4f5380542bb8de01504a57e9) Importer(2089858483,b0f066a214c2f5e87bad3c948f4d605d) (ScriptedImporter) -> (Import Result ID: '1c58529906bec88bbd44658a3ad7efda') in 0.0160549 seconds [static and dynamic dependencies]. Details - ImportResultOutputID=f64ca671d892dd384303417c50f4303e DependenciesID=d7979a4ea988e4cd2af37d9fb6dff5b2 StaticDependenciesID=78c72c6d8b1a09664e1080240398fe50 
Number of updated asset objects reloaded before import = 0Number of asset objects unloaded after import = 0

========================================================================
Received Import Request.
  Time since last request: 0.000018 seconds.
  path: Assets/DevConsole/Backend/Infrastructure/Services/DevConsole/Commands/Logs/FilterLogsCommand.cs
  importAddress: Guid(7047419a0028b004e8eb47e623bff0af) Importer(2089858483,b0f066a214c2f5e87bad3c948f4d605d)
Start importing Assets/DevConsole/Backend/Infrastructure/Services/DevConsole/Commands/Logs/FilterLogsCommand.cs using Guid(7047419a0028b004e8eb47e623bff0af) Importer(2089858483,b0f066a214c2f5e87bad3c948f4d605d) (ScriptedImporter) -> (Import Result ID: '3db97a1a7c110563b80913b2aa55b77b') in 0.0136149 seconds [static and dynamic dependencies]. Details - ImportResultOutputID=9c158993c3f6b9bf6ec9c892ea1abd35 DependenciesID=e94887236eff8245d298510594e5d452 StaticDependenciesID=d0de34c1ea3c448cb1f3a85e38cd74c0 
Number of updated asset objects reloaded before import = 0Number of asset objects unloaded after import = 0

========================================================================
Received Import Request.
  Time since last request: 0.000018 seconds.
  path: Assets/DevConsole/Backend/Infrastructure/Services/StaticDataService/Interfaces/Subservice/IBuildConfigSubservice.cs
  importAddress: Guid(2d80ea013e4cbc54bb96e7bb1d310540) Importer(2089858483,b0f066a214c2f5e87bad3c948f4d605d)
Start importing Assets/DevConsole/Backend/Infrastructure/Services/StaticDataService/Interfaces/Subservice/IBuildConfigSubservice.cs using Guid(2d80ea013e4cbc54bb96e7bb1d310540) Importer(2089858483,b0f066a214c2f5e87bad3c948f4d605d) (ScriptedImporter) -> (Import Result ID: '3d68b9dae8a864be7fa6a6cb11cffffd') in 0.0132455 seconds [static and dynamic dependencies]. Details - ImportResultOutputID=2b9ecb90d56feb5c8b9f742d8bd03e00 DependenciesID=404f7db4af1726c53d0396843901ae64 StaticDependenciesID=30ba8fce432a3de7b13d243dcebf116a 
Number of updated asset objects reloaded before import = 0Number of asset objects unloaded after import = 0

========================================================================
Received Import Request.
  Time since last request: 0.000016 seconds.
  path: Assets/DevConsole/Backend/Infrastructure/Services/Time/ITimeService.cs
  importAddress: Guid(5174ff44b2b143a45a737ad9aadb8f93) Importer(2089858483,b0f066a214c2f5e87bad3c948f4d605d)
Start importing Assets/DevConsole/Backend/Infrastructure/Services/Time/ITimeService.cs using Guid(5174ff44b2b143a45a737ad9aadb8f93) Importer(2089858483,b0f066a214c2f5e87bad3c948f4d605d) (ScriptedImporter) -> (Import Result ID: 'ace5014e348eae1f033e555133b95f7e') in 0.013845 seconds [static and dynamic dependencies]. Details - ImportResultOutputID=8adc8cb3bd316ac49720c404e11d65b5 DependenciesID=2fa01972bf66f4576f97cbf8050790ad StaticDependenciesID=e94c4f08f5c56c292d89045c4644a868 
Number of updated asset objects reloaded before import = 0Number of asset objects unloaded after import = 0

========================================================================
Received Import Request.
  Time since last request: 0.000020 seconds.
  path: Assets/Plugins/SimpleInput/Scripts/KeyInputs/KeyInputKeyboard.cs
  importAddress: Guid(cc14663d8f479984a8dc301c723eaf36) Importer(2089858483,b0f066a214c2f5e87bad3c948f4d605d)
Start importing Assets/Plugins/SimpleInput/Scripts/KeyInputs/KeyInputKeyboard.cs using Guid(cc14663d8f479984a8dc301c723eaf36) Importer(2089858483,b0f066a214c2f5e87bad3c948f4d605d) (ScriptedImporter) -> (Import Result ID: '3c2eb5f3e2c196c115897f8b08fb4658') in 0.0143559 seconds [static and dynamic dependencies]. Details - ImportResultOutputID=ff22de05f9fc5db89bdb668fb4063fe0 DependenciesID=e5b8c4fe60c348cec8db260b24b06b8b StaticDependenciesID=29937d4c469343ab56e727f0ea7b95e0 
Number of updated asset objects reloaded before import = 0Number of asset objects unloaded after import = 0

========================================================================
Received Import Request.
  Time since last request: 0.000029 seconds.
  path: Assets/Zenjex/Reflex/Generics/DisposableCollection.cs
  importAddress: Guid(3dd1cd15ce4df417e878ca31e825c39d) Importer(2089858483,b0f066a214c2f5e87bad3c948f4d605d)
Start importing Assets/Zenjex/Reflex/Generics/DisposableCollection.cs using Guid(3dd1cd15ce4df417e878ca31e825c39d) Importer(2089858483,b0f066a214c2f5e87bad3c948f4d605d) (ScriptedImporter) -> (Import Result ID: '21f66ae648e9c8f99096c2b8bb5f15cc') in 0.0154678 seconds [static and dynamic dependencies]. Details - ImportResultOutputID=94cb0596f12e1720994109916cf97bda DependenciesID=a1e7e42fedc32b049cdc261f422869c5 StaticDependenciesID=7860feacba34800365b0956c3aa51cc8 
Number of updated asset objects reloaded before import = 0Number of asset objects unloaded after import = 0

========================================================================
Received Import Request.
  Time since last request: 0.000018 seconds.
  path: Assets/TextMesh Pro/Shaders/TMP_SDF SSD.shader
  importAddress: Guid(14eb328de4b8eb245bb7cea29e4ac00b) Importer(2089858483,b0f066a214c2f5e87bad3c948f4d605d)
Start importing Assets/TextMesh Pro/Shaders/TMP_SDF SSD.shader using Guid(14eb328de4b8eb245bb7cea29e4ac00b) Importer(2089858483,b0f066a214c2f5e87bad3c948f4d605d) (ScriptedImporter) -> (Import Result ID: 'b165bfac01a22a4b10d9d187d9cf611f') in 0.0157668 seconds [static and dynamic dependencies]. Details - ImportResultOutputID=f725c3c6e0240815b383a100a11dfc9e DependenciesID=215dd8e1f94f1126ba87678cb99ef4ce StaticDependenciesID=8dab4151aa6bd08630c2d16ff94a2c92 
Number of updated asset objects reloaded before import = 0Number of asset objects unloaded after import = 1

========================================================================
Received Import Request.
  Time since last request: 0.000019 seconds.
  path: Assets/Zenjex/Reflex/Editor/Linking/Linker.cs
  importAddress: Guid(a8d259443be0ad343a5b1b8a87924ca8) Importer(2089858483,b0f066a214c2f5e87bad3c948f4d605d)
Start importing Assets/Zenjex/Reflex/Editor/Linking/Linker.cs using Guid(a8d259443be0ad343a5b1b8a87924ca8) Importer(2089858483,b0f066a214c2f5e87bad3c948f4d605d) (ScriptedImporter) -> (Import Result ID: '2924a8928497d59e91740649a407a00c') in 0.0115392 seconds [static and dynamic dependencies]. Details - ImportResultOutputID=4ab41ccf95de5756ce4c9419d452cf6b DependenciesID=07caebf8a12d0944465293436d823077 StaticDependenciesID=01f50cf9346a976d224f10c5cf8897c7 
Number of updated asset objects reloaded before import = 0Number of asset objects unloaded after import = 0

========================================================================
Received Import Request.
  Time since last request: 0.000022 seconds.
  path: Assets/DevConsole/Frontend/Model/MobileKeyboard.cs
  importAddress: Guid(870c1f72437d2e54da34e10c6bfbfc4f) Importer(2089858483,b0f066a214c2f5e87bad3c948f4d605d)
Start importing Assets/DevConsole/Frontend/Model/MobileKeyboard.cs using Guid(870c1f72437d2e54da34e10c6bfbfc4f) Importer(2089858483,b0f066a214c2f5e87bad3c948f4d605d) (ScriptedImporter) -> (Import Result ID: 'cd4e230b67418744a17fba540cf4b487') in 0.013019 seconds [static and dynamic dependencies]. Details - ImportResultOutputID=3012fbe90595dc02646e9e242012a65e DependenciesID=e1c28501117a623ba75311d5fa10ae26 StaticDependenciesID=e7f5cb909c84b9accfe061025196afff 
Number of updated asset objects reloaded before import = 0Number of asset objects unloaded after import = 0

========================================================================
Received Import Request.
  Time since last request: 0.000037 seconds.
  path: Assets/Settings/UniversalRenderPipelineGlobalSettings.asset
  importAddress: Guid(18dc0cd2c080841dea60987a38ce93fa) Importer(2089858483,b0f066a214c2f5e87bad3c948f4d605d)
Start importing Assets/Settings/UniversalRenderPipelineGlobalSettings.asset using Guid(18dc0cd2c080841dea60987a38ce93fa) Importer(2089858483,b0f066a214c2f5e87bad3c948f4d605d) (ScriptedImporter) -> (Import Result ID: '1607d135be2c285daa919387b351899a') in 0.1042499 seconds [static and dynamic dependencies]. Details - ImportResultOutputID=4c57f64f03573bb5ebab1d2381d7c9e2 DependenciesID=d6e496e26e71b239e859557bf4634988 StaticDependenciesID=f6be57438aeabb836943358feeb7568c 
Number of updated asset objects reloaded before import = 0Number of asset objects unloaded after import = 0

========================================================================
Received Import Request.
  Time since last request: 0.000019 seconds.
  path: Assets/DevConsole/Frontend/View/ConsoleStyles.cs
  importAddress: Guid(2c72314ceb1e38a46925e0b5d44e63eb) Importer(2089858483,b0f066a214c2f5e87bad3c948f4d605d)
Start importing Assets/DevConsole/Frontend/View/ConsoleStyles.cs using Guid(2c72314ceb1e38a46925e0b5d44e63eb) Importer(2089858483,b0f066a214c2f5e87bad3c948f4d605d) (ScriptedImporter) -> (Import Result ID: '4e99b5b3348b18b62144c9f53ccc9bd1') in 0.0129813 seconds [static and dynamic dependencies]. Details - ImportResultOutputID=7613e5cf083889f4a91eaa46b8a5b0a3 DependenciesID=46e56d46342750951913e543b76327c3 StaticDependenciesID=a83e9dd02d2d9a74e4ccf19506b22cd0 
Number of updated asset objects reloaded before import = 0Number of asset objects unloaded after import = 0

========================================================================
Received Import Request.
  Time since last request: 0.000028 seconds.
  path: Assets/TextMesh Pro/Shaders/TMP_Bitmap.shader
  importAddress: Guid(128e987d567d4e2c824d754223b3f3b0) Importer(2089858483,b0f066a214c2f5e87bad3c948f4d605d)
Start importing Assets/TextMesh Pro/Shaders/TMP_Bitmap.shader using Guid(128e987d567d4e2c824d754223b3f3b0) Importer(2089858483,b0f066a214c2f5e87bad3c948f4d605d) (ScriptedImporter) -> (Import Result ID: '4999ab10a409e9399d36030ed5aac373') in 0.0144731 seconds [static and dynamic dependencies]. Details - ImportResultOutputID=528a1073f886d6af2a94a469e8fa27ae DependenciesID=7d77b5e9fe754698ef1729636c2edc2b StaticDependenciesID=54796b178d1ac5560e8bbc383702abfe 
Number of updated asset objects reloaded before import = 0Number of asset objects unloaded after import = 1

========================================================================
Received Import Request.
  Time since last request: 0.000014 seconds.
  path: Assets/TextMesh Pro/Resources/Sprite Assets/EmojiOne.asset
  importAddress: Guid(c41005c129ba4d66911b75229fd70b45) Importer(2089858483,b0f066a214c2f5e87bad3c948f4d605d)
Start importing Assets/TextMesh Pro/Resources/Sprite Assets/EmojiOne.asset using Guid(c41005c129ba4d66911b75229fd70b45) Importer(2089858483,b0f066a214c2f5e87bad3c948f4d605d) (ScriptedImporter) -> (Import Result ID: '58afd526b5b815c673493ac3536fef8e') in 0.0214284 seconds [static and dynamic dependencies]. Details - ImportResultOutputID=056424ce484f85f1c52cb08a1d8be92e DependenciesID=d9a1a54177eecb80e1b544f0b81019ea StaticDependenciesID=068ac2821dacc3dff5c8d3664b141deb 
Number of updated asset objects reloaded before import = 0Number of asset objects unloaded after import = 3

========================================================================
Received Import Request.
  Time since last request: 0.000029 seconds.
  path: Assets/Settings/PC_RPAsset.asset
  importAddress: Guid(4b83569d67af61e458304325a23e5dfd) Importer(2089858483,b0f066a214c2f5e87bad3c948f4d605d)
Start importing Assets/Settings/PC_RPAsset.asset using Guid(4b83569d67af61e458304325a23e5dfd) Importer(2089858483,b0f066a214c2f5e87bad3c948f4d605d) (ScriptedImporter) -> (Import Result ID: '792155e9567eb06e35c932ac17d70a74') in 0.0267066 seconds [static and dynamic dependencies]. Details - ImportResultOutputID=1517fcc63d15e66f9a5e7a270c061f7e DependenciesID=c39eb3a4c5e2f46806c1eaf68c5849b2 StaticDependenciesID=73ffc5ff875f3a7ae08ddeaedea5371d 
Number of updated asset objects reloaded before import = 0Number of asset objects unloaded after import = 1

========================================================================
Received Import Request.
  Time since last request: 0.000018 seconds.
  path: Assets/TextMesh Pro/Resources/Fonts & Materials/LiberationSans SDF - Fallback.asset
  importAddress: Guid(2e498d1c8094910479dc3e1b768306a4) Importer(2089858483,b0f066a214c2f5e87bad3c948f4d605d)
Start importing Assets/TextMesh Pro/Resources/Fonts & Materials/LiberationSans SDF - Fallback.asset using Guid(2e498d1c8094910479dc3e1b768306a4) Importer(2089858483,b0f066a214c2f5e87bad3c948f4d605d) (ScriptedImporter) -> (Import Result ID: '86e916970399c7ec321f041186cc8285') in 0.0441073 seconds [static and dynamic dependencies]. Details - ImportResultOutputID=6ae18edb9b958b7f18c0d9562190c9e4 DependenciesID=edf6f769862fa712861445a95d4b60f7 StaticDependenciesID=8517010cdcf415fd45c6afe5df9513bc 
Number of updated asset objects reloaded before import = 0Number of asset objects unloaded after import = 5

========================================================================
Received Prepare
Begin MonoManager ReloadAssembly
[Licensing::Client] Successfully resolved entitlement details
Assembly Assembly-CSharp-Editor.dll at Library/ScriptAssemblies/Assembly-CSharp-Editor.dll not valid. Loading of assembly skipped.
Assembly Assembly-CSharp-firstpass.dll at Library/ScriptAssemblies/Assembly-CSharp-firstpass.dll not valid. Loading of assembly skipped.
Assembly Assembly-CSharp.dll at Library/ScriptAssemblies/Assembly-CSharp.dll not valid. Loading of assembly skipped.
Assembly DocCodeExamples.dll at Library/ScriptAssemblies/DocCodeExamples.dll not valid. Loading of assembly skipped.
Assembly TestNewCustomAssembly.dll at Library/ScriptAssemblies/TestNewCustomAssembly.dll not valid. Loading of assembly skipped.
Assembly Unity.Collections.BurstCompatibilityGen.dll at Library/ScriptAssemblies/Unity.Collections.BurstCompatibilityGen.dll not valid. Loading of assembly skipped.
Assembly Unity.Collections.DocCodeSamples.dll at Library/ScriptAssemblies/Unity.Collections.DocCodeSamples.dll not valid. Loading of assembly skipped.
Assembly Unity.Collections.PerformanceTests.dll at Library/ScriptAssemblies/Unity.Collections.PerformanceTests.dll not valid. Loading of assembly skipped.
Assembly Unity.Collections.Tests.dll at Library/ScriptAssemblies/Unity.Collections.Tests.dll not valid. Loading of assembly skipped.
Assembly Unity.Collections.Tests.Playmode.dll at Library/ScriptAssemblies/Unity.Collections.Tests.Playmode.dll not valid. Loading of assembly skipped.
Assembly Unity.InputSystem.IntegrationTests.dll at Library/ScriptAssemblies/Unity.InputSystem.IntegrationTests.dll not valid. Loading of assembly skipped.
Assembly Unity.Mathematics.Tests.dll at Library/ScriptAssemblies/Unity.Mathematics.Tests.dll not valid. Loading of assembly skipped.
Assembly Unity.Multiplayer.Center.Editor.Tests.dll at Library/ScriptAssemblies/Unity.Multiplayer.Center.Editor.Tests.dll not valid. Loading of assembly skipped.
Assembly Unity.Multiplayer.Center.Tests.dll at Library/ScriptAssemblies/Unity.Multiplayer.Center.Tests.dll not valid. Loading of assembly skipped.
Assembly Unity.Nuget.Mono-Cecil.dll at Library/ScriptAssemblies/Unity.Nuget.Mono-Cecil.dll not valid. Loading of assembly skipped.
Assembly Unity.PathTracing.Editor.Tests.dll at Library/ScriptAssemblies/Unity.PathTracing.Editor.Tests.dll not valid. Loading of assembly skipped.
Assembly Unity.PathTracing.Runtime.Tests.dll at Library/ScriptAssemblies/Unity.PathTracing.Runtime.Tests.dll not valid. Loading of assembly skipped.
Assembly Unity.RenderPipelines.Core.Editor.Tests.dll at Library/ScriptAssemblies/Unity.RenderPipelines.Core.Editor.Tests.dll not valid. Loading of assembly skipped.
Assembly Unity.RenderPipelines.Core.Runtime.Tests.dll at Library/ScriptAssemblies/Unity.RenderPipelines.Core.Runtime.Tests.dll not valid. Loading of assembly skipped.
Assembly Unity.RenderPipelines.Universal.Config.Editor.Tests.dll at Library/ScriptAssemblies/Unity.RenderPipelines.Universal.Config.Editor.Tests.dll not valid. Loading of assembly skipped.
Assembly Unity.RenderPipelines.Universal.Editor.Tests.dll at Library/ScriptAssemblies/Unity.RenderPipelines.Universal.Editor.Tests.dll not valid. Loading of assembly skipped.
Assembly Unity.RenderPipelines.Universal.Runtime.Tests.dll at Library/ScriptAssemblies/Unity.RenderPipelines.Universal.Runtime.Tests.dll not valid. Loading of assembly skipped.
Assembly Unity.Searcher.EditorTests.dll at Library/ScriptAssemblies/Unity.Searcher.EditorTests.dll not valid. Loading of assembly skipped.
Assembly Unity.ShaderGraph.Editor.Tests.dll at Library/ScriptAssemblies/Unity.ShaderGraph.Editor.Tests.dll not valid. Loading of assembly skipped.
Assembly Unity.TextMeshPro.Editor.Tests.dll at Library/ScriptAssemblies/Unity.TextMeshPro.Editor.Tests.dll not valid. Loading of assembly skipped.
Assembly Unity.TextMeshPro.Tests.dll at Library/ScriptAssemblies/Unity.TextMeshPro.Tests.dll not valid. Loading of assembly skipped.
Assembly Unity.UnifiedRayTracing.Editor.Tests.dll at Library/ScriptAssemblies/Unity.UnifiedRayTracing.Editor.Tests.dll not valid. Loading of assembly skipped.
Assembly UnityEditor.UI.Common.Tests.dll at Library/ScriptAssemblies/UnityEditor.UI.Common.Tests.dll not valid. Loading of assembly skipped.
Assembly UnityEditor.UI.EditorTests.dll at Library/ScriptAssemblies/UnityEditor.UI.EditorTests.dll not valid. Loading of assembly skipped.
Assembly UnityEngine.UI.Tests.dll at Library/ScriptAssemblies/UnityEngine.UI.Tests.dll not valid. Loading of assembly skipped.
Native extension for LinuxStandalone target not found
Native extension for AppleTV target not found
Native extension for iOS target not found
Native extension for Android target not found
Native extension for UWP target not found
Native extension for WindowsStandalone target not found
Failed to load: C:/Program Files/Unity/Hub/Editor/6000.4.0f1/Editor/Data/PlaybackEngines/VisionOSPlayer\x64\UnityEditor.VisionOS.Native.dll
Native extension for VisionOS target not found
Native extension for OSXStandalone target not found
Native extension for WebGL target not found
[Package Manager] Failed to launch server process. Reason: Unity was launched with the -noUpm command-line argument
[Package Manager] Unable to send message (not connected to server process).
[Package Manager] Cannot connect to Unity Package Manager local server
[Package Manager] Failed to launch server process. Reason: Unity was launched with the -noUpm command-line argument
[Package Manager] Unable to send message (not connected to server process).
[Package Manager] Cannot connect to Unity Package Manager local server
ScheduleIndexationOnStartup MainProcess:False IndexOnStartup:True
Mono: successfully reloaded assembly
- Finished resetting the current domain, in  0.831 seconds
Domain Reload Profiling: 1587ms
	BeginReloadAssembly (169ms)
		DisableScriptedObjects (4ms)
		CreateAndSetChildDomain (49ms)
	RebuildCommonClasses (42ms)
	RebuildNativeTypeToScriptingClass (12ms)
	initialDomainReloadingComplete (49ms)
	LoadAllAssembliesAndSetupDomain (483ms)
		LoadAssemblies (355ms)
		AnalyzeDomain (183ms)
			TypeCache.Refresh (9ms)
			BuildScriptInfoCaches (158ms)
			ResolveRequiredComponents (14ms)
	FinalizeReload (832ms)
		SetupLoadedEditorAssemblies (0ms)
			InitializePlatformSupportModulesInManaged (27ms)
			BeforeProcessingInitializeOnLoad (192ms)
			ProcessInitializeOnLoadAttributes (332ms)
			ProcessInitializeOnLoadMethodAttributes (83ms)
			AfterProcessingInitializeOnLoad (5ms)
		AwakeInstancesAfterBackupRestoration (17ms)
Unloading 24 Unused Serialized files (Serialized files now loaded: 0)
Unloading 6451 unused Assets / (4.9 MB). Loaded Objects now: 7320.
Memory consumption went from 167.4 MB to 162.5 MB.
Total: 7.929100 ms (FindLiveObjects: 0.685600 ms CreateObjectMapping: 0.338800 ms MarkObjects: 4.812000 ms  DeleteObjects: 2.090600 ms)

Prepare: number of updated asset objects reloaded= 0
