[Licensing::Module] Trying to connect to existing licensing client channel...
Built from '6000.4/staging' branch; Version is '6000.4.0f1 (8cf496087c8f) revision 9237654'; Using compiler version '194234433'; Build Type 'Release'
OS: 'Windows 11  (10.0.26100) ProfessionalWorkstation' Language: 'ru' Physical Memory: 32543 MB
[Licensing::IpcConnector] Successfully connected to: "LicenseClient-User" at "2026-03-25T09:15:15.0808717Z"
BatchMode: 1, IsHumanControllingUs: 0, StartBugReporterOnCrash: 0, Is64bit: 1
System  architecture: x64
Process architecture: x64
Date: 2026-03-25T09:15:15Z

COMMAND LINE ARGUMENTS:
C:\Program Files\Unity\Hub\Editor\6000.4.0f1\Editor\Unity.exe
-adb2
-batchMode
-noUpm
-name
AssetImportWorker4
-projectPath
C:/Repos/Zenjex/src/Samples/DevConsole
-logFile
Logs/AssetImportWorker4.log
-srvPort
50237
-licensingIpc
LicenseClient-User
-force-d3d12
-job-worker-count
9
-background-job-worker-count
8
-gc-helper-count
1
-name
AssetImport
Successfully changed project path to: C:/Repos/Zenjex/src/Samples/DevConsole
C:/Repos/Zenjex/src/Samples/DevConsole
[UnityMemory] Configuration Parameters - Can be set up in boot.config
    "memorysetup-temp-allocator-size-gi-baking-worker=262144"
    "memorysetup-temp-allocator-size-gi-baking-worker=262144"
    "memorysetup-temp-allocator-size-gi-baking-worker=262144"
    "memorysetup-temp-allocator-size-gi-baking-worker=262144"
    "memorysetup-temp-allocator-size-gi-baking-worker=262144"
    "memorysetup-temp-allocator-size-nav-mesh-worker=65536"
    "memorysetup-temp-allocator-size-audio-worker=65536"
    "memorysetup-temp-allocator-size-cloud-worker=32768"
    "memorysetup-temp-allocator-size-gfx=262144"
    "memorysetup-temp-allocator-size-preload-manager=33554432"
    "memorysetup-temp-allocator-size-job-worker=262144"
    "memorysetup-temp-allocator-size-background-worker=32768"
    "memorysetup-allocator-temp-initial-block-size-main=262144"
    "memorysetup-allocator-temp-initial-block-size-worker=262144"
    "memorysetup-bucket-allocator-granularity=16"
    "memorysetup-bucket-allocator-bucket-count=8"
    "memorysetup-bucket-allocator-block-size=33554432"
    "memorysetup-bucket-allocator-block-count=8"
    "memorysetup-main-allocator-block-size=16777216"
    "memorysetup-thread-allocator-block-size=16777216"
    "memorysetup-gfx-main-allocator-block-size=16777216"
    "memorysetup-gfx-thread-allocator-block-size=16777216"
    "memorysetup-cache-allocator-block-size=4194304"
    "memorysetup-typetree-allocator-block-size=2097152"
    "memorysetup-profiler-bucket-allocator-granularity=16"
    "memorysetup-profiler-bucket-allocator-bucket-count=8"
    "memorysetup-profiler-bucket-allocator-block-size=33554432"
    "memorysetup-profiler-bucket-allocator-block-count=8"
    "memorysetup-profiler-allocator-block-size=16777216"
    "memorysetup-profiler-editor-allocator-block-size=1048576"
    "memorysetup-temp-allocator-size-main=16777216"
    "memorysetup-job-temp-allocator-block-size=2097152"
    "memorysetup-job-temp-allocator-block-size-background=1048576"
    "memorysetup-job-temp-allocator-reduction-small-platforms=262144"
Player connection [34348]  Target information:

Player connection [34348]  * "[IP] 10.20.52.152 [Port] 0 [Flags] 2 [Guid] 1412151216 [EditorId] 1412151216 [Version] 1048832 [Id] WindowsEditor(7,DESKTOP-JDUDAHE) [Debug] 1 [PackageName] WindowsEditor [ProjectName] Editor" 

Player connection [34348] Host joined multi-casting on [225.0.0.222:54997]...
Player connection [34348] Host joined alternative multi-casting on [225.0.0.222:34997]...
JobSystem: Creating JobQueue using job-worker-count value 9
Input System module state changed to: Initialized.
[Physics::Module] Initialized fallback backend.
[Physics::Module] Id: 0xdecafbad
Library Redirect Path: Library/
[Physics::Module] Selected backend.
[Physics::Module] Name: PhysX
[Physics::Module] Id: 0xf2b8ea05
[Physics::Module] SDK Version: 4.1.2
[Physics::Module] Integration Version: 1.0.0
[Physics::Module] Threading Mode: Multi-Threaded
Refreshing native plugins compatible for Editor in 3.25 ms, found 3 plugins.
Initialize engine version: 6000.4.0f1 (8cf496087c8f)
[Subsystems] Discovering subsystems at path C:/Program Files/Unity/Hub/Editor/6000.4.0f1/Editor/Data/Resources/UnitySubsystems
[Subsystems] Discovering subsystems at path C:/Repos/Zenjex/src/Samples/DevConsole/Assets
Forcing GfxDevice: Direct3D 12
GfxDevice: creating device client; kGfxThreadingModeNonThreaded
[Licensing::Client] Error: HandshakeResponse reported an error:
	ResponseCode: 505
	ResponseStatus: Unsupported protocol version '1.18.1'.
[Licensing::Module] Error: Failed to handshake to channel: "LicenseClient-User"
[Licensing::IpcConnector] LicenseClient-User channel disconnected successfully.
[Licensing::IpcConnector] Successfully connected to: "LicenseClient-User-6000.4.0" at "2026-03-25T09:15:16.279451Z"
d3d12: failed to query info queue interface (0x80004002).
Direct3D:
    Version:         Direct3D 12 [level 12.2]
    Renderer:        NVIDIA GeForce RTX 4070 Laptop GPU (ID=0x2820)
    Vendor:          NVIDIA
    VRAM:            7948 MB
    App VRAM Budget: 7180 MB
    Driver:          32.0.15.9579
Initialize mono
Mono path[0] = 'C:/Program Files/Unity/Hub/Editor/6000.4.0f1/Editor/Data/Managed'
Mono path[1] = 'C:/Program Files/Unity/Hub/Editor/6000.4.0f1/Editor/Data/MonoBleedingEdge/lib/mono/unityjit-win32'
Mono config path = 'C:/Program Files/Unity/Hub/Editor/6000.4.0f1/Editor/Data/MonoBleedingEdge/etc'
Using monoOptions --debugger-agent=transport=dt_socket,embedding=1,server=y,suspend=n,address=127.0.0.1:56216
CodeReloadManager initialized
Begin MonoManager ReloadAssembly
Registering precompiled unity dll's ...
Register platform support module: C:/Program Files/Unity/Hub/Editor/6000.4.0f1/Editor/Data/PlaybackEngines/WebGLSupport/UnityEditor.WebGL.Extensions.dll
Register platform support module: C:/Program Files/Unity/Hub/Editor/6000.4.0f1/Editor/Data/PlaybackEngines/MacStandaloneSupport/UnityEditor.OSXStandalone.Extensions.dll
[Licensing::Module] Licensing is not yet initialized.
[Licensing::Client] Handshaking with LicensingClient:
  Version:                 1.18.1+9fbee8e
  Session Id:              e21bcd7fa0d84ade9da28702096d49e4
  Correlation Id:          9beb5b2690b0c1f40048fb6e32771c16
  External correlation Id: 9109637779907415179
  Machine Id:              BVjh6/fJmMGeb49K+i6kyCZyA9E=
[Licensing::Module] Successfully connected to LicensingClient on channel: "LicenseClient-User-6000.4.0" (connect: 0.00s, validation: 0.00s, handshake: 1.31s)
[Licensing::IpcConnector] Successfully connected to: "LicenseClient-User-6000.4.0-notifications" at "2026-03-25T09:15:17.5900132Z"
[Licensing::Module] Licensing Background thread has ended after 2.51s
[Licensing::Module] Licensing is initialized (took 0.29s).
[Licensing::Client] Successfully resolved entitlement details
[Licensing::Module] License group:
  Id: 10171442449779-UnityPersXXXX
  Product: Unity Personal
  Type: Assigned
  Expiration: Unlimited
Register platform support module: C:/Program Files/Unity/Hub/Editor/6000.4.0f1/Editor/Data/PlaybackEngines/VisionOSPlayer/UnityEditor.VisionOS.Extensions.dll
Register platform support module: C:/Program Files/Unity/Hub/Editor/6000.4.0f1/Editor/Data/PlaybackEngines/WindowsStandaloneSupport/UnityEditor.WindowsStandalone.Extensions.dll
[Licensing::Client] Successfully resolved entitlement details
Register platform support module: C:/Program Files/Unity/Hub/Editor/6000.4.0f1/Editor/Data/PlaybackEngines/MetroSupport/UnityEditor.UWP.Extensions.dll
[Licensing::Client] Successfully resolved entitlement details
Register platform support module: C:/Program Files/Unity/Hub/Editor/6000.4.0f1/Editor/Data/PlaybackEngines/AndroidPlayer/UnityEditor.Android.Extensions.dll
Register platform support module: C:/Program Files/Unity/Hub/Editor/6000.4.0f1/Editor/Data/PlaybackEngines/iOSSupport/UnityEditor.iOS.Extensions.dll
Register platform support module: C:/Program Files/Unity/Hub/Editor/6000.4.0f1/Editor/Data/PlaybackEngines/AppleTVSupport/UnityEditor.AppleTV.Extensions.dll
Register platform support module: C:/Program Files/Unity/Hub/Editor/6000.4.0f1/Editor/Data/PlaybackEngines/LinuxStandaloneSupport/UnityEditor.LinuxStandalone.Extensions.dll
Registered in 0.306764 seconds.
Native extension for LinuxStandalone target not found
[usbmuxd] Start listen thread
[usbmuxd] Listen thread started
Native extension for AppleTV target not found
[usbmuxd] Start listen thread
[usbmuxd] Listen thread started
Native extension for iOS target not found
Native extension for Android target not found
Android Extension - Scanning For ADB Devices 300 ms
Native extension for UWP target not found
Native extension for WindowsStandalone target not found
Failed to load: C:/Program Files/Unity/Hub/Editor/6000.4.0f1/Editor/Data/PlaybackEngines/VisionOSPlayer\x64\UnityEditor.VisionOS.Native.dll
Native extension for VisionOS target not found
Native extension for OSXStandalone target not found
Native extension for WebGL target not found
Package Manager log level set to [2]
[Package Manager] Failed to launch server process. Reason: Unity was launched with the -noUpm command-line argument
[Package Manager] Unable to send message (not connected to server process).
[Package Manager] Cannot connect to Unity Package Manager local server
[Package Manager] Failed to launch server process. Reason: Unity was launched with the -noUpm command-line argument
[Package Manager] Unable to send message (not connected to server process).
[Package Manager] Cannot connect to Unity Package Manager local server
ScheduleIndexationOnStartup MainProcess:False IndexOnStartup:True
Mono: successfully reloaded assembly
- Finished resetting the current domain, in  0.795 seconds
Domain Reload Profiling: 1624ms
	BeginReloadAssembly (126ms)
	RebuildCommonClasses (40ms)
	RebuildNativeTypeToScriptingClass (17ms)
	initialDomainReloadingComplete (383ms)
	LoadAllAssembliesAndSetupDomain (265ms)
		LoadAssemblies (123ms)
		AnalyzeDomain (252ms)
			TypeCache.Refresh (250ms)
				TypeCache.ScanAssembly (234ms)
	FinalizeReload (795ms)
		SetupLoadedEditorAssemblies (0ms)
			InitializePlatformSupportModulesInManaged (451ms)
			BeforeProcessingInitializeOnLoad (102ms)
			ProcessInitializeOnLoadAttributes (102ms)
			ProcessInitializeOnLoadMethodAttributes (63ms)
========================================================================
Worker process is ready to serve import requests
Import Worker Mode flag is 0x00
Begin MonoManager ReloadAssembly
[Licensing::Client] Successfully resolved entitlement details
Assembly Assembly-CSharp-Editor.dll at Library/ScriptAssemblies/Assembly-CSharp-Editor.dll not valid. Loading of assembly skipped.
Assembly Assembly-CSharp-firstpass.dll at Library/ScriptAssemblies/Assembly-CSharp-firstpass.dll not valid. Loading of assembly skipped.
Assembly Assembly-CSharp.dll at Library/ScriptAssemblies/Assembly-CSharp.dll not valid. Loading of assembly skipped.
Assembly DocCodeExamples.dll at Library/ScriptAssemblies/DocCodeExamples.dll not valid. Loading of assembly skipped.
Assembly TestNewCustomAssembly.dll at Library/ScriptAssemblies/TestNewCustomAssembly.dll not valid. Loading of assembly skipped.
Assembly Unity.Collections.BurstCompatibilityGen.dll at Library/ScriptAssemblies/Unity.Collections.BurstCompatibilityGen.dll not valid. Loading of assembly skipped.
Assembly Unity.Collections.DocCodeSamples.dll at Library/ScriptAssemblies/Unity.Collections.DocCodeSamples.dll not valid. Loading of assembly skipped.
Assembly Unity.Collections.PerformanceTests.dll at Library/ScriptAssemblies/Unity.Collections.PerformanceTests.dll not valid. Loading of assembly skipped.
Assembly Unity.Collections.Tests.dll at Library/ScriptAssemblies/Unity.Collections.Tests.dll not valid. Loading of assembly skipped.
Assembly Unity.Collections.Tests.Playmode.dll at Library/ScriptAssemblies/Unity.Collections.Tests.Playmode.dll not valid. Loading of assembly skipped.
Assembly Unity.InputSystem.IntegrationTests.dll at Library/ScriptAssemblies/Unity.InputSystem.IntegrationTests.dll not valid. Loading of assembly skipped.
Assembly Unity.Mathematics.Tests.dll at Library/ScriptAssemblies/Unity.Mathematics.Tests.dll not valid. Loading of assembly skipped.
Assembly Unity.Multiplayer.Center.Editor.Tests.dll at Library/ScriptAssemblies/Unity.Multiplayer.Center.Editor.Tests.dll not valid. Loading of assembly skipped.
Assembly Unity.Multiplayer.Center.Tests.dll at Library/ScriptAssemblies/Unity.Multiplayer.Center.Tests.dll not valid. Loading of assembly skipped.
Assembly Unity.Nuget.Mono-Cecil.dll at Library/ScriptAssemblies/Unity.Nuget.Mono-Cecil.dll not valid. Loading of assembly skipped.
Assembly Unity.PathTracing.Editor.Tests.dll at Library/ScriptAssemblies/Unity.PathTracing.Editor.Tests.dll not valid. Loading of assembly skipped.
Assembly Unity.PathTracing.Runtime.Tests.dll at Library/ScriptAssemblies/Unity.PathTracing.Runtime.Tests.dll not valid. Loading of assembly skipped.
Assembly Unity.RenderPipelines.Core.Editor.Tests.dll at Library/ScriptAssemblies/Unity.RenderPipelines.Core.Editor.Tests.dll not valid. Loading of assembly skipped.
Assembly Unity.RenderPipelines.Core.Runtime.Tests.dll at Library/ScriptAssemblies/Unity.RenderPipelines.Core.Runtime.Tests.dll not valid. Loading of assembly skipped.
Assembly Unity.RenderPipelines.Universal.Config.Editor.Tests.dll at Library/ScriptAssemblies/Unity.RenderPipelines.Universal.Config.Editor.Tests.dll not valid. Loading of assembly skipped.
Assembly Unity.RenderPipelines.Universal.Editor.Tests.dll at Library/ScriptAssemblies/Unity.RenderPipelines.Universal.Editor.Tests.dll not valid. Loading of assembly skipped.
Assembly Unity.RenderPipelines.Universal.Runtime.Tests.dll at Library/ScriptAssemblies/Unity.RenderPipelines.Universal.Runtime.Tests.dll not valid. Loading of assembly skipped.
Assembly Unity.Searcher.EditorTests.dll at Library/ScriptAssemblies/Unity.Searcher.EditorTests.dll not valid. Loading of assembly skipped.
Assembly Unity.ShaderGraph.Editor.Tests.dll at Library/ScriptAssemblies/Unity.ShaderGraph.Editor.Tests.dll not valid. Loading of assembly skipped.
Assembly Unity.TextMeshPro.Editor.Tests.dll at Library/ScriptAssemblies/Unity.TextMeshPro.Editor.Tests.dll not valid. Loading of assembly skipped.
Assembly Unity.TextMeshPro.Tests.dll at Library/ScriptAssemblies/Unity.TextMeshPro.Tests.dll not valid. Loading of assembly skipped.
Assembly Unity.UnifiedRayTracing.Editor.Tests.dll at Library/ScriptAssemblies/Unity.UnifiedRayTracing.Editor.Tests.dll not valid. Loading of assembly skipped.
Assembly UnityEditor.UI.Common.Tests.dll at Library/ScriptAssemblies/UnityEditor.UI.Common.Tests.dll not valid. Loading of assembly skipped.
Assembly UnityEditor.UI.EditorTests.dll at Library/ScriptAssemblies/UnityEditor.UI.EditorTests.dll not valid. Loading of assembly skipped.
Assembly UnityEngine.UI.Tests.dll at Library/ScriptAssemblies/UnityEngine.UI.Tests.dll not valid. Loading of assembly skipped.
Native extension for LinuxStandalone target not found
Native extension for AppleTV target not found
Native extension for iOS target not found
Native extension for Android target not found
Native extension for UWP target not found
Native extension for WindowsStandalone target not found
Failed to load: C:/Program Files/Unity/Hub/Editor/6000.4.0f1/Editor/Data/PlaybackEngines/VisionOSPlayer\x64\UnityEditor.VisionOS.Native.dll
Native extension for VisionOS target not found
Native extension for OSXStandalone target not found
Native extension for WebGL target not found
[Package Manager] Failed to launch server process. Reason: Unity was launched with the -noUpm command-line argument
[Package Manager] Unable to send message (not connected to server process).
[Package Manager] Cannot connect to Unity Package Manager local server
[Package Manager] Failed to launch server process. Reason: Unity was launched with the -noUpm command-line argument
[Package Manager] Unable to send message (not connected to server process).
[Package Manager] Cannot connect to Unity Package Manager local server
ScheduleIndexationOnStartup MainProcess:False IndexOnStartup:True
Mono: successfully reloaded assembly
- Finished resetting the current domain, in  1.047 seconds
Domain Reload Profiling: 2105ms
	BeginReloadAssembly (166ms)
		DisableScriptedObjects (7ms)
		CreateAndSetChildDomain (34ms)
	RebuildCommonClasses (39ms)
	RebuildNativeTypeToScriptingClass (15ms)
	initialDomainReloadingComplete (74ms)
	LoadAllAssembliesAndSetupDomain (763ms)
		LoadAssemblies (488ms)
		AnalyzeDomain (343ms)
			TypeCache.Refresh (252ms)
				TypeCache.ScanAssembly (229ms)
			BuildScriptInfoCaches (77ms)
			ResolveRequiredComponents (12ms)
	FinalizeReload (1047ms)
		SetupLoadedEditorAssemblies (0ms)
			InitializePlatformSupportModulesInManaged (28ms)
			BeforeProcessingInitializeOnLoad (227ms)
			ProcessInitializeOnLoadAttributes (433ms)
			ProcessInitializeOnLoadMethodAttributes (93ms)
			AfterProcessingInitializeOnLoad (8ms)
		AwakeInstancesAfterBackupRestoration (7ms)
Launched and connected shader compiler UnityShaderCompiler.exe after 0.02 seconds
Unloading 24 Unused Serialized files (Serialized files now loaded: 0)
Unloading 6452 unused Assets / (4.8 MB). Loaded Objects now: 7302.
Memory consumption went from 158.5 MB to 153.7 MB.
Total: 6.692700 ms (FindLiveObjects: 0.613900 ms CreateObjectMapping: 0.326000 ms MarkObjects: 4.120800 ms  DeleteObjects: 1.629400 ms)

========================================================================
Received Import Request.
  Time since last request: 183997.019805 seconds.
  path: Assets/Zenjex/Extensions/Attribute/ZenjexAttribute.cs
  importAddress: Guid(9de57f2af36f9e34eaa286ef7650a66e) Importer(2089858483,b0f066a214c2f5e87bad3c948f4d605d)
Start importing Assets/Zenjex/Extensions/Attribute/ZenjexAttribute.cs using Guid(9de57f2af36f9e34eaa286ef7650a66e) Importer(2089858483,b0f066a214c2f5e87bad3c948f4d605d) (ScriptedImporter) -> (Import Result ID: '61d33b2c79132d416b38d90d757dca27') in 0.102469 seconds [static and dynamic dependencies]. Details - ImportResultOutputID=4d74549f69f2d8f6dffd22116bee7304 DependenciesID=799bcef722fadefe47d6b3c7791a5f69 StaticDependenciesID=b09d2990d8dfad001c1154e1901c4ebb 
Number of updated asset objects reloaded before import = 0Number of asset objects unloaded after import = 0

========================================================================
Received Import Request.
  Time since last request: 0.000020 seconds.
  path: Assets/DevConsole/Frontend/Services/PlatformService.cs
  importAddress: Guid(6a48e03372e54da488b0035d40d340f2) Importer(2089858483,b0f066a214c2f5e87bad3c948f4d605d)
Start importing Assets/DevConsole/Frontend/Services/PlatformService.cs using Guid(6a48e03372e54da488b0035d40d340f2) Importer(2089858483,b0f066a214c2f5e87bad3c948f4d605d) (ScriptedImporter) -> (Import Result ID: '4a46df5033796b26ec60302abc4879c9') in 0.0220906 seconds [static and dynamic dependencies]. Details - ImportResultOutputID=d9dc9e4722417944f5418322fc4c0c5c DependenciesID=2f68fb1d310869d66cbfd24d524cdb2b StaticDependenciesID=80571d29bc984543a8a301dbbff2969b 
Number of updated asset objects reloaded before import = 0Number of asset objects unloaded after import = 0

========================================================================
Received Import Request.
  Time since last request: 0.000019 seconds.
  path: Assets/DevConsole/Editor/GameBuildDataEditor.cs
  importAddress: Guid(d799284ebb2322d41ab3810f222b3ba3) Importer(2089858483,b0f066a214c2f5e87bad3c948f4d605d)
Start importing Assets/DevConsole/Editor/GameBuildDataEditor.cs using Guid(d799284ebb2322d41ab3810f222b3ba3) Importer(2089858483,b0f066a214c2f5e87bad3c948f4d605d) (ScriptedImporter) -> (Import Result ID: 'dede992344ba7a7c8279f19920a86b6a') in 0.0185586 seconds [static and dynamic dependencies]. Details - ImportResultOutputID=3a01e723358509590536bbae7c07a682 DependenciesID=901dc98e4b4a44926386cd2bff78e823 StaticDependenciesID=0d6a4deead0aafb5580b53be53f5a70f 
Number of updated asset objects reloaded before import = 0Number of asset objects unloaded after import = 0

========================================================================
Received Import Request.
  Time since last request: 0.000025 seconds.
  path: Assets/TextMesh Pro/Shaders/TMPro_Properties.cginc
  importAddress: Guid(3997e2241185407d80309a82f9148466) Importer(2089858483,b0f066a214c2f5e87bad3c948f4d605d)
Start importing Assets/TextMesh Pro/Shaders/TMPro_Properties.cginc using Guid(3997e2241185407d80309a82f9148466) Importer(2089858483,b0f066a214c2f5e87bad3c948f4d605d) (ScriptedImporter) -> (Import Result ID: '2ea1049cb5d4ede9fbddae89288d6843') in 0.0180548 seconds [static and dynamic dependencies]. Details - ImportResultOutputID=6fbfa215457e8d194f6efbeff3f22aa3 DependenciesID=d8bf32c9fa39ab945d5c90b830d0ff41 StaticDependenciesID=ab070b6b75eb729a41727b84a827f49d 
Number of updated asset objects reloaded before import = 0Number of asset objects unloaded after import = 1

========================================================================
Received Import Request.
  Time since last request: 0.000028 seconds.
  path: Assets/Zenjex/Extensions/Injector/ZenjexBehaviour.cs
  importAddress: Guid(a1b2c3d4e5f6a7b8c9d0e1f2a3b4c5d6) Importer(2089858483,b0f066a214c2f5e87bad3c948f4d605d)
Start importing Assets/Zenjex/Extensions/Injector/ZenjexBehaviour.cs using Guid(a1b2c3d4e5f6a7b8c9d0e1f2a3b4c5d6) Importer(2089858483,b0f066a214c2f5e87bad3c948f4d605d) (ScriptedImporter) -> (Import Result ID: '20c912b8b0448d467a015a249728b3c3') in 0.0137591 seconds [static and dynamic dependencies]. Details - ImportResultOutputID=0f5afcd9c0677740a7ffc5044ccd0549 DependenciesID=7e7a921d5f33de19d535709edd2c7f90 StaticDependenciesID=f70c5cd9ff3bbb9e0019d42c02b83b12 
Number of updated asset objects reloaded before import = 0Number of asset objects unloaded after import = 0

========================================================================
Received Import Request.
  Time since last request: 0.000018 seconds.
  path: Assets/TextMesh Pro/Resources/LineBreaking Leading Characters.txt
  importAddress: Guid(d82c1b31c7e74239bff1220585707d2b) Importer(2089858483,b0f066a214c2f5e87bad3c948f4d605d)
Start importing Assets/TextMesh Pro/Resources/LineBreaking Leading Characters.txt using Guid(d82c1b31c7e74239bff1220585707d2b) Importer(2089858483,b0f066a214c2f5e87bad3c948f4d605d) (ScriptedImporter) -> (Import Result ID: 'a5e1245c31678b0b9d8affd658432ded') in 0.0147473 seconds [static and dynamic dependencies]. Details - ImportResultOutputID=6986ff4ae6242b8cc56a9798f2111f81 DependenciesID=b4b57beeb4264a473032fc54487d3946 StaticDependenciesID=dda605278c247b9c3f7e62e1f27042f7 
Number of updated asset objects reloaded before import = 0Number of asset objects unloaded after import = 1

========================================================================
Received Import Request.
  Time since last request: 0.000020 seconds.
  path: Assets/DevConsole/Editor/Utils/ManualSaveEditor.cs
  importAddress: Guid(82a50273330cebc49a2e4348623eacce) Importer(2089858483,b0f066a214c2f5e87bad3c948f4d605d)
Start importing Assets/DevConsole/Editor/Utils/ManualSaveEditor.cs using Guid(82a50273330cebc49a2e4348623eacce) Importer(2089858483,b0f066a214c2f5e87bad3c948f4d605d) (ScriptedImporter) -> (Import Result ID: '664d506b6e5eadf32e5d57f17ffde1a4') in 0.0141048 seconds [static and dynamic dependencies]. Details - ImportResultOutputID=e0a6db2ec5b8a08c10782a25b7eb6771 DependenciesID=67908317ece10463f9e092913ad0e09c StaticDependenciesID=64d47ff71a667fa2442818fccf201c9a 
Number of updated asset objects reloaded before import = 0Number of asset objects unloaded after import = 0

========================================================================
Received Import Request.
  Time since last request: 0.000028 seconds.
  path: Assets/TextMesh Pro/Resources/Fonts & Materials/LiberationSans SDF - Drop Shadow.mat
  importAddress: Guid(e73a58f6e2794ae7b1b7e50b7fb811b0) Importer(2089858483,b0f066a214c2f5e87bad3c948f4d605d)
Start importing Assets/TextMesh Pro/Resources/Fonts & Materials/LiberationSans SDF - Drop Shadow.mat using Guid(e73a58f6e2794ae7b1b7e50b7fb811b0) Importer(2089858483,b0f066a214c2f5e87bad3c948f4d605d) (ScriptedImporter) -> (Import Result ID: '0a196be80f64d7143639ba2d60cc163c') in 0.0432334 seconds [static and dynamic dependencies]. Details - ImportResultOutputID=784fb39d8d4c1d7d71d8f0fc7fe8e622 DependenciesID=a50d6a7860a8b6dbb37eef200024da51 StaticDependenciesID=88019135da2da4fcd85cec6acfa02a85 
Number of updated asset objects reloaded before import = 0Number of asset objects unloaded after import = 2

========================================================================
Received Import Request.
  Time since last request: 0.000028 seconds.
  path: Assets/DevConsole/DevConsole.asmdef
  importAddress: Guid(d60bd1f60d3234940876b9c3ca54f71b) Importer(2089858483,b0f066a214c2f5e87bad3c948f4d605d)
Start importing Assets/DevConsole/DevConsole.asmdef using Guid(d60bd1f60d3234940876b9c3ca54f71b) Importer(2089858483,b0f066a214c2f5e87bad3c948f4d605d) (ScriptedImporter) -> (Import Result ID: '3cc6015cb9a0fb209052e4b739f0462d') in 0.0159293 seconds [static and dynamic dependencies]. Details - ImportResultOutputID=1620244f31abcda5fcc9ed432d4c01f9 DependenciesID=3d8137e440db6fa37a7c5bcc9ea722be StaticDependenciesID=f8141bdf8556c6f84f7b61c17e5bb65b 
Number of updated asset objects reloaded before import = 0Number of asset objects unloaded after import = 1

========================================================================
Received Import Request.
  Time since last request: 0.000026 seconds.
  path: Assets/Zenjex/Extensions/Injector/ZenjexInjector.cs
  importAddress: Guid(9513490447c240e4cbbe431845df5f56) Importer(2089858483,b0f066a214c2f5e87bad3c948f4d605d)
Start importing Assets/Zenjex/Extensions/Injector/ZenjexInjector.cs using Guid(9513490447c240e4cbbe431845df5f56) Importer(2089858483,b0f066a214c2f5e87bad3c948f4d605d) (ScriptedImporter) -> (Import Result ID: 'cd0d9a85a69bc50401fc9c5539902cbd') in 0.0155146 seconds [static and dynamic dependencies]. Details - ImportResultOutputID=21a8642f4119fc28e4bb7f2e6d4c37f5 DependenciesID=453f0b45a067d8798fc8f9957d6b7afc StaticDependenciesID=886ab44b1346fcd5501d259980bc0954 
Number of updated asset objects reloaded before import = 0Number of asset objects unloaded after import = 0

========================================================================
Received Import Request.
  Time since last request: 0.000019 seconds.
  path: Assets/Zenjex/Reflex/Configuration/ReflexSettings.cs
  importAddress: Guid(f50e4916e4924f2788a73057a16764c0) Importer(2089858483,b0f066a214c2f5e87bad3c948f4d605d)
Start importing Assets/Zenjex/Reflex/Configuration/ReflexSettings.cs using Guid(f50e4916e4924f2788a73057a16764c0) Importer(2089858483,b0f066a214c2f5e87bad3c948f4d605d) (ScriptedImporter) -> (Import Result ID: 'fc12d838df71e62c9201dec592d9b18f') in 0.0129282 seconds [static and dynamic dependencies]. Details - ImportResultOutputID=117087f99883bd7dc34a3d1f64a0d685 DependenciesID=f344b75c87d9d9c4e06a94586c79088e StaticDependenciesID=5721e2cf0f2c15ef528d3ac4592108b5 
Number of updated asset objects reloaded before import = 0Number of asset objects unloaded after import = 0

========================================================================
Received Import Request.
  Time since last request: 0.000015 seconds.
  path: Assets/Zenjex/Reflex/Injectors/FieldInjector.cs
  importAddress: Guid(8c6f9f3a81984dfc8d24dce7b056f3fe) Importer(2089858483,b0f066a214c2f5e87bad3c948f4d605d)
Start importing Assets/Zenjex/Reflex/Injectors/FieldInjector.cs using Guid(8c6f9f3a81984dfc8d24dce7b056f3fe) Importer(2089858483,b0f066a214c2f5e87bad3c948f4d605d) (ScriptedImporter) -> (Import Result ID: '3fee1132601b78e7e3ddbf57f920ee61') in 0.015499 seconds [static and dynamic dependencies]. Details - ImportResultOutputID=325652d51dcf7df01800634342273eda DependenciesID=a5b1fc0299a28216e64ad9a93ed98632 StaticDependenciesID=8b3d03ae249c85152c92b7c9b8ac5eb7 
Number of updated asset objects reloaded before import = 0Number of asset objects unloaded after import = 0

========================================================================
Received Import Request.
  Time since last request: 0.000020 seconds.
  path: Assets/Zenjex/Reflex/Logging/LogLevel.cs
  importAddress: Guid(b9a1c7953a9d4a38949bc6bcbe3c9c4f) Importer(2089858483,b0f066a214c2f5e87bad3c948f4d605d)
Start importing Assets/Zenjex/Reflex/Logging/LogLevel.cs using Guid(b9a1c7953a9d4a38949bc6bcbe3c9c4f) Importer(2089858483,b0f066a214c2f5e87bad3c948f4d605d) (ScriptedImporter) -> (Import Result ID: '1a651d3a89ad6221da942769d59eb9de') in 0.0155798 seconds [static and dynamic dependencies]. Details - ImportResultOutputID=7fc531abfdb95f345f24b8765e8ae88a DependenciesID=65eca149c3218a3bc7b4dae83a56aff5 StaticDependenciesID=052a0fd21035514e0ce9a23db19d7d9c 
Number of updated asset objects reloaded before import = 0Number of asset objects unloaded after import = 0

========================================================================
Received Import Request.
  Time since last request: 0.000022 seconds.
  path: Assets/Zenjex/Reflex/Editor/Reflex.Editor.asmdef
  importAddress: Guid(d2a523d8a5354c845b1c0c21df106f6a) Importer(2089858483,b0f066a214c2f5e87bad3c948f4d605d)
Start importing Assets/Zenjex/Reflex/Editor/Reflex.Editor.asmdef using Guid(d2a523d8a5354c845b1c0c21df106f6a) Importer(2089858483,b0f066a214c2f5e87bad3c948f4d605d) (ScriptedImporter) -> (Import Result ID: '7a458126c7b13111cee2ee5ec3ee2c87') in 0.0137674 seconds [static and dynamic dependencies]. Details - ImportResultOutputID=2cbf5ee234d832800c54455cc71a50aa DependenciesID=71bb6b8fbd7605f7081a6252785a93a4 StaticDependenciesID=53f55219649d5845aef0c3d34238cba3 
Number of updated asset objects reloaded before import = 0Number of asset objects unloaded after import = 1

========================================================================
Received Import Request.
  Time since last request: 0.000032 seconds.
  path: Assets/Zenjex/Reflex/Extensions/ContainerExtensions.cs
  importAddress: Guid(9f790d14ffb3466db3b41306ed1aed5d) Importer(2089858483,b0f066a214c2f5e87bad3c948f4d605d)
Start importing Assets/Zenjex/Reflex/Extensions/ContainerExtensions.cs using Guid(9f790d14ffb3466db3b41306ed1aed5d) Importer(2089858483,b0f066a214c2f5e87bad3c948f4d605d) (ScriptedImporter) -> (Import Result ID: '5a4bd5b8257de53c3b68a1525ccbfe9b') in 0.0140649 seconds [static and dynamic dependencies]. Details - ImportResultOutputID=3ee58efe133c9dd41a6e465605e133c7 DependenciesID=b22b65fac041fe12751c434a5ef2b5eb StaticDependenciesID=b9ad807b59ad96d16f393cf500fe5105 
Number of updated asset objects reloaded before import = 0Number of asset objects unloaded after import = 0

========================================================================
Received Import Request.
  Time since last request: 0.000021 seconds.
  path: Assets/TextMesh Pro/Fonts/LiberationSans - OFL.txt
  importAddress: Guid(6e59c59b81ab47f9b6ec5781fa725d2c) Importer(2089858483,b0f066a214c2f5e87bad3c948f4d605d)
Start importing Assets/TextMesh Pro/Fonts/LiberationSans - OFL.txt using Guid(6e59c59b81ab47f9b6ec5781fa725d2c) Importer(2089858483,b0f066a214c2f5e87bad3c948f4d605d) (ScriptedImporter) -> (Import Result ID: '74b6cc98f29dbf17cf1bff5c27dd3e9e') in 0.015395 seconds [static and dynamic dependencies]. Details - ImportResultOutputID=cf59b734b2b9492452859d5bcbea1122 DependenciesID=6a2f663f61d50380090220a35058d61a StaticDependenciesID=7649750a4598ec734fc3c768683475c9 
Number of updated asset objects reloaded before import = 0Number of asset objects unloaded after import = 1

========================================================================
Received Import Request.
  Time since last request: 0.000022 seconds.
  path: Assets/TextMesh Pro/Shaders/TMP_SDF-Mobile Masking.shader
  importAddress: Guid(bc1ede39bf3643ee8e493720e4259791) Importer(2089858483,b0f066a214c2f5e87bad3c948f4d605d)
Start importing Assets/TextMesh Pro/Shaders/TMP_SDF-Mobile Masking.shader using Guid(bc1ede39bf3643ee8e493720e4259791) Importer(2089858483,b0f066a214c2f5e87bad3c948f4d605d) (ScriptedImporter) -> (Import Result ID: '1e0f6e709037c571e4d319ebc03bc50f') in 0.0196077 seconds [static and dynamic dependencies]. Details - ImportResultOutputID=40250268610e6df15e1b94419879654d DependenciesID=9880e2cc8581c004e12a1775f90cb063 StaticDependenciesID=b2e4bad493ac3537cb302ac08a5c77f9 
Number of updated asset objects reloaded before import = 0Number of asset objects unloaded after import = 1

========================================================================
Received Import Request.
  Time since last request: 0.000020 seconds.
  path: Assets/TextMesh Pro/Sprites/EmojiOne Attribution.txt
  importAddress: Guid(381dcb09d5029d14897e55f98031fca5) Importer(2089858483,b0f066a214c2f5e87bad3c948f4d605d)
Start importing Assets/TextMesh Pro/Sprites/EmojiOne Attribution.txt using Guid(381dcb09d5029d14897e55f98031fca5) Importer(2089858483,b0f066a214c2f5e87bad3c948f4d605d) (ScriptedImporter) -> (Import Result ID: '5e5c1c91a66af17835d07a39d4f46128') in 0.0149427 seconds [static and dynamic dependencies]. Details - ImportResultOutputID=21c228fb289c8a2f3d7bd7135556d59b DependenciesID=caafd93a90282a5ae5be4a5e5cdb92c3 StaticDependenciesID=d23d653de51e65b169ddf11cdefc90b4 
Number of updated asset objects reloaded before import = 0Number of asset objects unloaded after import = 1

========================================================================
Received Import Request.
  Time since last request: 0.000021 seconds.
  path: Assets/TextMesh Pro/Shaders/TMP_SDF-Mobile SSD.shader
  importAddress: Guid(c8d12adcee749c344b8117cf7c7eb912) Importer(2089858483,b0f066a214c2f5e87bad3c948f4d605d)
Start importing Assets/TextMesh Pro/Shaders/TMP_SDF-Mobile SSD.shader using Guid(c8d12adcee749c344b8117cf7c7eb912) Importer(2089858483,b0f066a214c2f5e87bad3c948f4d605d) (ScriptedImporter) -> (Import Result ID: '9d789709797ef686fc583203aa6fa4e5') in 0.0153302 seconds [static and dynamic dependencies]. Details - ImportResultOutputID=10d0989abc48bffb55fc68b4fe2743c4 DependenciesID=a578f7175b39fdf13d460b2e1918207e StaticDependenciesID=149e413d0571861b315a3fb4601c570f 
Number of updated asset objects reloaded before import = 0Number of asset objects unloaded after import = 1

========================================================================
Received Import Request.
  Time since last request: 0.000028 seconds.
  path: Assets/Plugins/SimpleInput/Scripts/Core/ISimpleInputDraggableMultiTouch.cs
  importAddress: Guid(542cc28fca7a01e4c94bec265ff28589) Importer(2089858483,b0f066a214c2f5e87bad3c948f4d605d)
Start importing Assets/Plugins/SimpleInput/Scripts/Core/ISimpleInputDraggableMultiTouch.cs using Guid(542cc28fca7a01e4c94bec265ff28589) Importer(2089858483,b0f066a214c2f5e87bad3c948f4d605d) (ScriptedImporter) -> (Import Result ID: 'f70b64e9c2cd5f0b7c3117153659829e') in 0.0138048 seconds [static and dynamic dependencies]. Details - ImportResultOutputID=c9f2ec8fccf4fc112e5290b62be8ec93 DependenciesID=a46da0f071556f86eaf5ef4c2bf6f86c StaticDependenciesID=c29655ac09547f9a52d7882c19eea3d9 
Number of updated asset objects reloaded before import = 0Number of asset objects unloaded after import = 0

========================================================================
Received Import Request.
  Time since last request: 0.000014 seconds.
  path: Assets/Plugins/SimpleInput/Scripts/AxisInputs/AxisInputMoveGesture.cs
  importAddress: Guid(842273f6b4c7e2c499cb78e039baf07c) Importer(2089858483,b0f066a214c2f5e87bad3c948f4d605d)
Start importing Assets/Plugins/SimpleInput/Scripts/AxisInputs/AxisInputMoveGesture.cs using Guid(842273f6b4c7e2c499cb78e039baf07c) Importer(2089858483,b0f066a214c2f5e87bad3c948f4d605d) (ScriptedImporter) -> (Import Result ID: 'dc3906b4ece2d59649a9a7d1c468a239') in 0.0150298 seconds [static and dynamic dependencies]. Details - ImportResultOutputID=df6c1153a61fbfcaf05552591cb9728a DependenciesID=e9bc7476fd5ce74a6f87324af7757b61 StaticDependenciesID=6dc9f894d7c0026f073d691e47356120 
Number of updated asset objects reloaded before import = 0Number of asset objects unloaded after import = 0

========================================================================
Received Import Request.
  Time since last request: 0.000018 seconds.
  path: Assets/Plugins/SimpleInput/Scripts/ButtonInputs/ButtonInputSwipeGesture.cs
  importAddress: Guid(8a90681e07d4e3c47a110a9555eea57c) Importer(2089858483,b0f066a214c2f5e87bad3c948f4d605d)
Start importing Assets/Plugins/SimpleInput/Scripts/ButtonInputs/ButtonInputSwipeGesture.cs using Guid(8a90681e07d4e3c47a110a9555eea57c) Importer(2089858483,b0f066a214c2f5e87bad3c948f4d605d) (ScriptedImporter) -> (Import Result ID: '751eb4e156944b35dab5dceeb215e1ec') in 0.0151444 seconds [static and dynamic dependencies]. Details - ImportResultOutputID=9822bc8455d0b0c42aac8fcba019c2b9 DependenciesID=5d08bdc80b60454a015073395d7aac3e StaticDependenciesID=edadd33aff71d2561b29d70883dff202 
Number of updated asset objects reloaded before import = 0Number of asset objects unloaded after import = 0

========================================================================
Received Import Request.
  Time since last request: 0.000017 seconds.
  path: Assets/Zenjex/Reflex/Resolvers/ResolverDebugProperties.cs
  importAddress: Guid(9cb175e9230c49b6ab498da4efb5aa61) Importer(2089858483,b0f066a214c2f5e87bad3c948f4d605d)
Start importing Assets/Zenjex/Reflex/Resolvers/ResolverDebugProperties.cs using Guid(9cb175e9230c49b6ab498da4efb5aa61) Importer(2089858483,b0f066a214c2f5e87bad3c948f4d605d) (ScriptedImporter) -> (Import Result ID: '001662bc7cf146abb98cbd8834184c3e') in 0.0197238 seconds [static and dynamic dependencies]. Details - ImportResultOutputID=f91909e5ffbc1d594d3dacac4e8fd9c4 DependenciesID=13f0e905a097bcd201ea46893c8d9918 StaticDependenciesID=135ef9c5918e4f19346872ffed59379b 
Number of updated asset objects reloaded before import = 0Number of asset objects unloaded after import = 0

========================================================================
Received Import Request.
  Time since last request: 0.000017 seconds.
  path: Assets/Plugins/SimpleInput/Scripts/AxisInputs/AxisInputPinchGesture.cs
  importAddress: Guid(831335ccd0bb25d44b6d708219144b29) Importer(2089858483,b0f066a214c2f5e87bad3c948f4d605d)
Start importing Assets/Plugins/SimpleInput/Scripts/AxisInputs/AxisInputPinchGesture.cs using Guid(831335ccd0bb25d44b6d708219144b29) Importer(2089858483,b0f066a214c2f5e87bad3c948f4d605d) (ScriptedImporter) -> (Import Result ID: 'b9c835946d5e4eb429970c26ec490004') in 0.0174698 seconds [static and dynamic dependencies]. Details - ImportResultOutputID=cfd6878c828d820fbe9827fd9310816b DependenciesID=6ccd5f1a5924d62bf0cb4da9e044ee78 StaticDependenciesID=44e91e993bcc425fe6fd13e02051b3b9 
Number of updated asset objects reloaded before import = 0Number of asset objects unloaded after import = 0

========================================================================
Received Import Request.
  Time since last request: 0.000021 seconds.
  path: Assets/Plugins/SimpleInput/Scripts/AxisInputs/SteeringWheel.cs
  importAddress: Guid(87a2186a42ce6a34ba7023f89a01611f) Importer(2089858483,b0f066a214c2f5e87bad3c948f4d605d)
Start importing Assets/Plugins/SimpleInput/Scripts/AxisInputs/SteeringWheel.cs using Guid(87a2186a42ce6a34ba7023f89a01611f) Importer(2089858483,b0f066a214c2f5e87bad3c948f4d605d) (ScriptedImporter) -> (Import Result ID: 'f1a7cd602d77badb0f52c6aa40194009') in 0.0162597 seconds [static and dynamic dependencies]. Details - ImportResultOutputID=6f035658eeeb90b391c8407c845e85af DependenciesID=92ac0243497725a5b59d0a183d718be6 StaticDependenciesID=c4ee4efc7b5230650f17a1a4cbc7b2ab 
Number of updated asset objects reloaded before import = 0Number of asset objects unloaded after import = 0

========================================================================
Received Import Request.
  Time since last request: 0.000031 seconds.
  path: Assets/Zenjex/Reflex/Resources/link.xml
  importAddress: Guid(d0438f775b10bad4592ea96c005aa8a0) Importer(2089858483,b0f066a214c2f5e87bad3c948f4d605d)
Start importing Assets/Zenjex/Reflex/Resources/link.xml using Guid(d0438f775b10bad4592ea96c005aa8a0) Importer(2089858483,b0f066a214c2f5e87bad3c948f4d605d) (ScriptedImporter) -> (Import Result ID: '2c054d8fc16556101bed93cc10468176') in 0.0144941 seconds [static and dynamic dependencies]. Details - ImportResultOutputID=b6f9dd30b9f681a794c1d12f5b906108 DependenciesID=caf69955563c10bfdef22b0188cddc1d StaticDependenciesID=6d2f4c850f304c7cc8940a7972ed411d 
Number of updated asset objects reloaded before import = 0Number of asset objects unloaded after import = 1

========================================================================
Received Import Request.
  Time since last request: 0.000018 seconds.
  path: Assets/Zenjex/Reflex/package.json
  importAddress: Guid(c3dd36eab9b5f9d4295c950a18fe419e) Importer(2089858483,b0f066a214c2f5e87bad3c948f4d605d)
Start importing Assets/Zenjex/Reflex/package.json using Guid(c3dd36eab9b5f9d4295c950a18fe419e) Importer(2089858483,b0f066a214c2f5e87bad3c948f4d605d) (ScriptedImporter) -> (Import Result ID: '3b8a57b6fdc9dc5241dade06650f4426') in 0.0129464 seconds [static and dynamic dependencies]. Details - ImportResultOutputID=d1c891ced589341514b6ab88c136c029 DependenciesID=435e82a1192799e8155be6d896d21f79 StaticDependenciesID=6248febac549a8ee0e6a53cf56c43344 
Number of updated asset objects reloaded before import = 0Number of asset objects unloaded after import = 1

========================================================================
Received Import Request.
  Time since last request: 0.000016 seconds.
  path: Assets/Zenjex/Reflex/Extensions/SceneExtensions.cs
  importAddress: Guid(5301a365e9004b57b4bfd2d002d60715) Importer(2089858483,b0f066a214c2f5e87bad3c948f4d605d)
Start importing Assets/Zenjex/Reflex/Extensions/SceneExtensions.cs using Guid(5301a365e9004b57b4bfd2d002d60715) Importer(2089858483,b0f066a214c2f5e87bad3c948f4d605d) (ScriptedImporter) -> (Import Result ID: '1e408d5b4a1e5fb8d1aa72e828894c1f') in 0.0151578 seconds [static and dynamic dependencies]. Details - ImportResultOutputID=68e44f4e0dc60966511aa72ce79a597f DependenciesID=93c055c98dfd1ef6dfbfae1825f85995 StaticDependenciesID=6334474b5388c044378395b60aca0ba0 
Number of updated asset objects reloaded before import = 0Number of asset objects unloaded after import = 0

========================================================================
Received Import Request.
  Time since last request: 0.000017 seconds.
  path: Assets/Plugins/SimpleInput/Editor/ButtonInputDrawer.cs
  importAddress: Guid(807954391627078488b7b2355ae0c66a) Importer(2089858483,b0f066a214c2f5e87bad3c948f4d605d)
Start importing Assets/Plugins/SimpleInput/Editor/ButtonInputDrawer.cs using Guid(807954391627078488b7b2355ae0c66a) Importer(2089858483,b0f066a214c2f5e87bad3c948f4d605d) (ScriptedImporter) -> (Import Result ID: '69c5b77617aef15ab8c43fe000dfa5ea') in 0.0147203 seconds [static and dynamic dependencies]. Details - ImportResultOutputID=4964084fb94eb7c6f9b5dbd0f8f9d214 DependenciesID=234413ac3cb6d037386fd8eb2f3f9082 StaticDependenciesID=8f84bcc1b87028d5c9b716ec8124ffdd 
Number of updated asset objects reloaded before import = 0Number of asset objects unloaded after import = 0

========================================================================
Received Import Request.
  Time since last request: 0.000018 seconds.
  path: Assets/DevConsole/Backend/Infrastructure/Services/DevConsole/Types/ConsoleMessageType.cs
  importAddress: Guid(c35ce9e83c9d9804b85816625bfb5edf) Importer(2089858483,b0f066a214c2f5e87bad3c948f4d605d)
Start importing Assets/DevConsole/Backend/Infrastructure/Services/DevConsole/Types/ConsoleMessageType.cs using Guid(c35ce9e83c9d9804b85816625bfb5edf) Importer(2089858483,b0f066a214c2f5e87bad3c948f4d605d) (ScriptedImporter) -> (Import Result ID: 'b318bdf76e2a4cff61048e885ba99e78') in 0.0159663 seconds [static and dynamic dependencies]. Details - ImportResultOutputID=e523fe0cd83acbd9348d275986540f06 DependenciesID=71e4cb0f6a6144eab6a2dcfa6f72b87e StaticDependenciesID=c9534549c49a2d24dfe63728353a11a2 
Number of updated asset objects reloaded before import = 0Number of asset objects unloaded after import = 0

========================================================================
Received Import Request.
  Time since last request: 0.000021 seconds.
  path: Assets/DevConsole/Backend/Infrastructure/Services/DevConsole/ConsoleMessage.cs
  importAddress: Guid(5f2d0e679646cce4595a1bdfea476dda) Importer(2089858483,b0f066a214c2f5e87bad3c948f4d605d)
Start importing Assets/DevConsole/Backend/Infrastructure/Services/DevConsole/ConsoleMessage.cs using Guid(5f2d0e679646cce4595a1bdfea476dda) Importer(2089858483,b0f066a214c2f5e87bad3c948f4d605d) (ScriptedImporter) -> (Import Result ID: 'ecbc0a61b60a1e7999fd5eec034f7f51') in 0.0129284 seconds [static and dynamic dependencies]. Details - ImportResultOutputID=888c80df7212555b244516c66f238f94 DependenciesID=f146695fc2920c15a93b8a92c0292b05 StaticDependenciesID=99ca6adecc224687a963ed9430f938bf 
Number of updated asset objects reloaded before import = 0Number of asset objects unloaded after import = 0

========================================================================
Received Import Request.
  Time since last request: 0.000037 seconds.
  path: Assets/Plugins/SimpleInput/Scripts/KeyInputs/KeyInputUI.cs
  importAddress: Guid(fc8d2f3cf1118bf4ab1c5f540a08bbd2) Importer(2089858483,b0f066a214c2f5e87bad3c948f4d605d)
Start importing Assets/Plugins/SimpleInput/Scripts/KeyInputs/KeyInputUI.cs using Guid(fc8d2f3cf1118bf4ab1c5f540a08bbd2) Importer(2089858483,b0f066a214c2f5e87bad3c948f4d605d) (ScriptedImporter) -> (Import Result ID: '6c07cf9681b44b1a707ef4b5a71c052e') in 0.0149479 seconds [static and dynamic dependencies]. Details - ImportResultOutputID=4ffbd783620904e5f5628e0de12eccb2 DependenciesID=6fd82f8feb050764386f8a64b8d52a3f StaticDependenciesID=269b9027c3cdba800860dd929181dee3 
Number of updated asset objects reloaded before import = 0Number of asset objects unloaded after import = 0

========================================================================
Received Import Request.
  Time since last request: 0.000017 seconds.
  path: Assets/Zenjex/Reflex/Editor/DebuggingWindow/ZenjexStyles.cs
  importAddress: Guid(b825a6c2e15d46998dfee65b752cec58) Importer(2089858483,b0f066a214c2f5e87bad3c948f4d605d)
Start importing Assets/Zenjex/Reflex/Editor/DebuggingWindow/ZenjexStyles.cs using Guid(b825a6c2e15d46998dfee65b752cec58) Importer(2089858483,b0f066a214c2f5e87bad3c948f4d605d) (ScriptedImporter) -> (Import Result ID: 'e362675e3105a380c58ff2e03c749c8d') in 0.0142593 seconds [static and dynamic dependencies]. Details - ImportResultOutputID=313026d7e30b5aae309fd07f9cb56e6b DependenciesID=52d9cffba7f07bd0b48af258dc806a21 StaticDependenciesID=d48cf3998d6f4f7561ec48a5229ccae3 
Number of updated asset objects reloaded before import = 0Number of asset objects unloaded after import = 0

========================================================================
Received Import Request.
  Time since last request: 0.000039 seconds.
  path: Assets/DevConsole/Backend/Infrastructure/Services/DevConsole/Commands/Performance/SetFPSCommand.cs
  importAddress: Guid(fea31c0bc0f2f594099832e6e26a6c0a) Importer(2089858483,b0f066a214c2f5e87bad3c948f4d605d)
Start importing Assets/DevConsole/Backend/Infrastructure/Services/DevConsole/Commands/Performance/SetFPSCommand.cs using Guid(fea31c0bc0f2f594099832e6e26a6c0a) Importer(2089858483,b0f066a214c2f5e87bad3c948f4d605d) (ScriptedImporter) -> (Import Result ID: '6fe661d5823237a9b312ae73389971fa') in 0.0152136 seconds [static and dynamic dependencies]. Details - ImportResultOutputID=23682a5b43f33f34382096f84231ff9c DependenciesID=87a8535f6a805d060869c1bccb12e624 StaticDependenciesID=e525604cefed0eb3098461e329fedb7c 
Number of updated asset objects reloaded before import = 0Number of asset objects unloaded after import = 0

========================================================================
Received Import Request.
  Time since last request: 0.000017 seconds.
  path: Assets/Zenjex/Reflex/Injectors/Source-Generator/Reflex.Generator.Injector.pdb
  importAddress: Guid(d1eab0f2a6805654ab47d53c028fbade) Importer(2089858483,b0f066a214c2f5e87bad3c948f4d605d)
Start importing Assets/Zenjex/Reflex/Injectors/Source-Generator/Reflex.Generator.Injector.pdb using Guid(d1eab0f2a6805654ab47d53c028fbade) Importer(2089858483,b0f066a214c2f5e87bad3c948f4d605d) (ScriptedImporter) -> (Import Result ID: 'b908ec36b69d674eb1fa667c0a3ea258') in 0.015128 seconds [static and dynamic dependencies]. Details - ImportResultOutputID=60c07e08b9f223b79d478cce9c59ee64 DependenciesID=0038e78f3590de0b2991b18dec3c50c4 StaticDependenciesID=b5b1831bd5187b4dd001c5537fdc81ce 
Number of updated asset objects reloaded before import = 0Number of asset objects unloaded after import = 1

========================================================================
Received Import Request.
  Time since last request: 0.000018 seconds.
  path: Assets/DevConsole/Backend/Infrastructure/Services/StaticDataService/StaticDataService.cs
  importAddress: Guid(17ce0806f1be5e343a065d87f328030a) Importer(2089858483,b0f066a214c2f5e87bad3c948f4d605d)
Start importing Assets/DevConsole/Backend/Infrastructure/Services/StaticDataService/StaticDataService.cs using Guid(17ce0806f1be5e343a065d87f328030a) Importer(2089858483,b0f066a214c2f5e87bad3c948f4d605d) (ScriptedImporter) -> (Import Result ID: 'c48b726ea26ca5f8121fec9c7cc658bc') in 0.0145498 seconds [static and dynamic dependencies]. Details - ImportResultOutputID=1e50c3bba37cef1106820604edbff20b DependenciesID=79ff9234ea9e572f1af32af7904b0352 StaticDependenciesID=3158508438751c24e66b1733ae976d60 
Number of updated asset objects reloaded before import = 0Number of asset objects unloaded after import = 0

========================================================================
Received Import Request.
  Time since last request: 0.000019 seconds.
  path: Assets/Zenjex/Reflex/Editor/DebuggingWindow/SHA1.cs
  importAddress: Guid(db2cafeb349a471cb966ed31556cba59) Importer(2089858483,b0f066a214c2f5e87bad3c948f4d605d)
Start importing Assets/Zenjex/Reflex/Editor/DebuggingWindow/SHA1.cs using Guid(db2cafeb349a471cb966ed31556cba59) Importer(2089858483,b0f066a214c2f5e87bad3c948f4d605d) (ScriptedImporter) -> (Import Result ID: '000e15b453c81475e8e172b6535ba1e1') in 0.0151968 seconds [static and dynamic dependencies]. Details - ImportResultOutputID=a290d8bd46088a3008c76c3f4485d203 DependenciesID=9ff7c71c77aaec1933e6ecfad4650bed StaticDependenciesID=f40002db6bae794a3c02a669ae21c697 
Number of updated asset objects reloaded before import = 0Number of asset objects unloaded after import = 0

========================================================================
Received Import Request.
  Time since last request: 0.000031 seconds.
  path: Assets/TextMesh Pro/Shaders/TMP_Bitmap-Mobile.shader
  importAddress: Guid(1e3b057af24249748ff873be7fafee47) Importer(2089858483,b0f066a214c2f5e87bad3c948f4d605d)
Start importing Assets/TextMesh Pro/Shaders/TMP_Bitmap-Mobile.shader using Guid(1e3b057af24249748ff873be7fafee47) Importer(2089858483,b0f066a214c2f5e87bad3c948f4d605d) (ScriptedImporter) -> (Import Result ID: 'a33c94049696797916e8a8ffc0d4eec4') in 0.0147761 seconds [static and dynamic dependencies]. Details - ImportResultOutputID=491a6b68c048c46e6a51db5828aaec0f DependenciesID=bb78558fe1c79297f1713e000b39bc75 StaticDependenciesID=ba05bf65226584121c1346f54df493db 
Number of updated asset objects reloaded before import = 0Number of asset objects unloaded after import = 1

========================================================================
Received Import Request.
  Time since last request: 0.000016 seconds.
  path: Assets/Zenjex/Extensions/Core/BindingBuilder.cs
  importAddress: Guid(97341d1a16d568b4eaca10514182bd5e) Importer(2089858483,b0f066a214c2f5e87bad3c948f4d605d)
Start importing Assets/Zenjex/Extensions/Core/BindingBuilder.cs using Guid(97341d1a16d568b4eaca10514182bd5e) Importer(2089858483,b0f066a214c2f5e87bad3c948f4d605d) (ScriptedImporter) -> (Import Result ID: 'bbcb96d3e22b1f30fc22cb70dd96ccbb') in 0.0135794 seconds [static and dynamic dependencies]. Details - ImportResultOutputID=837ae015d8eeb1256dcb36135fcf0362 DependenciesID=c23baaa82670d60927b5cc2ba15c05e2 StaticDependenciesID=dbff302c15a26a0f18f504f7fc882b48 
Number of updated asset objects reloaded before import = 0Number of asset objects unloaded after import = 0

========================================================================
Received Import Request.
  Time since last request: 0.000015 seconds.
  path: Assets/Zenjex/Reflex/Resolvers/SingletonValueResolver.cs
  importAddress: Guid(15bf8b9804274cc7a2d1aac6d901abce) Importer(2089858483,b0f066a214c2f5e87bad3c948f4d605d)
Start importing Assets/Zenjex/Reflex/Resolvers/SingletonValueResolver.cs using Guid(15bf8b9804274cc7a2d1aac6d901abce) Importer(2089858483,b0f066a214c2f5e87bad3c948f4d605d) (ScriptedImporter) -> (Import Result ID: '8a3a52ef4b6997260cca4dd71de5304c') in 0.015059 seconds [static and dynamic dependencies]. Details - ImportResultOutputID=f7cb09e88407a3c0ddc3724872b00c18 DependenciesID=2e3c9fd3b191ccbb574e51bb3be380a8 StaticDependenciesID=7d78a666b06ede2ce6af88df12a436d7 
Number of updated asset objects reloaded before import = 0Number of asset objects unloaded after import = 0

========================================================================
Received Import Request.
  Time since last request: 0.000019 seconds.
  path: Assets/Plugins/SimpleInput/Scripts/Core/UnityInputProvider.cs
  importAddress: Guid(40e62a17d0b841d41a2b6db644315048) Importer(2089858483,b0f066a214c2f5e87bad3c948f4d605d)
Start importing Assets/Plugins/SimpleInput/Scripts/Core/UnityInputProvider.cs using Guid(40e62a17d0b841d41a2b6db644315048) Importer(2089858483,b0f066a214c2f5e87bad3c948f4d605d) (ScriptedImporter) -> (Import Result ID: '422c9bd8e402a40e1ed07f6280ea61e7') in 0.0153296 seconds [static and dynamic dependencies]. Details - ImportResultOutputID=8353e4f76b6471e11c00b65dc1583f0a DependenciesID=1e711aff66531083feb3b77c0cbfc69d StaticDependenciesID=a8be22f60eaff57a2a4edec65fb68af1 
Number of updated asset objects reloaded before import = 0Number of asset objects unloaded after import = 0

========================================================================
Received Import Request.
  Time since last request: 0.000023 seconds.
  path: Assets/TextMesh Pro/Shaders/TMP_SDF Overlay.shader
  importAddress: Guid(dd89cf5b9246416f84610a006f916af7) Importer(2089858483,b0f066a214c2f5e87bad3c948f4d605d)
Start importing Assets/TextMesh Pro/Shaders/TMP_SDF Overlay.shader using Guid(dd89cf5b9246416f84610a006f916af7) Importer(2089858483,b0f066a214c2f5e87bad3c948f4d605d) (ScriptedImporter) -> (Import Result ID: '0d6a344b8d2e2dd837298cfdff006a67') in 0.0165994 seconds [static and dynamic dependencies]. Details - ImportResultOutputID=819485ec599b4301d5fee4ba0b655805 DependenciesID=56bdc6073553dd30b3a4bb55d42cc663 StaticDependenciesID=086b5680e33efca1bae2e5551aec11b8 
Number of updated asset objects reloaded before import = 0Number of asset objects unloaded after import = 1

========================================================================
Received Import Request.
  Time since last request: 0.000024 seconds.
  path: Assets/Plugins/SimpleInput/Editor/AxisInputDrawer.cs
  importAddress: Guid(174c0f628c7d3e44e9d9698a45fcf1aa) Importer(2089858483,b0f066a214c2f5e87bad3c948f4d605d)
Start importing Assets/Plugins/SimpleInput/Editor/AxisInputDrawer.cs using Guid(174c0f628c7d3e44e9d9698a45fcf1aa) Importer(2089858483,b0f066a214c2f5e87bad3c948f4d605d) (ScriptedImporter) -> (Import Result ID: 'c1b8bd04a69251a6e5f40d0ad7dbe0d5') in 0.0186437 seconds [static and dynamic dependencies]. Details - ImportResultOutputID=2fe239d0cc4cb0bbeffab5001e27fe99 DependenciesID=8a6f7b0b1ef75c11d54d84bae2978168 StaticDependenciesID=bb2a21c059751da0ea3bf1da53859e5b 
Number of updated asset objects reloaded before import = 0Number of asset objects unloaded after import = 0

========================================================================
Received Import Request.
  Time since last request: 0.000029 seconds.
  path: Assets/DevConsole/Backend/Data/Configs/Types/BuildConfiguration.cs
  importAddress: Guid(afc33ff71e99005478c5d36bb25a7795) Importer(2089858483,b0f066a214c2f5e87bad3c948f4d605d)
Start importing Assets/DevConsole/Backend/Data/Configs/Types/BuildConfiguration.cs using Guid(afc33ff71e99005478c5d36bb25a7795) Importer(2089858483,b0f066a214c2f5e87bad3c948f4d605d) (ScriptedImporter) -> (Import Result ID: '6421feb321419fe420da7d98fa299018') in 0.014292 seconds [static and dynamic dependencies]. Details - ImportResultOutputID=ec4ba55810c59c931df028ec1d7bb50f DependenciesID=e38f0b0a3e09e0dc4991c4d2f13994c3 StaticDependenciesID=c9d61e2424cb07c0d15362aab9764829 
Number of updated asset objects reloaded before import = 0Number of asset objects unloaded after import = 0

========================================================================
Received Import Request.
  Time since last request: 0.000019 seconds.
  path: Assets/Zenjex/Reflex/Editor/UnityEditorUtility.cs
  importAddress: Guid(b1bf579cfaf29d34f9327184a2387ef4) Importer(2089858483,b0f066a214c2f5e87bad3c948f4d605d)
Start importing Assets/Zenjex/Reflex/Editor/UnityEditorUtility.cs using Guid(b1bf579cfaf29d34f9327184a2387ef4) Importer(2089858483,b0f066a214c2f5e87bad3c948f4d605d) (ScriptedImporter) -> (Import Result ID: 'c1a0cd3fc3a03c686db07de04d2a4b78') in 0.0162598 seconds [static and dynamic dependencies]. Details - ImportResultOutputID=4cb1331b9120a96dd1f273ec16a0cd64 DependenciesID=18a00e6d7042effbfd51435d0f3c9424 StaticDependenciesID=adbdef950675b19350798257d40418df 
Number of updated asset objects reloaded before import = 0Number of asset objects unloaded after import = 0

========================================================================
Received Import Request.
  Time since last request: 0.000017 seconds.
  path: Assets/Plugins/SimpleInput/Scripts/SimpleInput.asmdef
  importAddress: Guid(0d3ac185cf6b6ad4c890ee69c33050ea) Importer(2089858483,b0f066a214c2f5e87bad3c948f4d605d)
Start importing Assets/Plugins/SimpleInput/Scripts/SimpleInput.asmdef using Guid(0d3ac185cf6b6ad4c890ee69c33050ea) Importer(2089858483,b0f066a214c2f5e87bad3c948f4d605d) (ScriptedImporter) -> (Import Result ID: '73c9394a1ae205f4cfcd46aaa4f79c67') in 0.0158361 seconds [static and dynamic dependencies]. Details - ImportResultOutputID=746ef1f9c3cff064578a4e5cb18502d5 DependenciesID=19f48671dee7a4ca1351cdce329afc31 StaticDependenciesID=061d516715aee24a491096e5e657fd98 
Number of updated asset objects reloaded before import = 0Number of asset objects unloaded after import = 1

========================================================================
Received Import Request.
  Time since last request: 0.000018 seconds.
  path: Assets/Zenjex/Reflex/Reflectors/IL2CPPActivatorFactory.cs
  importAddress: Guid(149d5d8407044aaea361c0a8aea34c92) Importer(2089858483,b0f066a214c2f5e87bad3c948f4d605d)
Start importing Assets/Zenjex/Reflex/Reflectors/IL2CPPActivatorFactory.cs using Guid(149d5d8407044aaea361c0a8aea34c92) Importer(2089858483,b0f066a214c2f5e87bad3c948f4d605d) (ScriptedImporter) -> (Import Result ID: '5add88bea124201e2294c32bd044dfa8') in 0.0139226 seconds [static and dynamic dependencies]. Details - ImportResultOutputID=a3fefa851a26d6d8fbc59798ef3c52ae DependenciesID=e6d32e821b397eb17e18456b5b086dd8 StaticDependenciesID=a8d8bd51eaaf95ab8082194fe42dd0c6 
Number of updated asset objects reloaded before import = 0Number of asset objects unloaded after import = 0

========================================================================
Received Import Request.
  Time since last request: 0.000017 seconds.
  path: Assets/Plugins/SimpleInput/Scripts/AxisInputs/AxisInputUI.cs
  importAddress: Guid(fda952153dba3064ab80a62889c1583f) Importer(2089858483,b0f066a214c2f5e87bad3c948f4d605d)
Start importing Assets/Plugins/SimpleInput/Scripts/AxisInputs/AxisInputUI.cs using Guid(fda952153dba3064ab80a62889c1583f) Importer(2089858483,b0f066a214c2f5e87bad3c948f4d605d) (ScriptedImporter) -> (Import Result ID: 'a9ab740495ce3a0a64567438a6351054') in 0.015623 seconds [static and dynamic dependencies]. Details - ImportResultOutputID=ce6ec62594ac820aabad1ebcf89d64c8 DependenciesID=0d1aa6589dc4ff192d0c3e16253d9c36 StaticDependenciesID=f322dd8d367b26deaae717e51eca52cf 
Number of updated asset objects reloaded before import = 0Number of asset objects unloaded after import = 0

========================================================================
Received Import Request.
  Time since last request: 57.769794 seconds.
  path: Assets/DevConsole
  importAddress: Guid(69add0a3458d11f4a8b8b5002c2cfeee) Importer(815301076,1909f56bfc062723c751e8b465ee728b)
Start importing Assets/DevConsole using Guid(69add0a3458d11f4a8b8b5002c2cfeee) Importer(815301076,1909f56bfc062723c751e8b465ee728b) (PreviewImporter) -> (Import Result ID: '4ba6f1589661ce11fabc652350059899') in 0.0004854 seconds [static and dynamic dependencies]. Details - ImportResultOutputID=59b9a4a84dd5739112f2dd3c9f8f61a8 DependenciesID=7a5532e7a7e38e8d4f3b0a7497d8e760 StaticDependenciesID=4c2e84e9f4e595a14453b65c4dfe2296 
Number of updated asset objects reloaded before import = 0Number of asset objects unloaded after import = 0

========================================================================
Received Import Request.
  Time since last request: 0.931712 seconds.
  path: Assets/DevConsole/Scenes
  importAddress: Guid(433693646c7023a46ac4e5d3e86de6a0) Importer(815301076,1909f56bfc062723c751e8b465ee728b)
Start importing Assets/DevConsole/Scenes using Guid(433693646c7023a46ac4e5d3e86de6a0) Importer(815301076,1909f56bfc062723c751e8b465ee728b) (PreviewImporter) -> (Import Result ID: '18c6d21c811f771a05c9191e624bfe39') in 0.0007213 seconds [static and dynamic dependencies]. Details - ImportResultOutputID=27dbe1631d48d20dda6d788c099857de DependenciesID=50e8f052ee706588f2621508e335d3fd StaticDependenciesID=d2fb28df954e7eb34d9f6900ddbab16f 
Number of updated asset objects reloaded before import = 0Number of asset objects unloaded after import = 0

========================================================================
Received Import Request.
  Time since last request: 0.706120 seconds.
  path: Assets/DevConsole/Scenes/SampleScene.unity
  importAddress: Guid(99c9720ab356a0642a771bea13969a05) Importer(815301076,1909f56bfc062723c751e8b465ee728b)
Start importing Assets/DevConsole/Scenes/SampleScene.unity using Guid(99c9720ab356a0642a771bea13969a05) Importer(815301076,1909f56bfc062723c751e8b465ee728b) (PreviewImporter) -> (Import Result ID: 'cfe12ae5e407cd59d931f528b2c80801') in 0.0004443 seconds [static and dynamic dependencies]. Details - ImportResultOutputID=f3af80aa444126da7ef9e80fc4827f87 DependenciesID=ce67e366d3395acf94c65ef24b0cdf20 StaticDependenciesID=537a85fbf504a014d918cfc400e55b0f 
Number of updated asset objects reloaded before import = 0Number of asset objects unloaded after import = 0

========================================================================
Received Prepare
Begin MonoManager ReloadAssembly
[Licensing::Client] Successfully resolved entitlement details
Assembly Assembly-CSharp-Editor.dll at Library/ScriptAssemblies/Assembly-CSharp-Editor.dll not valid. Loading of assembly skipped.
Assembly Assembly-CSharp-firstpass.dll at Library/ScriptAssemblies/Assembly-CSharp-firstpass.dll not valid. Loading of assembly skipped.
Assembly Assembly-CSharp.dll at Library/ScriptAssemblies/Assembly-CSharp.dll not valid. Loading of assembly skipped.
Assembly DocCodeExamples.dll at Library/ScriptAssemblies/DocCodeExamples.dll not valid. Loading of assembly skipped.
Assembly TestNewCustomAssembly.dll at Library/ScriptAssemblies/TestNewCustomAssembly.dll not valid. Loading of assembly skipped.
Assembly Unity.Collections.BurstCompatibilityGen.dll at Library/ScriptAssemblies/Unity.Collections.BurstCompatibilityGen.dll not valid. Loading of assembly skipped.
Assembly Unity.Collections.DocCodeSamples.dll at Library/ScriptAssemblies/Unity.Collections.DocCodeSamples.dll not valid. Loading of assembly skipped.
Assembly Unity.Collections.PerformanceTests.dll at Library/ScriptAssemblies/Unity.Collections.PerformanceTests.dll not valid. Loading of assembly skipped.
Assembly Unity.Collections.Tests.dll at Library/ScriptAssemblies/Unity.Collections.Tests.dll not valid. Loading of assembly skipped.
Assembly Unity.Collections.Tests.Playmode.dll at Library/ScriptAssemblies/Unity.Collections.Tests.Playmode.dll not valid. Loading of assembly skipped.
Assembly Unity.InputSystem.IntegrationTests.dll at Library/ScriptAssemblies/Unity.InputSystem.IntegrationTests.dll not valid. Loading of assembly skipped.
Assembly Unity.Mathematics.Tests.dll at Library/ScriptAssemblies/Unity.Mathematics.Tests.dll not valid. Loading of assembly skipped.
Assembly Unity.Multiplayer.Center.Editor.Tests.dll at Library/ScriptAssemblies/Unity.Multiplayer.Center.Editor.Tests.dll not valid. Loading of assembly skipped.
Assembly Unity.Multiplayer.Center.Tests.dll at Library/ScriptAssemblies/Unity.Multiplayer.Center.Tests.dll not valid. Loading of assembly skipped.
Assembly Unity.Nuget.Mono-Cecil.dll at Library/ScriptAssemblies/Unity.Nuget.Mono-Cecil.dll not valid. Loading of assembly skipped.
Assembly Unity.PathTracing.Editor.Tests.dll at Library/ScriptAssemblies/Unity.PathTracing.Editor.Tests.dll not valid. Loading of assembly skipped.
Assembly Unity.PathTracing.Runtime.Tests.dll at Library/ScriptAssemblies/Unity.PathTracing.Runtime.Tests.dll not valid. Loading of assembly skipped.
Assembly Unity.RenderPipelines.Core.Editor.Tests.dll at Library/ScriptAssemblies/Unity.RenderPipelines.Core.Editor.Tests.dll not valid. Loading of assembly skipped.
Assembly Unity.RenderPipelines.Core.Runtime.Tests.dll at Library/ScriptAssemblies/Unity.RenderPipelines.Core.Runtime.Tests.dll not valid. Loading of assembly skipped.
Assembly Unity.RenderPipelines.Universal.Config.Editor.Tests.dll at Library/ScriptAssemblies/Unity.RenderPipelines.Universal.Config.Editor.Tests.dll not valid. Loading of assembly skipped.
Assembly Unity.RenderPipelines.Universal.Editor.Tests.dll at Library/ScriptAssemblies/Unity.RenderPipelines.Universal.Editor.Tests.dll not valid. Loading of assembly skipped.
Assembly Unity.RenderPipelines.Universal.Runtime.Tests.dll at Library/ScriptAssemblies/Unity.RenderPipelines.Universal.Runtime.Tests.dll not valid. Loading of assembly skipped.
Assembly Unity.Searcher.EditorTests.dll at Library/ScriptAssemblies/Unity.Searcher.EditorTests.dll not valid. Loading of assembly skipped.
Assembly Unity.ShaderGraph.Editor.Tests.dll at Library/ScriptAssemblies/Unity.ShaderGraph.Editor.Tests.dll not valid. Loading of assembly skipped.
Assembly Unity.TextMeshPro.Editor.Tests.dll at Library/ScriptAssemblies/Unity.TextMeshPro.Editor.Tests.dll not valid. Loading of assembly skipped.
Assembly Unity.TextMeshPro.Tests.dll at Library/ScriptAssemblies/Unity.TextMeshPro.Tests.dll not valid. Loading of assembly skipped.
Assembly Unity.UnifiedRayTracing.Editor.Tests.dll at Library/ScriptAssemblies/Unity.UnifiedRayTracing.Editor.Tests.dll not valid. Loading of assembly skipped.
Assembly UnityEditor.UI.Common.Tests.dll at Library/ScriptAssemblies/UnityEditor.UI.Common.Tests.dll not valid. Loading of assembly skipped.
Assembly UnityEditor.UI.EditorTests.dll at Library/ScriptAssemblies/UnityEditor.UI.EditorTests.dll not valid. Loading of assembly skipped.
Assembly UnityEngine.UI.Tests.dll at Library/ScriptAssemblies/UnityEngine.UI.Tests.dll not valid. Loading of assembly skipped.
Native extension for LinuxStandalone target not found
Native extension for AppleTV target not found
Native extension for iOS target not found
Native extension for Android target not found
Native extension for UWP target not found
Native extension for WindowsStandalone target not found
Failed to load: C:/Program Files/Unity/Hub/Editor/6000.4.0f1/Editor/Data/PlaybackEngines/VisionOSPlayer\x64\UnityEditor.VisionOS.Native.dll
Native extension for VisionOS target not found
Native extension for OSXStandalone target not found
Native extension for WebGL target not found
[Package Manager] Failed to launch server process. Reason: Unity was launched with the -noUpm command-line argument
[Package Manager] Unable to send message (not connected to server process).
[Package Manager] Cannot connect to Unity Package Manager local server
[Package Manager] Failed to launch server process. Reason: Unity was launched with the -noUpm command-line argument
[Package Manager] Unable to send message (not connected to server process).
[Package Manager] Cannot connect to Unity Package Manager local server
ScheduleIndexationOnStartup MainProcess:False IndexOnStartup:True
Mono: successfully reloaded assembly
- Finished resetting the current domain, in  0.833 seconds
Domain Reload Profiling: 1578ms
	BeginReloadAssembly (172ms)
		DisableScriptedObjects (5ms)
		CreateAndSetChildDomain (50ms)
	RebuildCommonClasses (33ms)
	RebuildNativeTypeToScriptingClass (12ms)
	initialDomainReloadingComplete (49ms)
	LoadAllAssembliesAndSetupDomain (479ms)
		LoadAssemblies (353ms)
		AnalyzeDomain (184ms)
			TypeCache.Refresh (7ms)
			BuildScriptInfoCaches (164ms)
			ResolveRequiredComponents (10ms)
	FinalizeReload (833ms)
		SetupLoadedEditorAssemblies (0ms)
			InitializePlatformSupportModulesInManaged (26ms)
			BeforeProcessingInitializeOnLoad (194ms)
			ProcessInitializeOnLoadAttributes (331ms)
			ProcessInitializeOnLoadMethodAttributes (84ms)
			AfterProcessingInitializeOnLoad (5ms)
		AwakeInstancesAfterBackupRestoration (19ms)
Unloading 24 Unused Serialized files (Serialized files now loaded: 0)
Unloading 6450 unused Assets / (5.3 MB). Loaded Objects now: 7320.
Memory consumption went from 167.2 MB to 161.9 MB.
Total: 6.952400 ms (FindLiveObjects: 0.555100 ms CreateObjectMapping: 0.405600 ms MarkObjects: 4.255000 ms  DeleteObjects: 1.735800 ms)

Prepare: number of updated asset objects reloaded= 0
