[Licensing::Module] Trying to connect to existing licensing client channel...
Built from '6000.4/staging' branch; Version is '6000.4.0f1 (8cf496087c8f) revision 9237654'; Using compiler version '194234433'; Build Type 'Release'
OS: 'Windows 11  (10.0.26100) ProfessionalWorkstation' Language: 'ru' Physical Memory: 32543 MB
[Licensing::IpcConnector] Successfully connected to: "LicenseClient-User" at "2026-03-25T09:15:15.0678148Z"
BatchMode: 1, IsHumanControllingUs: 0, StartBugReporterOnCrash: 0, Is64bit: 1
System  architecture: x64
Process architecture: x64
Date: 2026-03-25T09:15:15Z

COMMAND LINE ARGUMENTS:
C:\Program Files\Unity\Hub\Editor\6000.4.0f1\Editor\Unity.exe
-adb2
-batchMode
-noUpm
-name
AssetImportWorker1
-projectPath
C:/Repos/Zenjex/src/Samples/DevConsole
-logFile
Logs/AssetImportWorker1.log
-srvPort
50237
-licensingIpc
LicenseClient-User
-force-d3d12
-job-worker-count
9
-background-job-worker-count
8
-gc-helper-count
1
-name
AssetImport
Successfully changed project path to: C:/Repos/Zenjex/src/Samples/DevConsole
C:/Repos/Zenjex/src/Samples/DevConsole
[UnityMemory] Configuration Parameters - Can be set up in boot.config
    "memorysetup-temp-allocator-size-gi-baking-worker=262144"
    "memorysetup-temp-allocator-size-gi-baking-worker=262144"
    "memorysetup-temp-allocator-size-gi-baking-worker=262144"
    "memorysetup-temp-allocator-size-gi-baking-worker=262144"
    "memorysetup-temp-allocator-size-gi-baking-worker=262144"
    "memorysetup-temp-allocator-size-nav-mesh-worker=65536"
    "memorysetup-temp-allocator-size-audio-worker=65536"
    "memorysetup-temp-allocator-size-cloud-worker=32768"
    "memorysetup-temp-allocator-size-gfx=262144"
    "memorysetup-temp-allocator-size-preload-manager=33554432"
    "memorysetup-temp-allocator-size-job-worker=262144"
    "memorysetup-temp-allocator-size-background-worker=32768"
    "memorysetup-allocator-temp-initial-block-size-main=262144"
    "memorysetup-allocator-temp-initial-block-size-worker=262144"
    "memorysetup-bucket-allocator-granularity=16"
    "memorysetup-bucket-allocator-bucket-count=8"
    "memorysetup-bucket-allocator-block-size=33554432"
    "memorysetup-bucket-allocator-block-count=8"
    "memorysetup-main-allocator-block-size=16777216"
    "memorysetup-thread-allocator-block-size=16777216"
    "memorysetup-gfx-main-allocator-block-size=16777216"
    "memorysetup-gfx-thread-allocator-block-size=16777216"
    "memorysetup-cache-allocator-block-size=4194304"
    "memorysetup-typetree-allocator-block-size=2097152"
    "memorysetup-profiler-bucket-allocator-granularity=16"
    "memorysetup-profiler-bucket-allocator-bucket-count=8"
    "memorysetup-profiler-bucket-allocator-block-size=33554432"
    "memorysetup-profiler-bucket-allocator-block-count=8"
    "memorysetup-profiler-allocator-block-size=16777216"
    "memorysetup-profiler-editor-allocator-block-size=1048576"
    "memorysetup-temp-allocator-size-main=16777216"
    "memorysetup-job-temp-allocator-block-size=2097152"
    "memorysetup-job-temp-allocator-block-size-background=1048576"
    "memorysetup-job-temp-allocator-reduction-small-platforms=262144"
Player connection [18760]  Target information:

Player connection [18760]  * "[IP] 10.20.52.152 [Port] 0 [Flags] 2 [Guid] 3539147046 [EditorId] 3539147046 [Version] 1048832 [Id] WindowsEditor(7,DESKTOP-JDUDAHE) [Debug] 1 [PackageName] WindowsEditor [ProjectName] Editor" 

Player connection [18760] Host joined multi-casting on [225.0.0.222:54997]...
Player connection [18760] Host joined alternative multi-casting on [225.0.0.222:34997]...
JobSystem: Creating JobQueue using job-worker-count value 9
Input System module state changed to: Initialized.
[Physics::Module] Initialized fallback backend.
[Physics::Module] Id: 0xdecafbad
Library Redirect Path: Library/
[Physics::Module] Selected backend.
[Physics::Module] Name: PhysX
[Physics::Module] Id: 0xf2b8ea05
[Physics::Module] SDK Version: 4.1.2
[Physics::Module] Integration Version: 1.0.0
[Physics::Module] Threading Mode: Multi-Threaded
Refreshing native plugins compatible for Editor in 3.88 ms, found 3 plugins.
Initialize engine version: 6000.4.0f1 (8cf496087c8f)
[Subsystems] Discovering subsystems at path C:/Program Files/Unity/Hub/Editor/6000.4.0f1/Editor/Data/Resources/UnitySubsystems
[Subsystems] Discovering subsystems at path C:/Repos/Zenjex/src/Samples/DevConsole/Assets
Forcing GfxDevice: Direct3D 12
GfxDevice: creating device client; kGfxThreadingModeNonThreaded
d3d12: failed to query info queue interface (0x80004002).
Direct3D:
    Version:         Direct3D 12 [level 12.2]
    Renderer:        NVIDIA GeForce RTX 4070 Laptop GPU (ID=0x2820)
    Vendor:          NVIDIA
    VRAM:            7948 MB
    App VRAM Budget: 7180 MB
    Driver:          32.0.15.9579
[Licensing::Client] Error: HandshakeResponse reported an error:
	ResponseCode: 505
	ResponseStatus: Unsupported protocol version '1.18.1'.
[Licensing::Module] Error: Failed to handshake to channel: "LicenseClient-User"
[Licensing::IpcConnector] LicenseClient-User channel disconnected successfully.
[Licensing::IpcConnector] Successfully connected to: "LicenseClient-User-6000.4.0" at "2026-03-25T09:15:16.2983602Z"
Initialize mono
Mono path[0] = 'C:/Program Files/Unity/Hub/Editor/6000.4.0f1/Editor/Data/Managed'
Mono path[1] = 'C:/Program Files/Unity/Hub/Editor/6000.4.0f1/Editor/Data/MonoBleedingEdge/lib/mono/unityjit-win32'
Mono config path = 'C:/Program Files/Unity/Hub/Editor/6000.4.0f1/Editor/Data/MonoBleedingEdge/etc'
Using monoOptions --debugger-agent=transport=dt_socket,embedding=1,server=y,suspend=n,address=127.0.0.1:56392
CodeReloadManager initialized
Begin MonoManager ReloadAssembly
Registering precompiled unity dll's ...
Register platform support module: C:/Program Files/Unity/Hub/Editor/6000.4.0f1/Editor/Data/PlaybackEngines/WebGLSupport/UnityEditor.WebGL.Extensions.dll
Register platform support module: C:/Program Files/Unity/Hub/Editor/6000.4.0f1/Editor/Data/PlaybackEngines/MacStandaloneSupport/UnityEditor.OSXStandalone.Extensions.dll
[Licensing::Module] Licensing is not yet initialized.
[Licensing::Client] Handshaking with LicensingClient:
  Version:                 1.18.1+9fbee8e
  Session Id:              ef97f55ed314432292d3271b425639f2
  Correlation Id:          9beb5b2690b0c1f40048fb6e32771c16
  External correlation Id: 3062239035544445504
  Machine Id:              BVjh6/fJmMGeb49K+i6kyCZyA9E=
[Licensing::Module] Successfully connected to LicensingClient on channel: "LicenseClient-User-6000.4.0" (connect: 0.00s, validation: 0.00s, handshake: 1.25s)
[Licensing::IpcConnector] Successfully connected to: "LicenseClient-User-6000.4.0-notifications" at "2026-03-25T09:15:17.5494918Z"
[Licensing::Module] Licensing Background thread has ended after 2.48s
[Licensing::Module] Licensing is initialized (took 0.42s).
[Licensing::Client] Successfully resolved entitlement details
[Licensing::Module] License group:
  Id: 10171442449779-UnityPersXXXX
  Product: Unity Personal
  Type: Assigned
  Expiration: Unlimited
Register platform support module: C:/Program Files/Unity/Hub/Editor/6000.4.0f1/Editor/Data/PlaybackEngines/VisionOSPlayer/UnityEditor.VisionOS.Extensions.dll
Register platform support module: C:/Program Files/Unity/Hub/Editor/6000.4.0f1/Editor/Data/PlaybackEngines/WindowsStandaloneSupport/UnityEditor.WindowsStandalone.Extensions.dll
[Licensing::Client] Successfully resolved entitlement details
Register platform support module: C:/Program Files/Unity/Hub/Editor/6000.4.0f1/Editor/Data/PlaybackEngines/MetroSupport/UnityEditor.UWP.Extensions.dll
[Licensing::Client] Successfully resolved entitlement details
Register platform support module: C:/Program Files/Unity/Hub/Editor/6000.4.0f1/Editor/Data/PlaybackEngines/AndroidPlayer/UnityEditor.Android.Extensions.dll
Register platform support module: C:/Program Files/Unity/Hub/Editor/6000.4.0f1/Editor/Data/PlaybackEngines/iOSSupport/UnityEditor.iOS.Extensions.dll
Register platform support module: C:/Program Files/Unity/Hub/Editor/6000.4.0f1/Editor/Data/PlaybackEngines/AppleTVSupport/UnityEditor.AppleTV.Extensions.dll
Register platform support module: C:/Program Files/Unity/Hub/Editor/6000.4.0f1/Editor/Data/PlaybackEngines/LinuxStandaloneSupport/UnityEditor.LinuxStandalone.Extensions.dll
Registered in 0.433278 seconds.
Native extension for LinuxStandalone target not found
[usbmuxd] Start listen thread
[usbmuxd] Listen thread started
Native extension for AppleTV target not found
[usbmuxd] Start listen thread
[usbmuxd] Listen thread started
Native extension for iOS target not found
Native extension for Android target not found
Android Extension - Scanning For ADB Devices 296 ms
Native extension for UWP target not found
Native extension for WindowsStandalone target not found
Failed to load: C:/Program Files/Unity/Hub/Editor/6000.4.0f1/Editor/Data/PlaybackEngines/VisionOSPlayer\x64\UnityEditor.VisionOS.Native.dll
Native extension for VisionOS target not found
Native extension for OSXStandalone target not found
Native extension for WebGL target not found
Package Manager log level set to [2]
[Package Manager] Failed to launch server process. Reason: Unity was launched with the -noUpm command-line argument
[Package Manager] Unable to send message (not connected to server process).
[Package Manager] Cannot connect to Unity Package Manager local server
[Package Manager] Failed to launch server process. Reason: Unity was launched with the -noUpm command-line argument
[Package Manager] Unable to send message (not connected to server process).
[Package Manager] Cannot connect to Unity Package Manager local server
ScheduleIndexationOnStartup MainProcess:False IndexOnStartup:True
Mono: successfully reloaded assembly
- Finished resetting the current domain, in  0.800 seconds
Domain Reload Profiling: 1819ms
	BeginReloadAssembly (156ms)
	RebuildCommonClasses (73ms)
	RebuildNativeTypeToScriptingClass (24ms)
	initialDomainReloadingComplete (525ms)
	LoadAllAssembliesAndSetupDomain (241ms)
		LoadAssemblies (152ms)
		AnalyzeDomain (226ms)
			TypeCache.Refresh (224ms)
				TypeCache.ScanAssembly (207ms)
	FinalizeReload (800ms)
		SetupLoadedEditorAssemblies (0ms)
			InitializePlatformSupportModulesInManaged (442ms)
			BeforeProcessingInitializeOnLoad (108ms)
			ProcessInitializeOnLoadAttributes (107ms)
			ProcessInitializeOnLoadMethodAttributes (67ms)
========================================================================
Worker process is ready to serve import requests
Import Worker Mode flag is 0x00
Begin MonoManager ReloadAssembly
[Licensing::Client] Successfully resolved entitlement details
Assembly Assembly-CSharp-Editor.dll at Library/ScriptAssemblies/Assembly-CSharp-Editor.dll not valid. Loading of assembly skipped.
Assembly Assembly-CSharp-firstpass.dll at Library/ScriptAssemblies/Assembly-CSharp-firstpass.dll not valid. Loading of assembly skipped.
Assembly Assembly-CSharp.dll at Library/ScriptAssemblies/Assembly-CSharp.dll not valid. Loading of assembly skipped.
Assembly DocCodeExamples.dll at Library/ScriptAssemblies/DocCodeExamples.dll not valid. Loading of assembly skipped.
Assembly TestNewCustomAssembly.dll at Library/ScriptAssemblies/TestNewCustomAssembly.dll not valid. Loading of assembly skipped.
Assembly Unity.Collections.BurstCompatibilityGen.dll at Library/ScriptAssemblies/Unity.Collections.BurstCompatibilityGen.dll not valid. Loading of assembly skipped.
Assembly Unity.Collections.DocCodeSamples.dll at Library/ScriptAssemblies/Unity.Collections.DocCodeSamples.dll not valid. Loading of assembly skipped.
Assembly Unity.Collections.PerformanceTests.dll at Library/ScriptAssemblies/Unity.Collections.PerformanceTests.dll not valid. Loading of assembly skipped.
Assembly Unity.Collections.Tests.dll at Library/ScriptAssemblies/Unity.Collections.Tests.dll not valid. Loading of assembly skipped.
Assembly Unity.Collections.Tests.Playmode.dll at Library/ScriptAssemblies/Unity.Collections.Tests.Playmode.dll not valid. Loading of assembly skipped.
Assembly Unity.InputSystem.IntegrationTests.dll at Library/ScriptAssemblies/Unity.InputSystem.IntegrationTests.dll not valid. Loading of assembly skipped.
Assembly Unity.Mathematics.Tests.dll at Library/ScriptAssemblies/Unity.Mathematics.Tests.dll not valid. Loading of assembly skipped.
Assembly Unity.Multiplayer.Center.Editor.Tests.dll at Library/ScriptAssemblies/Unity.Multiplayer.Center.Editor.Tests.dll not valid. Loading of assembly skipped.
Assembly Unity.Multiplayer.Center.Tests.dll at Library/ScriptAssemblies/Unity.Multiplayer.Center.Tests.dll not valid. Loading of assembly skipped.
Assembly Unity.Nuget.Mono-Cecil.dll at Library/ScriptAssemblies/Unity.Nuget.Mono-Cecil.dll not valid. Loading of assembly skipped.
Assembly Unity.PathTracing.Editor.Tests.dll at Library/ScriptAssemblies/Unity.PathTracing.Editor.Tests.dll not valid. Loading of assembly skipped.
Assembly Unity.PathTracing.Runtime.Tests.dll at Library/ScriptAssemblies/Unity.PathTracing.Runtime.Tests.dll not valid. Loading of assembly skipped.
Assembly Unity.RenderPipelines.Core.Editor.Tests.dll at Library/ScriptAssemblies/Unity.RenderPipelines.Core.Editor.Tests.dll not valid. Loading of assembly skipped.
Assembly Unity.RenderPipelines.Core.Runtime.Tests.dll at Library/ScriptAssemblies/Unity.RenderPipelines.Core.Runtime.Tests.dll not valid. Loading of assembly skipped.
Assembly Unity.RenderPipelines.Universal.Config.Editor.Tests.dll at Library/ScriptAssemblies/Unity.RenderPipelines.Universal.Config.Editor.Tests.dll not valid. Loading of assembly skipped.
Assembly Unity.RenderPipelines.Universal.Editor.Tests.dll at Library/ScriptAssemblies/Unity.RenderPipelines.Universal.Editor.Tests.dll not valid. Loading of assembly skipped.
Assembly Unity.RenderPipelines.Universal.Runtime.Tests.dll at Library/ScriptAssemblies/Unity.RenderPipelines.Universal.Runtime.Tests.dll not valid. Loading of assembly skipped.
Assembly Unity.Searcher.EditorTests.dll at Library/ScriptAssemblies/Unity.Searcher.EditorTests.dll not valid. Loading of assembly skipped.
Assembly Unity.ShaderGraph.Editor.Tests.dll at Library/ScriptAssemblies/Unity.ShaderGraph.Editor.Tests.dll not valid. Loading of assembly skipped.
Assembly Unity.TextMeshPro.Editor.Tests.dll at Library/ScriptAssemblies/Unity.TextMeshPro.Editor.Tests.dll not valid. Loading of assembly skipped.
Assembly Unity.TextMeshPro.Tests.dll at Library/ScriptAssemblies/Unity.TextMeshPro.Tests.dll not valid. Loading of assembly skipped.
Assembly Unity.UnifiedRayTracing.Editor.Tests.dll at Library/ScriptAssemblies/Unity.UnifiedRayTracing.Editor.Tests.dll not valid. Loading of assembly skipped.
Assembly UnityEditor.UI.Common.Tests.dll at Library/ScriptAssemblies/UnityEditor.UI.Common.Tests.dll not valid. Loading of assembly skipped.
Assembly UnityEditor.UI.EditorTests.dll at Library/ScriptAssemblies/UnityEditor.UI.EditorTests.dll not valid. Loading of assembly skipped.
Assembly UnityEngine.UI.Tests.dll at Library/ScriptAssemblies/UnityEngine.UI.Tests.dll not valid. Loading of assembly skipped.
Refreshing native plugins compatible for Editor in 3.02 ms, found 3 plugins.
Native extension for LinuxStandalone target not found
Native extension for AppleTV target not found
Native extension for iOS target not found
Native extension for Android target not found
Native extension for UWP target not found
Native extension for WindowsStandalone target not found
Failed to load: C:/Program Files/Unity/Hub/Editor/6000.4.0f1/Editor/Data/PlaybackEngines/VisionOSPlayer\x64\UnityEditor.VisionOS.Native.dll
Native extension for VisionOS target not found
Native extension for OSXStandalone target not found
Native extension for WebGL target not found
[Package Manager] Failed to launch server process. Reason: Unity was launched with the -noUpm command-line argument
[Package Manager] Unable to send message (not connected to server process).
[Package Manager] Cannot connect to Unity Package Manager local server
[Package Manager] Failed to launch server process. Reason: Unity was launched with the -noUpm command-line argument
[Package Manager] Unable to send message (not connected to server process).
[Package Manager] Cannot connect to Unity Package Manager local server
ScheduleIndexationOnStartup MainProcess:False IndexOnStartup:True
Mono: successfully reloaded assembly
- Finished resetting the current domain, in  1.025 seconds
Domain Reload Profiling: 2103ms
	BeginReloadAssembly (174ms)
		DisableScriptedObjects (8ms)
		CreateAndSetChildDomain (40ms)
	RebuildCommonClasses (45ms)
	RebuildNativeTypeToScriptingClass (15ms)
	initialDomainReloadingComplete (70ms)
	LoadAllAssembliesAndSetupDomain (773ms)
		LoadAssemblies (478ms)
		AnalyzeDomain (366ms)
			TypeCache.Refresh (255ms)
				TypeCache.ScanAssembly (230ms)
			BuildScriptInfoCaches (91ms)
			ResolveRequiredComponents (17ms)
	FinalizeReload (1026ms)
		SetupLoadedEditorAssemblies (0ms)
			InitializePlatformSupportModulesInManaged (27ms)
			BeforeProcessingInitializeOnLoad (219ms)
			ProcessInitializeOnLoadAttributes (426ms)
			ProcessInitializeOnLoadMethodAttributes (84ms)
			AfterProcessingInitializeOnLoad (14ms)
		AwakeInstancesAfterBackupRestoration (7ms)
Launched and connected shader compiler UnityShaderCompiler.exe after 0.02 seconds
Unloading 24 Unused Serialized files (Serialized files now loaded: 0)
Unloading 6452 unused Assets / (6.3 MB). Loaded Objects now: 7302.
Memory consumption went from 162.4 MB to 156.1 MB.
Total: 10.098100 ms (FindLiveObjects: 1.229800 ms CreateObjectMapping: 0.350200 ms MarkObjects: 5.359500 ms  DeleteObjects: 3.155900 ms)

========================================================================
Received Import Request.
  Time since last request: 183996.977860 seconds.
  path: Assets/TextMesh Pro/Resources/Style Sheets/Default Style Sheet.asset
  importAddress: Guid(f952c082cb03451daed3ee968ac6c63e) Importer(2089858483,b0f066a214c2f5e87bad3c948f4d605d)
Start importing Assets/TextMesh Pro/Resources/Style Sheets/Default Style Sheet.asset using Guid(f952c082cb03451daed3ee968ac6c63e) Importer(2089858483,b0f066a214c2f5e87bad3c948f4d605d) (ScriptedImporter) -> (Import Result ID: 'a105c7553647dc6d1aee140fbbe985ec') in 0.0963588 seconds [static and dynamic dependencies]. Details - ImportResultOutputID=c1d0d5463e3d50a81e2172d57d060a33 DependenciesID=2a8afb44705b2ff8c592a6c6dc8a6a19 StaticDependenciesID=3bd7c12e974ced77cd719696148b87d2 
Number of updated asset objects reloaded before import = 0Number of asset objects unloaded after import = 1

========================================================================
Received Import Request.
  Time since last request: 0.000026 seconds.
  path: Assets/Zenjex/Reflex/Components/GameObjectSelfInjector.cs
  importAddress: Guid(20620ae30fdd0164c9bb5bdc717d3ada) Importer(2089858483,b0f066a214c2f5e87bad3c948f4d605d)
Start importing Assets/Zenjex/Reflex/Components/GameObjectSelfInjector.cs using Guid(20620ae30fdd0164c9bb5bdc717d3ada) Importer(2089858483,b0f066a214c2f5e87bad3c948f4d605d) (ScriptedImporter) -> (Import Result ID: '9bc9dcfb2cc8390b06e2ab9863b8881f') in 0.0281735 seconds [static and dynamic dependencies]. Details - ImportResultOutputID=5a5a62335c29f551097be8828f87d31f DependenciesID=d04f8fcf93f30f4f0c7376f89809edad StaticDependenciesID=e231592e1da80f13562f9b0363efdc80 
Number of updated asset objects reloaded before import = 0Number of asset objects unloaded after import = 0

========================================================================
Received Import Request.
  Time since last request: 0.000024 seconds.
  path: Assets/Zenjex/Extensions/Core/ContainerZenjectExtensions.cs
  importAddress: Guid(8feebd925eaa1a0408e04c92e56f3fb9) Importer(2089858483,b0f066a214c2f5e87bad3c948f4d605d)
Start importing Assets/Zenjex/Extensions/Core/ContainerZenjectExtensions.cs using Guid(8feebd925eaa1a0408e04c92e56f3fb9) Importer(2089858483,b0f066a214c2f5e87bad3c948f4d605d) (ScriptedImporter) -> (Import Result ID: '02cfdc6194f20f272bfceb0e237bd552') in 0.0156414 seconds [static and dynamic dependencies]. Details - ImportResultOutputID=250d886d49a9fc29fc1ee16efd6aafb0 DependenciesID=09cc667f380231b90f21c4287a323953 StaticDependenciesID=5e145313b672a06d8645e64c67f96458 
Number of updated asset objects reloaded before import = 0Number of asset objects unloaded after import = 0

========================================================================
Received Import Request.
  Time since last request: 0.000038 seconds.
  path: Assets/DevConsole/Backend/Gameplay/FramerateManager.cs
  importAddress: Guid(d6bb45fa537d89547a627bc02e85d03f) Importer(2089858483,b0f066a214c2f5e87bad3c948f4d605d)
Start importing Assets/DevConsole/Backend/Gameplay/FramerateManager.cs using Guid(d6bb45fa537d89547a627bc02e85d03f) Importer(2089858483,b0f066a214c2f5e87bad3c948f4d605d) (ScriptedImporter) -> (Import Result ID: '310d67e3212a021f978771ac0e19826d') in 0.0150787 seconds [static and dynamic dependencies]. Details - ImportResultOutputID=2d587388ec95aef80c805c11a141665f DependenciesID=2be46f15d5d25ee9420d75bf504f3702 StaticDependenciesID=d6ba923fdf56884d100f2aad33cb9cad 
Number of updated asset objects reloaded before import = 0Number of asset objects unloaded after import = 0

========================================================================
Received Import Request.
  Time since last request: 0.000017 seconds.
  path: Assets/TextMesh Pro/Shaders/TMP_SDF-Mobile Overlay.shader
  importAddress: Guid(a02a7d8c237544f1962732b55a9aebf1) Importer(2089858483,b0f066a214c2f5e87bad3c948f4d605d)
Start importing Assets/TextMesh Pro/Shaders/TMP_SDF-Mobile Overlay.shader using Guid(a02a7d8c237544f1962732b55a9aebf1) Importer(2089858483,b0f066a214c2f5e87bad3c948f4d605d) (ScriptedImporter) -> (Import Result ID: '8183d08b4a8a5d4de63d55f91455132b') in 0.0284733 seconds [static and dynamic dependencies]. Details - ImportResultOutputID=e9c9c132f72647dff8fa4561636e1804 DependenciesID=dba8babbb889a01ab1b10b9516bbd1c6 StaticDependenciesID=0cd9ea97f68392fe6cbce5de52c408ad 
Number of updated asset objects reloaded before import = 0Number of asset objects unloaded after import = 1

========================================================================
Received Import Request.
  Time since last request: 0.000031 seconds.
  path: Assets/TextMesh Pro/Shaders/TMPro_Surface.cginc
  importAddress: Guid(d930090c0cd643c7b55f19a38538c162) Importer(2089858483,b0f066a214c2f5e87bad3c948f4d605d)
Start importing Assets/TextMesh Pro/Shaders/TMPro_Surface.cginc using Guid(d930090c0cd643c7b55f19a38538c162) Importer(2089858483,b0f066a214c2f5e87bad3c948f4d605d) (ScriptedImporter) -> (Import Result ID: 'a33b7c0582419c4075b8a736a3292d83') in 0.0162851 seconds [static and dynamic dependencies]. Details - ImportResultOutputID=7d2d22e70a887c9a880a26ad263f99bd DependenciesID=cfd80509d6ef5a874d9ac4a7e82067ba StaticDependenciesID=8fb9495c76aeb6809f5b996ebfc0882c 
Number of updated asset objects reloaded before import = 0Number of asset objects unloaded after import = 1

========================================================================
Received Import Request.
  Time since last request: 0.000017 seconds.
  path: Assets/TextMesh Pro/Shaders/TMPro_Mobile.cginc
  importAddress: Guid(c334973cef89a9840b0b0c507e0377ab) Importer(2089858483,b0f066a214c2f5e87bad3c948f4d605d)
Start importing Assets/TextMesh Pro/Shaders/TMPro_Mobile.cginc using Guid(c334973cef89a9840b0b0c507e0377ab) Importer(2089858483,b0f066a214c2f5e87bad3c948f4d605d) (ScriptedImporter) -> (Import Result ID: '313b67eab2b1633cb6efa899756380f3') in 0.0135613 seconds [static and dynamic dependencies]. Details - ImportResultOutputID=3f85dfe64026d5da1658b1aa581d5a1f DependenciesID=4fa22ae5160e3f9bb3b5046934542524 StaticDependenciesID=3c52ead75c0407d07f24c091d109dded 
Number of updated asset objects reloaded before import = 0Number of asset objects unloaded after import = 1

========================================================================
Received Import Request.
  Time since last request: 0.000017 seconds.
  path: Assets/Plugins/SimpleInput/Editor/BaseInputDrawer.cs
  importAddress: Guid(eca58b1bb7542da4885acdcc10d56975) Importer(2089858483,b0f066a214c2f5e87bad3c948f4d605d)
Start importing Assets/Plugins/SimpleInput/Editor/BaseInputDrawer.cs using Guid(eca58b1bb7542da4885acdcc10d56975) Importer(2089858483,b0f066a214c2f5e87bad3c948f4d605d) (ScriptedImporter) -> (Import Result ID: '11764af764255c5cbd1b6e9464b197a8') in 0.0130622 seconds [static and dynamic dependencies]. Details - ImportResultOutputID=9811c391cdca609ec6fda99ee48b3954 DependenciesID=a806336acc9da14d1df846838c4c770a StaticDependenciesID=467212898b5c1abbdb41588c2562e851 
Number of updated asset objects reloaded before import = 0Number of asset objects unloaded after import = 0

========================================================================
Received Import Request.
  Time since last request: 0.000029 seconds.
  path: Assets/Plugins/SimpleInput/Editor/MouseButtonInputDrawer.cs
  importAddress: Guid(a109724b706e596419d6a7ff4c2a9e46) Importer(2089858483,b0f066a214c2f5e87bad3c948f4d605d)
Start importing Assets/Plugins/SimpleInput/Editor/MouseButtonInputDrawer.cs using Guid(a109724b706e596419d6a7ff4c2a9e46) Importer(2089858483,b0f066a214c2f5e87bad3c948f4d605d) (ScriptedImporter) -> (Import Result ID: '49d2f90f8f4be830f082f88395425932') in 0.0146108 seconds [static and dynamic dependencies]. Details - ImportResultOutputID=5574d33aaaea66e1c30895b4fea91c28 DependenciesID=34f07f36ca6565eb03d419a21c0fba86 StaticDependenciesID=031c33322b21b77e30859fc222c578cf 
Number of updated asset objects reloaded before import = 0Number of asset objects unloaded after import = 0

========================================================================
Received Import Request.
  Time since last request: 0.000020 seconds.
  path: Assets/Settings/DefaultVolumeProfile.asset
  importAddress: Guid(ab09877e2e707104187f6f83e2f62510) Importer(2089858483,b0f066a214c2f5e87bad3c948f4d605d)
Start importing Assets/Settings/DefaultVolumeProfile.asset using Guid(ab09877e2e707104187f6f83e2f62510) Importer(2089858483,b0f066a214c2f5e87bad3c948f4d605d) (ScriptedImporter) -> (Import Result ID: '76dd89672896ed7fdb29acaf1ea29eaa') in 0.015819 seconds [static and dynamic dependencies]. Details - ImportResultOutputID=390e30d649011cd0e77f0b580a1dd466 DependenciesID=251e79430a6073ac9fbd9bd5ecb76de0 StaticDependenciesID=8c385e7c5b969a03d4cd2456362bfa67 
Number of updated asset objects reloaded before import = 0Number of asset objects unloaded after import = 0

========================================================================
Received Import Request.
  Time since last request: 0.000016 seconds.
  path: Assets/TextMesh Pro/Resources/Fonts & Materials/LiberationSans SDF.asset
  importAddress: Guid(8f586378b4e144a9851e7b34d9b748ee) Importer(2089858483,b0f066a214c2f5e87bad3c948f4d605d)
Start importing Assets/TextMesh Pro/Resources/Fonts & Materials/LiberationSans SDF.asset using Guid(8f586378b4e144a9851e7b34d9b748ee) Importer(2089858483,b0f066a214c2f5e87bad3c948f4d605d) (ScriptedImporter) -> (Import Result ID: 'b79cc723e4f8956913389ca19ef87d06') in 0.0983679 seconds [static and dynamic dependencies]. Details - ImportResultOutputID=d3df2e7a044bfd4c91111a9e0fb94366 DependenciesID=88ab90c127d66d0d7ee6c1f19c6a2fba StaticDependenciesID=f24aa01374016caa59713b859ae89089 
Number of updated asset objects reloaded before import = 0Number of asset objects unloaded after import = 8

========================================================================
Received Import Request.
  Time since last request: 0.000029 seconds.
  path: Assets/Zenjex/Reflex/Exceptions/FieldInjectorException.cs
  importAddress: Guid(28c35de469d9497b85c216b1261c4140) Importer(2089858483,b0f066a214c2f5e87bad3c948f4d605d)
Start importing Assets/Zenjex/Reflex/Exceptions/FieldInjectorException.cs using Guid(28c35de469d9497b85c216b1261c4140) Importer(2089858483,b0f066a214c2f5e87bad3c948f4d605d) (ScriptedImporter) -> (Import Result ID: '1066f3a82fe75ca993eaa3217bd0be97') in 0.0146673 seconds [static and dynamic dependencies]. Details - ImportResultOutputID=968721807bd2ea82925029ddd592dd1e DependenciesID=cbb2f756a7930297c38d74e06f23b067 StaticDependenciesID=1676109124d0230ac04dcdf42d246a3a 
Number of updated asset objects reloaded before import = 0Number of asset objects unloaded after import = 0

========================================================================
Received Import Request.
  Time since last request: 0.000032 seconds.
  path: Assets/Zenjex/Reflex/Exceptions/SceneHasMultipleSceneScopesException.cs
  importAddress: Guid(eccc55c1f7354ee0ae8c9caae0687284) Importer(2089858483,b0f066a214c2f5e87bad3c948f4d605d)
Start importing Assets/Zenjex/Reflex/Exceptions/SceneHasMultipleSceneScopesException.cs using Guid(eccc55c1f7354ee0ae8c9caae0687284) Importer(2089858483,b0f066a214c2f5e87bad3c948f4d605d) (ScriptedImporter) -> (Import Result ID: '7123a7ac5354d723045301216b964873') in 0.013938 seconds [static and dynamic dependencies]. Details - ImportResultOutputID=c8e787f4136e32fe1914fe4bf7ef0849 DependenciesID=0b0d98947841295c5928bf28fda2df5d StaticDependenciesID=17f7e9930f760dba7056023c94c3996c 
Number of updated asset objects reloaded before import = 0Number of asset objects unloaded after import = 0

========================================================================
Received Import Request.
  Time since last request: 0.000014 seconds.
  path: Assets/Zenjex/Reflex/Extensions/IntExtensions.cs
  importAddress: Guid(1d4b983a54624156b5faae6b8915db1a) Importer(2089858483,b0f066a214c2f5e87bad3c948f4d605d)
Start importing Assets/Zenjex/Reflex/Extensions/IntExtensions.cs using Guid(1d4b983a54624156b5faae6b8915db1a) Importer(2089858483,b0f066a214c2f5e87bad3c948f4d605d) (ScriptedImporter) -> (Import Result ID: 'ed9d7a006054ad5b86deaa86f6a30810') in 0.0148383 seconds [static and dynamic dependencies]. Details - ImportResultOutputID=7e97f51f7d2d10928ecf0fd0ddd1ed30 DependenciesID=684c1ff7da8a94864b81bf7b4f44645e StaticDependenciesID=1aa787b01c059a73ac84bf51b7d4c2dc 
Number of updated asset objects reloaded before import = 0Number of asset objects unloaded after import = 0

========================================================================
Received Import Request.
  Time since last request: 0.000017 seconds.
  path: Assets/Zenjex/Reflex/Exceptions/ConstructorInjectorException.cs
  importAddress: Guid(adf4781b04983a8418c700732e775702) Importer(2089858483,b0f066a214c2f5e87bad3c948f4d605d)
Start importing Assets/Zenjex/Reflex/Exceptions/ConstructorInjectorException.cs using Guid(adf4781b04983a8418c700732e775702) Importer(2089858483,b0f066a214c2f5e87bad3c948f4d605d) (ScriptedImporter) -> (Import Result ID: '7a5b86b49ada7f4a0547cd9f14b61f5e') in 0.0163697 seconds [static and dynamic dependencies]. Details - ImportResultOutputID=1b071fa612f7ffd4d8aa725576f8010f DependenciesID=822d0c426381dd365c659ffd27eec694 StaticDependenciesID=ed61ba829b2fa7cefd138444c413b2bc 
Number of updated asset objects reloaded before import = 0Number of asset objects unloaded after import = 0

========================================================================
Received Import Request.
  Time since last request: 0.000023 seconds.
  path: Assets/TextMesh Pro/Shaders/TMP_SDF-HDRP UNLIT.shadergraph
  importAddress: Guid(f63d574838ccfb44f84acc05fed0af48) Importer(2089858483,b0f066a214c2f5e87bad3c948f4d605d)
Start importing Assets/TextMesh Pro/Shaders/TMP_SDF-HDRP UNLIT.shadergraph using Guid(f63d574838ccfb44f84acc05fed0af48) Importer(2089858483,b0f066a214c2f5e87bad3c948f4d605d) (ScriptedImporter) -> (Import Result ID: 'e60ffb35df435ca38b4ee4de610c95fb') in 0.0271078 seconds [static and dynamic dependencies]. Details - ImportResultOutputID=24dd70223e4cf31ad8ba21b8c70426f2 DependenciesID=5d80eade8f3ba71b3349bcc94ff3941a StaticDependenciesID=76664a18f50202a4e669f6b3997590d2 
Number of updated asset objects reloaded before import = 0Number of asset objects unloaded after import = 3

========================================================================
Received Import Request.
  Time since last request: 0.000028 seconds.
  path: Assets/Plugins/SimpleInput/Scripts/SimpleInput.cs
  importAddress: Guid(5e9007fbfcf04994b88c10e02cbc4229) Importer(2089858483,b0f066a214c2f5e87bad3c948f4d605d)
Start importing Assets/Plugins/SimpleInput/Scripts/SimpleInput.cs using Guid(5e9007fbfcf04994b88c10e02cbc4229) Importer(2089858483,b0f066a214c2f5e87bad3c948f4d605d) (ScriptedImporter) -> (Import Result ID: '977a0de2c5bf27f3a576c0e0a6e21b9c') in 0.0167721 seconds [static and dynamic dependencies]. Details - ImportResultOutputID=592135085334393cb05f94b270bc251b DependenciesID=259b86c8ffacf33854c0e55ef0448e0c StaticDependenciesID=dbc4b5808ceae943677019240e451145 
Number of updated asset objects reloaded before import = 0Number of asset objects unloaded after import = 0

========================================================================
Received Import Request.
  Time since last request: 0.000027 seconds.
  path: Assets/TextMesh Pro/Shaders/TMP_SDF-Mobile-2-Pass.shader
  importAddress: Guid(0178fcb869bafef4690d177d31d17db8) Importer(2089858483,b0f066a214c2f5e87bad3c948f4d605d)
Start importing Assets/TextMesh Pro/Shaders/TMP_SDF-Mobile-2-Pass.shader using Guid(0178fcb869bafef4690d177d31d17db8) Importer(2089858483,b0f066a214c2f5e87bad3c948f4d605d) (ScriptedImporter) -> (Import Result ID: '58e5413291a710d86e1a7f991c389fe7') in 0.0167831 seconds [static and dynamic dependencies]. Details - ImportResultOutputID=c050ea72d3c66e5d7d909908b1a6a779 DependenciesID=d28afc64ffb5f426007afbfd9eaaa867 StaticDependenciesID=2936f04a1dd55b511cbbf5990c3e04da 
Number of updated asset objects reloaded before import = 0Number of asset objects unloaded after import = 1

========================================================================
Received Import Request.
  Time since last request: 0.000018 seconds.
  path: Assets/Zenjex/Reflex/Resolvers/ScopedTypeResolver.cs
  importAddress: Guid(f8c31485169f4016bbc2f949fb67b825) Importer(2089858483,b0f066a214c2f5e87bad3c948f4d605d)
Start importing Assets/Zenjex/Reflex/Resolvers/ScopedTypeResolver.cs using Guid(f8c31485169f4016bbc2f949fb67b825) Importer(2089858483,b0f066a214c2f5e87bad3c948f4d605d) (ScriptedImporter) -> (Import Result ID: '80ab0d24ba1fe7185b9d5f9b698ed90e') in 0.0148137 seconds [static and dynamic dependencies]. Details - ImportResultOutputID=afd0ab69b234b3379d47dc88da880bd6 DependenciesID=73aa1647e074d274d5203ed00e98b3ae StaticDependenciesID=25c5f796c9de0dc1149dbe294709b54f 
Number of updated asset objects reloaded before import = 0Number of asset objects unloaded after import = 0

========================================================================
Received Import Request.
  Time since last request: 0.000018 seconds.
  path: Assets/Plugins/SimpleInput/Scripts/Core/NonDrawingGraphic.cs
  importAddress: Guid(c9542c931e1c82442a58750f0f44fcd8) Importer(2089858483,b0f066a214c2f5e87bad3c948f4d605d)
Start importing Assets/Plugins/SimpleInput/Scripts/Core/NonDrawingGraphic.cs using Guid(c9542c931e1c82442a58750f0f44fcd8) Importer(2089858483,b0f066a214c2f5e87bad3c948f4d605d) (ScriptedImporter) -> (Import Result ID: '44ec22b2cfe83451d2879746e3290d20') in 0.0114088 seconds [static and dynamic dependencies]. Details - ImportResultOutputID=07847d9e58109baeab4be35dc68f17e6 DependenciesID=373a74fbd6cbe0d0851c70e4a5b65fb2 StaticDependenciesID=86adb9cd9782da5e78fb3bdd8a0d1a90 
Number of updated asset objects reloaded before import = 0Number of asset objects unloaded after import = 0

========================================================================
Received Import Request.
  Time since last request: 0.000016 seconds.
  path: Assets/DevConsole/Backend/Infrastructure/Installer/GameInstaller.cs
  importAddress: Guid(b017f4a8f007dca4bbe9f2b5535a233f) Importer(2089858483,b0f066a214c2f5e87bad3c948f4d605d)
Start importing Assets/DevConsole/Backend/Infrastructure/Installer/GameInstaller.cs using Guid(b017f4a8f007dca4bbe9f2b5535a233f) Importer(2089858483,b0f066a214c2f5e87bad3c948f4d605d) (ScriptedImporter) -> (Import Result ID: '602d55786423b17713bf2eed6f17cd01') in 0.0149743 seconds [static and dynamic dependencies]. Details - ImportResultOutputID=b5a7f0b273c563c556e77691f94f61a0 DependenciesID=503c08cef66ade5489955f1f4eaa5cd8 StaticDependenciesID=451e7882517b22d8ccd1d5bc5a0db1a0 
Number of updated asset objects reloaded before import = 0Number of asset objects unloaded after import = 0

========================================================================
Received Import Request.
  Time since last request: 0.000016 seconds.
  path: Assets/Plugins/SimpleInput/Scripts/AxisInputs/Dpad.cs
  importAddress: Guid(98005cf4195d9954cb478595517f0d7c) Importer(2089858483,b0f066a214c2f5e87bad3c948f4d605d)
Start importing Assets/Plugins/SimpleInput/Scripts/AxisInputs/Dpad.cs using Guid(98005cf4195d9954cb478595517f0d7c) Importer(2089858483,b0f066a214c2f5e87bad3c948f4d605d) (ScriptedImporter) -> (Import Result ID: 'a27427ae4ee14fdac80297f5c72be59a') in 0.0157976 seconds [static and dynamic dependencies]. Details - ImportResultOutputID=b543d05eda15cc5698a034fdadf459ce DependenciesID=d4908d052c9c49608392a681e95120a1 StaticDependenciesID=3c5da825203d3f1942cf13f9035285a8 
Number of updated asset objects reloaded before import = 0Number of asset objects unloaded after import = 0

========================================================================
Received Import Request.
  Time since last request: 0.000024 seconds.
  path: Assets/Zenjex/Reflex/Resolvers/TransientTypeResolver.cs
  importAddress: Guid(9070c9d0f4b645bfb8aa32893d25cc89) Importer(2089858483,b0f066a214c2f5e87bad3c948f4d605d)
Start importing Assets/Zenjex/Reflex/Resolvers/TransientTypeResolver.cs using Guid(9070c9d0f4b645bfb8aa32893d25cc89) Importer(2089858483,b0f066a214c2f5e87bad3c948f4d605d) (ScriptedImporter) -> (Import Result ID: 'ace23b10062f9a156ffeea18e98b1ba1') in 0.0152683 seconds [static and dynamic dependencies]. Details - ImportResultOutputID=4e3b3897deed4387a9c096165d0fb503 DependenciesID=5f9bd599327c31adc5bfcfd9d322df8b StaticDependenciesID=ec68b98eb9345d0f777d59b91623d909 
Number of updated asset objects reloaded before import = 0Number of asset objects unloaded after import = 0

========================================================================
Received Import Request.
  Time since last request: 0.000019 seconds.
  path: Assets/Plugins/SimpleInput/Scripts/Core/SimpleInputDragListener.cs
  importAddress: Guid(b52dca7e30160fe448d7cd2c412efecc) Importer(2089858483,b0f066a214c2f5e87bad3c948f4d605d)
Start importing Assets/Plugins/SimpleInput/Scripts/Core/SimpleInputDragListener.cs using Guid(b52dca7e30160fe448d7cd2c412efecc) Importer(2089858483,b0f066a214c2f5e87bad3c948f4d605d) (ScriptedImporter) -> (Import Result ID: '908aa71df8adb66160f1a5b518dd530d') in 0.0148615 seconds [static and dynamic dependencies]. Details - ImportResultOutputID=89037dc51238689e7881f192eda63aa2 DependenciesID=52013160d3042bc5c7a89880572d3c98 StaticDependenciesID=8b9b6486c39d99aea78d7fcf634b72e4 
Number of updated asset objects reloaded before import = 0Number of asset objects unloaded after import = 0

========================================================================
Received Import Request.
  Time since last request: 0.000018 seconds.
  path: Assets/Zenjex/Reflex/Reflectors/MonoActivatorFactory.cs
  importAddress: Guid(119dc4ebbce14638b84e7d3381c8ac77) Importer(2089858483,b0f066a214c2f5e87bad3c948f4d605d)
Start importing Assets/Zenjex/Reflex/Reflectors/MonoActivatorFactory.cs using Guid(119dc4ebbce14638b84e7d3381c8ac77) Importer(2089858483,b0f066a214c2f5e87bad3c948f4d605d) (ScriptedImporter) -> (Import Result ID: '8cf5a1d32d46be6d4f4b900de9bdf92f') in 0.0158588 seconds [static and dynamic dependencies]. Details - ImportResultOutputID=0e86f43e7323d3b6ef3746ab1b875aa1 DependenciesID=a1fcbfb6d8c2cff631918d39da93ee93 StaticDependenciesID=61bcf848da561c2b511c0d0d9e21d12f 
Number of updated asset objects reloaded before import = 0Number of asset objects unloaded after import = 0

========================================================================
Received Import Request.
  Time since last request: 0.000021 seconds.
  path: Assets/Zenjex/Reflex/Extensions/EnumerableExtensions.cs
  importAddress: Guid(ca0ca929e1297b04c9a404fe1d5837da) Importer(2089858483,b0f066a214c2f5e87bad3c948f4d605d)
Start importing Assets/Zenjex/Reflex/Extensions/EnumerableExtensions.cs using Guid(ca0ca929e1297b04c9a404fe1d5837da) Importer(2089858483,b0f066a214c2f5e87bad3c948f4d605d) (ScriptedImporter) -> (Import Result ID: '3d763bb343af55b89a10bea3abbb3270') in 0.0136074 seconds [static and dynamic dependencies]. Details - ImportResultOutputID=bcade58ebc2930c3a773ef94b6a41d21 DependenciesID=68ccceef2bf8892081b39c2e46dd2450 StaticDependenciesID=9b0bc5a564d2fc8ee7c3e33d3f23510f 
Number of updated asset objects reloaded before import = 0Number of asset objects unloaded after import = 0

========================================================================
Received Import Request.
  Time since last request: 0.000018 seconds.
  path: Assets/Zenjex/Reflex/Delegates/ObjectActivator.cs
  importAddress: Guid(12b22bc113fc432ebf536a08e3809ba9) Importer(2089858483,b0f066a214c2f5e87bad3c948f4d605d)
Start importing Assets/Zenjex/Reflex/Delegates/ObjectActivator.cs using Guid(12b22bc113fc432ebf536a08e3809ba9) Importer(2089858483,b0f066a214c2f5e87bad3c948f4d605d) (ScriptedImporter) -> (Import Result ID: 'e9f23b14bed965ce40719ba3d7c742bf') in 0.0131413 seconds [static and dynamic dependencies]. Details - ImportResultOutputID=75fa7d4c74620ee47fcce104876ff2bd DependenciesID=4ff6004568d602c6491239d13cd0130d StaticDependenciesID=d8802dae08b03f2046502dd919b205db 
Number of updated asset objects reloaded before import = 0Number of asset objects unloaded after import = 0

========================================================================
Received Import Request.
  Time since last request: 0.000019 seconds.
  path: Assets/TextMesh Pro/Shaders/TMP_Sprite.shader
  importAddress: Guid(cf81c85f95fe47e1a27f6ae460cf182c) Importer(2089858483,b0f066a214c2f5e87bad3c948f4d605d)
Start importing Assets/TextMesh Pro/Shaders/TMP_Sprite.shader using Guid(cf81c85f95fe47e1a27f6ae460cf182c) Importer(2089858483,b0f066a214c2f5e87bad3c948f4d605d) (ScriptedImporter) -> (Import Result ID: '7110842e4d5877055ed91a11d289bc47') in 0.0135934 seconds [static and dynamic dependencies]. Details - ImportResultOutputID=163ca67931a33c9df455e8273e2ea13a DependenciesID=fd25dbe7ec0306ade7312a98820a00f3 StaticDependenciesID=a81e5bd42182df2690e5bdad867634f4 
Number of updated asset objects reloaded before import = 0Number of asset objects unloaded after import = 1

========================================================================
Received Import Request.
  Time since last request: 0.000026 seconds.
  path: Assets/DevConsole/Backend/Infrastructure/Services/DevConsole/Commands/HelpCommand.cs
  importAddress: Guid(f99b516852730dc4a8770798f9bc0693) Importer(2089858483,b0f066a214c2f5e87bad3c948f4d605d)
Start importing Assets/DevConsole/Backend/Infrastructure/Services/DevConsole/Commands/HelpCommand.cs using Guid(f99b516852730dc4a8770798f9bc0693) Importer(2089858483,b0f066a214c2f5e87bad3c948f4d605d) (ScriptedImporter) -> (Import Result ID: 'd9a59d4c87e1cd3284c3caec441b51a9') in 0.0152638 seconds [static and dynamic dependencies]. Details - ImportResultOutputID=973ea61b3aff68e0c585d51758b9c4a0 DependenciesID=2dd6c2320f676718c519ccb8436ef2fa StaticDependenciesID=72cb3d987a91ef076d5ecae1054f0b72 
Number of updated asset objects reloaded before import = 0Number of asset objects unloaded after import = 0

========================================================================
Received Import Request.
  Time since last request: 0.000016 seconds.
  path: Assets/DevConsole/Backend/Infrastructure/Services/DevConsole/Interfaces/IDevConsole.cs
  importAddress: Guid(d1cc2d8f845f6cd4c9da45f575921cad) Importer(2089858483,b0f066a214c2f5e87bad3c948f4d605d)
Start importing Assets/DevConsole/Backend/Infrastructure/Services/DevConsole/Interfaces/IDevConsole.cs using Guid(d1cc2d8f845f6cd4c9da45f575921cad) Importer(2089858483,b0f066a214c2f5e87bad3c948f4d605d) (ScriptedImporter) -> (Import Result ID: '4845605b310db580c8eb9250a802ce39') in 0.0146362 seconds [static and dynamic dependencies]. Details - ImportResultOutputID=d5d7c26b0f58340c71b34e187b2a4869 DependenciesID=b5063d6db19c610424f8c44d28d27b25 StaticDependenciesID=114f04c57597c4cf7ea9eca2f656a552 
Number of updated asset objects reloaded before import = 0Number of asset objects unloaded after import = 0

========================================================================
Received Import Request.
  Time since last request: 0.000022 seconds.
  path: Assets/DevConsole/Backend/Infrastructure/Services/DevConsole/Commands/ClearCommand.cs
  importAddress: Guid(186c8dd8881bff048b23a6cf71dbcff5) Importer(2089858483,b0f066a214c2f5e87bad3c948f4d605d)
Start importing Assets/DevConsole/Backend/Infrastructure/Services/DevConsole/Commands/ClearCommand.cs using Guid(186c8dd8881bff048b23a6cf71dbcff5) Importer(2089858483,b0f066a214c2f5e87bad3c948f4d605d) (ScriptedImporter) -> (Import Result ID: 'de17f2f9b2d9ee8290088fdd1a951f22') in 0.0156873 seconds [static and dynamic dependencies]. Details - ImportResultOutputID=b2cffa2cce5f547d3b38eadecbbf87c8 DependenciesID=919383dfd19aeeddcf7491e50996ea72 StaticDependenciesID=27c4d2d305a157b56e9ab6d7188d8437 
Number of updated asset objects reloaded before import = 0Number of asset objects unloaded after import = 0

========================================================================
Received Import Request.
  Time since last request: 0.000015 seconds.
  path: Assets/DevConsole/Backend/Infrastructure/Services/AssetManagement/AssetLoader.cs
  importAddress: Guid(3b1d807a5fec29544915c86d19fbff22) Importer(2089858483,b0f066a214c2f5e87bad3c948f4d605d)
Start importing Assets/DevConsole/Backend/Infrastructure/Services/AssetManagement/AssetLoader.cs using Guid(3b1d807a5fec29544915c86d19fbff22) Importer(2089858483,b0f066a214c2f5e87bad3c948f4d605d) (ScriptedImporter) -> (Import Result ID: '98bd53fb5d811b4a86e4457dd6ca3bbd') in 0.0137228 seconds [static and dynamic dependencies]. Details - ImportResultOutputID=d328c45957c98575524a83a67214ef94 DependenciesID=23e4e5db9e93e14dc7656b59ff34ec1b StaticDependenciesID=3d545321d65e0cee751836cf4cbb7f73 
Number of updated asset objects reloaded before import = 0Number of asset objects unloaded after import = 0

========================================================================
Received Import Request.
  Time since last request: 0.000025 seconds.
  path: Assets/Plugins/SimpleInput/Scripts/Core/SwipeGestureBase.cs
  importAddress: Guid(256e0728f7e166040a2cb2b659e0c303) Importer(2089858483,b0f066a214c2f5e87bad3c948f4d605d)
Start importing Assets/Plugins/SimpleInput/Scripts/Core/SwipeGestureBase.cs using Guid(256e0728f7e166040a2cb2b659e0c303) Importer(2089858483,b0f066a214c2f5e87bad3c948f4d605d) (ScriptedImporter) -> (Import Result ID: 'f0b27cc26ed5ac101c4789e384a2cb8c') in 0.0155085 seconds [static and dynamic dependencies]. Details - ImportResultOutputID=bfca8a285d5dd16bb85d34c0b6cc5fd2 DependenciesID=ebe11a1dc5e4ab8c43e0dad62fe4674d StaticDependenciesID=15085aa2f6d6b32076d6618b7c74e0f0 
Number of updated asset objects reloaded before import = 0Number of asset objects unloaded after import = 0

========================================================================
Received Import Request.
  Time since last request: 0.000027 seconds.
  path: Assets/DevConsole/Backend/Infrastructure/Services/Input/Interfaces/IInputService.cs
  importAddress: Guid(2d3e4752b9b142aeba51bd5832fa5436) Importer(2089858483,b0f066a214c2f5e87bad3c948f4d605d)
Start importing Assets/DevConsole/Backend/Infrastructure/Services/Input/Interfaces/IInputService.cs using Guid(2d3e4752b9b142aeba51bd5832fa5436) Importer(2089858483,b0f066a214c2f5e87bad3c948f4d605d) (ScriptedImporter) -> (Import Result ID: 'a55919fb5d544962e2e3c3218623f7c8') in 0.0137065 seconds [static and dynamic dependencies]. Details - ImportResultOutputID=d1490514768eb46894615c3f05f197ed DependenciesID=14fcd84f40caa3a502aa049fe49a312c StaticDependenciesID=ededd536bb35675d1d6427ff89e7680b 
Number of updated asset objects reloaded before import = 0Number of asset objects unloaded after import = 0

========================================================================
Received Import Request.
  Time since last request: 0.000018 seconds.
  path: Assets/Zenjex/Reflex/Injectors/Source-Generator/Reflex.Generator.Injector.deps.json
  importAddress: Guid(1676405438bf76f419a4aab5e65f34ae) Importer(2089858483,b0f066a214c2f5e87bad3c948f4d605d)
Start importing Assets/Zenjex/Reflex/Injectors/Source-Generator/Reflex.Generator.Injector.deps.json using Guid(1676405438bf76f419a4aab5e65f34ae) Importer(2089858483,b0f066a214c2f5e87bad3c948f4d605d) (ScriptedImporter) -> (Import Result ID: 'c6af57d1bfe5e9c42363f7dcf9e6d1c4') in 0.0148835 seconds [static and dynamic dependencies]. Details - ImportResultOutputID=9bd1a13215937d99bda04350e6ab5eea DependenciesID=63a11b152c74d3951c2bca6123c39606 StaticDependenciesID=9d1dd2fce628d4cf52a8076c2e28e5f6 
Number of updated asset objects reloaded before import = 0Number of asset objects unloaded after import = 1

========================================================================
Received Import Request.
  Time since last request: 0.000019 seconds.
  path: Assets/Zenjex/Reflex/Editor/DebuggingWindow/UnityScriptingDefineSymbols.cs
  importAddress: Guid(3d069e85ba2588d4e9afb7dc9183ef26) Importer(2089858483,b0f066a214c2f5e87bad3c948f4d605d)
Start importing Assets/Zenjex/Reflex/Editor/DebuggingWindow/UnityScriptingDefineSymbols.cs using Guid(3d069e85ba2588d4e9afb7dc9183ef26) Importer(2089858483,b0f066a214c2f5e87bad3c948f4d605d) (ScriptedImporter) -> (Import Result ID: '2471824ec25bec6ed5f54b45e468f2d3') in 0.0163553 seconds [static and dynamic dependencies]. Details - ImportResultOutputID=9b9c5e1cfe4f392c78719ea7cac88c79 DependenciesID=02c837ad7f8723a862dbe58b163351cb StaticDependenciesID=9862278384058f49ab09b127192a7644 
Number of updated asset objects reloaded before import = 0Number of asset objects unloaded after import = 0

========================================================================
Received Import Request.
  Time since last request: 0.000017 seconds.
  path: Assets/TextMesh Pro/Shaders/TMP_SDF-Surface-Mobile.shader
  importAddress: Guid(85187c2149c549c5b33f0cdb02836b17) Importer(2089858483,b0f066a214c2f5e87bad3c948f4d605d)
Start importing Assets/TextMesh Pro/Shaders/TMP_SDF-Surface-Mobile.shader using Guid(85187c2149c549c5b33f0cdb02836b17) Importer(2089858483,b0f066a214c2f5e87bad3c948f4d605d) (ScriptedImporter) -> (Import Result ID: '0ec189778f78488f4b7b1c3c9a18e162') in 0.0166414 seconds [static and dynamic dependencies]. Details - ImportResultOutputID=da282657b8f1bf243db178768952c5c2 DependenciesID=248168db15a96d3d5e50ec206ddaafc2 StaticDependenciesID=58c6b186186993a6af1eb808477416bb 
Number of updated asset objects reloaded before import = 0Number of asset objects unloaded after import = 1

========================================================================
Received Import Request.
  Time since last request: 0.000022 seconds.
  path: Assets/Zenjex/Reflex/Editor/DebuggingWindow/ReflexDebuggerWindow.cs
  importAddress: Guid(c3cf55b48c197bb40a09696dead1d7c2) Importer(2089858483,b0f066a214c2f5e87bad3c948f4d605d)
Start importing Assets/Zenjex/Reflex/Editor/DebuggingWindow/ReflexDebuggerWindow.cs using Guid(c3cf55b48c197bb40a09696dead1d7c2) Importer(2089858483,b0f066a214c2f5e87bad3c948f4d605d) (ScriptedImporter) -> (Import Result ID: '00e3b91404a9fb9229a7d80f23b318b5') in 0.0161056 seconds [static and dynamic dependencies]. Details - ImportResultOutputID=924421923b5d59c9c8981cbe5d152720 DependenciesID=7ee6570cb52b1587a226dfffabe17097 StaticDependenciesID=82d8a89e402d9365907440c14e6c070f 
Number of updated asset objects reloaded before import = 0Number of asset objects unloaded after import = 0

========================================================================
Received Import Request.
  Time since last request: 0.000025 seconds.
  path: Assets/Plugins/SimpleInput/Scripts/Core/ISimpleInputDraggable.cs
  importAddress: Guid(0383241056b2aad4fac1e24d353a52e3) Importer(2089858483,b0f066a214c2f5e87bad3c948f4d605d)
Start importing Assets/Plugins/SimpleInput/Scripts/Core/ISimpleInputDraggable.cs using Guid(0383241056b2aad4fac1e24d353a52e3) Importer(2089858483,b0f066a214c2f5e87bad3c948f4d605d) (ScriptedImporter) -> (Import Result ID: '09a9336637871bb14aec1790771490b9') in 0.0152035 seconds [static and dynamic dependencies]. Details - ImportResultOutputID=5ed8dd984ee8b882d88a0f1d740ebcad DependenciesID=ae9d04711aca508633b6ea80c7ba4930 StaticDependenciesID=19c6dffdd1200f6deaf17311c512e9fe 
Number of updated asset objects reloaded before import = 0Number of asset objects unloaded after import = 0

========================================================================
Received Import Request.
  Time since last request: 0.000017 seconds.
  path: Assets/Zenjex/Reflex/Reflex.asmdef
  importAddress: Guid(1530a967b84cfb44dbdd5e8a1989764f) Importer(2089858483,b0f066a214c2f5e87bad3c948f4d605d)
Start importing Assets/Zenjex/Reflex/Reflex.asmdef using Guid(1530a967b84cfb44dbdd5e8a1989764f) Importer(2089858483,b0f066a214c2f5e87bad3c948f4d605d) (ScriptedImporter) -> (Import Result ID: 'ce1b0c4014aff4f867347ad8b33da027') in 0.0174039 seconds [static and dynamic dependencies]. Details - ImportResultOutputID=958608169327b346186578e1528ac23b DependenciesID=46c1a87b1fc82ed3ce2fae3e3846e362 StaticDependenciesID=dc2df84259343d8ba3d3062d429146a0 
Number of updated asset objects reloaded before import = 0Number of asset objects unloaded after import = 1

========================================================================
Received Import Request.
  Time since last request: 0.000017 seconds.
  path: Assets/Resources/BuildConfig.asset
  importAddress: Guid(84b5b69bc6651454dbe3b72d6fb8f6cc) Importer(2089858483,b0f066a214c2f5e87bad3c948f4d605d)
Start importing Assets/Resources/BuildConfig.asset using Guid(84b5b69bc6651454dbe3b72d6fb8f6cc) Importer(2089858483,b0f066a214c2f5e87bad3c948f4d605d) (ScriptedImporter) -> (Import Result ID: '1141a4f1a23d666aedc02abb9ce07875') in 0.0205513 seconds [static and dynamic dependencies]. Details - ImportResultOutputID=a29da3e629ede641137b4a0086ee3aa0 DependenciesID=6198134aa039fde9e724efac4d5b712c StaticDependenciesID=16c94e1f2b1debba10d06c281cab82af 
Number of updated asset objects reloaded before import = 0Number of asset objects unloaded after import = 1

========================================================================
Received Import Request.
  Time since last request: 0.000020 seconds.
  path: Assets/Plugins/SimpleInput/Editor/KeyInputDrawer.cs
  importAddress: Guid(86d29f9c9e5e8484d9cb45830a3feab0) Importer(2089858483,b0f066a214c2f5e87bad3c948f4d605d)
Start importing Assets/Plugins/SimpleInput/Editor/KeyInputDrawer.cs using Guid(86d29f9c9e5e8484d9cb45830a3feab0) Importer(2089858483,b0f066a214c2f5e87bad3c948f4d605d) (ScriptedImporter) -> (Import Result ID: '8eba5cab30eff1bbc74e84f53aeb4eb6') in 0.0159945 seconds [static and dynamic dependencies]. Details - ImportResultOutputID=3e931514aebfc399cd844a9f5e4e47bf DependenciesID=7e298a380cb301a349fb5fc938cf773d StaticDependenciesID=34fa392a0d1805648f098b5aa5cf3ef7 
Number of updated asset objects reloaded before import = 0Number of asset objects unloaded after import = 0

========================================================================
Received Import Request.
  Time since last request: 0.000019 seconds.
  path: Assets/TextMesh Pro/Resources/TMP Settings.asset
  importAddress: Guid(3f5b5dff67a942289a9defa416b206f3) Importer(2089858483,b0f066a214c2f5e87bad3c948f4d605d)
Start importing Assets/TextMesh Pro/Resources/TMP Settings.asset using Guid(3f5b5dff67a942289a9defa416b206f3) Importer(2089858483,b0f066a214c2f5e87bad3c948f4d605d) (ScriptedImporter) -> (Import Result ID: 'b636e21905564809ff8c0c64959290af') in 0.0396885 seconds [static and dynamic dependencies]. Details - ImportResultOutputID=1a38380a9a52207d0b51a504d9faa5d7 DependenciesID=916a91fe0bfe0cce19f3ffce85d0a874 StaticDependenciesID=c8804b8a5531bf9630cbb1cba09eb58a 
Number of updated asset objects reloaded before import = 0Number of asset objects unloaded after import = 15

========================================================================
Received Import Request.
  Time since last request: 0.000036 seconds.
  path: Assets/Zenjex/Extensions/Zenjex.asmdef
  importAddress: Guid(6dd67465ef3455b4b846fd6c6d57f8bb) Importer(2089858483,b0f066a214c2f5e87bad3c948f4d605d)
Start importing Assets/Zenjex/Extensions/Zenjex.asmdef using Guid(6dd67465ef3455b4b846fd6c6d57f8bb) Importer(2089858483,b0f066a214c2f5e87bad3c948f4d605d) (ScriptedImporter) -> (Import Result ID: '5dcf4d973116a98ed6c79fb7ec843cb5') in 0.013216 seconds [static and dynamic dependencies]. Details - ImportResultOutputID=78ec8c3c6e7df746b97815bfeec0d8fa DependenciesID=8631c64e34924001fe65239aea8a5f2a StaticDependenciesID=6cecef2318e037c00183426bc6e74a9b 
Number of updated asset objects reloaded before import = 0Number of asset objects unloaded after import = 1

========================================================================
Received Import Request.
  Time since last request: 0.000025 seconds.
  path: Assets/Zenjex/Reflex/Core/ContainerScope.cs
  importAddress: Guid(5312032623c34414a54ea00e35a7eb8e) Importer(2089858483,b0f066a214c2f5e87bad3c948f4d605d)
Start importing Assets/Zenjex/Reflex/Core/ContainerScope.cs using Guid(5312032623c34414a54ea00e35a7eb8e) Importer(2089858483,b0f066a214c2f5e87bad3c948f4d605d) (ScriptedImporter) -> (Import Result ID: '5f9f5658d800b164c9e397f525b7c089') in 0.0158983 seconds [static and dynamic dependencies]. Details - ImportResultOutputID=5194ed75de6d5d472144577f669e63ea DependenciesID=c3351454c98b6f465abffc4aa672b562 StaticDependenciesID=848f3e15acd9bf5dd8b3e59ccd0d2bdf 
Number of updated asset objects reloaded before import = 0Number of asset objects unloaded after import = 0

========================================================================
Received Import Request.
  Time since last request: 0.000016 seconds.
  path: Assets/Zenjex/Reflex/Enums/Resolution.cs
  importAddress: Guid(8921ab0faa1c467699230d0be6e35ab0) Importer(2089858483,b0f066a214c2f5e87bad3c948f4d605d)
Start importing Assets/Zenjex/Reflex/Enums/Resolution.cs using Guid(8921ab0faa1c467699230d0be6e35ab0) Importer(2089858483,b0f066a214c2f5e87bad3c948f4d605d) (ScriptedImporter) -> (Import Result ID: '7bb6448f735c91c08750b298852178af') in 0.015718 seconds [static and dynamic dependencies]. Details - ImportResultOutputID=cb152a5f70a728b6546f057fed8a1a8c DependenciesID=469c22cb4532862bbe50edc03cc4a93a StaticDependenciesID=6ee7d610bc53121a9d97986c371870f3 
Number of updated asset objects reloaded before import = 0Number of asset objects unloaded after import = 0

========================================================================
Received Import Request.
  Time since last request: 0.000020 seconds.
  path: Assets/TextMesh Pro/Sprites/EmojiOne.png
  importAddress: Guid(dffef66376be4fa480fb02b19edbe903) Importer(2089858483,b0f066a214c2f5e87bad3c948f4d605d)
Start importing Assets/TextMesh Pro/Sprites/EmojiOne.png using Guid(dffef66376be4fa480fb02b19edbe903) Importer(2089858483,b0f066a214c2f5e87bad3c948f4d605d) (ScriptedImporter) -> (Import Result ID: '1cf4ecf3a812ecc29c06db40ec86f1ab') in 0.0502781 seconds [static and dynamic dependencies]. Details - ImportResultOutputID=c7ed7e0a549056412b1cb068fb90f28e DependenciesID=0aa98b69a533438c37dc0c2e57562e59 StaticDependenciesID=712d0021f4fff3d54e8324d26bcf68a1 
Number of updated asset objects reloaded before import = 0Number of asset objects unloaded after import = 1

========================================================================
Received Prepare
Begin MonoManager ReloadAssembly
[Licensing::Client] Successfully resolved entitlement details
Assembly Assembly-CSharp-Editor.dll at Library/ScriptAssemblies/Assembly-CSharp-Editor.dll not valid. Loading of assembly skipped.
Assembly Assembly-CSharp-firstpass.dll at Library/ScriptAssemblies/Assembly-CSharp-firstpass.dll not valid. Loading of assembly skipped.
Assembly Assembly-CSharp.dll at Library/ScriptAssemblies/Assembly-CSharp.dll not valid. Loading of assembly skipped.
Assembly DocCodeExamples.dll at Library/ScriptAssemblies/DocCodeExamples.dll not valid. Loading of assembly skipped.
Assembly TestNewCustomAssembly.dll at Library/ScriptAssemblies/TestNewCustomAssembly.dll not valid. Loading of assembly skipped.
Assembly Unity.Collections.BurstCompatibilityGen.dll at Library/ScriptAssemblies/Unity.Collections.BurstCompatibilityGen.dll not valid. Loading of assembly skipped.
Assembly Unity.Collections.DocCodeSamples.dll at Library/ScriptAssemblies/Unity.Collections.DocCodeSamples.dll not valid. Loading of assembly skipped.
Assembly Unity.Collections.PerformanceTests.dll at Library/ScriptAssemblies/Unity.Collections.PerformanceTests.dll not valid. Loading of assembly skipped.
Assembly Unity.Collections.Tests.dll at Library/ScriptAssemblies/Unity.Collections.Tests.dll not valid. Loading of assembly skipped.
Assembly Unity.Collections.Tests.Playmode.dll at Library/ScriptAssemblies/Unity.Collections.Tests.Playmode.dll not valid. Loading of assembly skipped.
Assembly Unity.InputSystem.IntegrationTests.dll at Library/ScriptAssemblies/Unity.InputSystem.IntegrationTests.dll not valid. Loading of assembly skipped.
Assembly Unity.Mathematics.Tests.dll at Library/ScriptAssemblies/Unity.Mathematics.Tests.dll not valid. Loading of assembly skipped.
Assembly Unity.Multiplayer.Center.Editor.Tests.dll at Library/ScriptAssemblies/Unity.Multiplayer.Center.Editor.Tests.dll not valid. Loading of assembly skipped.
Assembly Unity.Multiplayer.Center.Tests.dll at Library/ScriptAssemblies/Unity.Multiplayer.Center.Tests.dll not valid. Loading of assembly skipped.
Assembly Unity.Nuget.Mono-Cecil.dll at Library/ScriptAssemblies/Unity.Nuget.Mono-Cecil.dll not valid. Loading of assembly skipped.
Assembly Unity.PathTracing.Editor.Tests.dll at Library/ScriptAssemblies/Unity.PathTracing.Editor.Tests.dll not valid. Loading of assembly skipped.
Assembly Unity.PathTracing.Runtime.Tests.dll at Library/ScriptAssemblies/Unity.PathTracing.Runtime.Tests.dll not valid. Loading of assembly skipped.
Assembly Unity.RenderPipelines.Core.Editor.Tests.dll at Library/ScriptAssemblies/Unity.RenderPipelines.Core.Editor.Tests.dll not valid. Loading of assembly skipped.
Assembly Unity.RenderPipelines.Core.Runtime.Tests.dll at Library/ScriptAssemblies/Unity.RenderPipelines.Core.Runtime.Tests.dll not valid. Loading of assembly skipped.
Assembly Unity.RenderPipelines.Universal.Config.Editor.Tests.dll at Library/ScriptAssemblies/Unity.RenderPipelines.Universal.Config.Editor.Tests.dll not valid. Loading of assembly skipped.
Assembly Unity.RenderPipelines.Universal.Editor.Tests.dll at Library/ScriptAssemblies/Unity.RenderPipelines.Universal.Editor.Tests.dll not valid. Loading of assembly skipped.
Assembly Unity.RenderPipelines.Universal.Runtime.Tests.dll at Library/ScriptAssemblies/Unity.RenderPipelines.Universal.Runtime.Tests.dll not valid. Loading of assembly skipped.
Assembly Unity.Searcher.EditorTests.dll at Library/ScriptAssemblies/Unity.Searcher.EditorTests.dll not valid. Loading of assembly skipped.
Assembly Unity.ShaderGraph.Editor.Tests.dll at Library/ScriptAssemblies/Unity.ShaderGraph.Editor.Tests.dll not valid. Loading of assembly skipped.
Assembly Unity.TextMeshPro.Editor.Tests.dll at Library/ScriptAssemblies/Unity.TextMeshPro.Editor.Tests.dll not valid. Loading of assembly skipped.
Assembly Unity.TextMeshPro.Tests.dll at Library/ScriptAssemblies/Unity.TextMeshPro.Tests.dll not valid. Loading of assembly skipped.
Assembly Unity.UnifiedRayTracing.Editor.Tests.dll at Library/ScriptAssemblies/Unity.UnifiedRayTracing.Editor.Tests.dll not valid. Loading of assembly skipped.
Assembly UnityEditor.UI.Common.Tests.dll at Library/ScriptAssemblies/UnityEditor.UI.Common.Tests.dll not valid. Loading of assembly skipped.
Assembly UnityEditor.UI.EditorTests.dll at Library/ScriptAssemblies/UnityEditor.UI.EditorTests.dll not valid. Loading of assembly skipped.
Assembly UnityEngine.UI.Tests.dll at Library/ScriptAssemblies/UnityEngine.UI.Tests.dll not valid. Loading of assembly skipped.
Native extension for LinuxStandalone target not found
Native extension for AppleTV target not found
Native extension for iOS target not found
Native extension for Android target not found
Native extension for UWP target not found
Native extension for WindowsStandalone target not found
Failed to load: C:/Program Files/Unity/Hub/Editor/6000.4.0f1/Editor/Data/PlaybackEngines/VisionOSPlayer\x64\UnityEditor.VisionOS.Native.dll
Native extension for VisionOS target not found
Native extension for OSXStandalone target not found
Native extension for WebGL target not found
[Package Manager] Failed to launch server process. Reason: Unity was launched with the -noUpm command-line argument
[Package Manager] Unable to send message (not connected to server process).
[Package Manager] Cannot connect to Unity Package Manager local server
[Package Manager] Failed to launch server process. Reason: Unity was launched with the -noUpm command-line argument
[Package Manager] Unable to send message (not connected to server process).
[Package Manager] Cannot connect to Unity Package Manager local server
ScheduleIndexationOnStartup MainProcess:False IndexOnStartup:True
Mono: successfully reloaded assembly
- Finished resetting the current domain, in  0.831 seconds
Domain Reload Profiling: 1581ms
	BeginReloadAssembly (177ms)
		DisableScriptedObjects (6ms)
		CreateAndSetChildDomain (56ms)
	RebuildCommonClasses (34ms)
	RebuildNativeTypeToScriptingClass (12ms)
	initialDomainReloadingComplete (48ms)
	LoadAllAssembliesAndSetupDomain (479ms)
		LoadAssemblies (351ms)
		AnalyzeDomain (184ms)
			TypeCache.Refresh (9ms)
			BuildScriptInfoCaches (160ms)
			ResolveRequiredComponents (13ms)
	FinalizeReload (832ms)
		SetupLoadedEditorAssemblies (0ms)
			InitializePlatformSupportModulesInManaged (26ms)
			BeforeProcessingInitializeOnLoad (190ms)
			ProcessInitializeOnLoadAttributes (332ms)
			ProcessInitializeOnLoadMethodAttributes (84ms)
			AfterProcessingInitializeOnLoad (5ms)
		AwakeInstancesAfterBackupRestoration (19ms)
Unloading 24 Unused Serialized files (Serialized files now loaded: 0)
Unloading 6451 unused Assets / (4.8 MB). Loaded Objects now: 7320.
Memory consumption went from 171.2 MB to 166.3 MB.
Total: 8.101300 ms (FindLiveObjects: 1.026400 ms CreateObjectMapping: 0.357600 ms MarkObjects: 4.869600 ms  DeleteObjects: 1.846200 ms)

Prepare: number of updated asset objects reloaded= 0
Editor requested this worker to shutdown with reason: Scaling down because of idle timeout
AssetImportWorker is now disconnected from the server
Process exiting
Exiting without the bug reporter. Application will terminate with return code 0